04-Sep-2025 15:43:07.151 INFO [main] org.apache.catalina.startup.VersionLoggerListener.log Server version name:   Apache Tomcat/9.0.108
04-Sep-2025 15:43:07.158 INFO [main] org.apache.catalina.startup.VersionLoggerListener.log Server built:          Jul 31 2025 18:19:48 UTC
04-Sep-2025 15:43:07.158 INFO [main] org.apache.catalina.startup.VersionLoggerListener.log Server version number: 9.0.108.0
04-Sep-2025 15:43:07.159 INFO [main] org.apache.catalina.startup.VersionLoggerListener.log OS Name:               Linux
04-Sep-2025 15:43:07.159 INFO [main] org.apache.catalina.startup.VersionLoggerListener.log OS Version:            6.8.0-79-generic
04-Sep-2025 15:43:07.159 INFO [main] org.apache.catalina.startup.VersionLoggerListener.log Architecture:          amd64
04-Sep-2025 15:43:07.159 INFO [main] org.apache.catalina.startup.VersionLoggerListener.log Java Home:             /opt/java/openjdk
04-Sep-2025 15:43:07.160 INFO [main] org.apache.catalina.startup.VersionLoggerListener.log JVM Version:           11.0.28+6
04-Sep-2025 15:43:07.160 INFO [main] org.apache.catalina.startup.VersionLoggerListener.log JVM Vendor:            Eclipse Adoptium
04-Sep-2025 15:43:07.160 INFO [main] org.apache.catalina.startup.VersionLoggerListener.log CATALINA_BASE:         /usr/local/tomcat
04-Sep-2025 15:43:07.160 INFO [main] org.apache.catalina.startup.VersionLoggerListener.log CATALINA_HOME:         /usr/local/tomcat
04-Sep-2025 15:43:07.206 INFO [main] org.apache.catalina.startup.VersionLoggerListener.log Command line argument: --add-opens=java.base/java.lang=ALL-UNNAMED
04-Sep-2025 15:43:07.206 INFO [main] org.apache.catalina.startup.VersionLoggerListener.log Command line argument: --add-opens=java.base/java.lang.invoke=ALL-UNNAMED
04-Sep-2025 15:43:07.206 INFO [main] org.apache.catalina.startup.VersionLoggerListener.log Command line argument: --add-opens=java.base/java.lang.reflect=ALL-UNNAMED
04-Sep-2025 15:43:07.206 INFO [main] org.apache.catalina.startup.VersionLoggerListener.log Command line argument: --add-opens=java.base/java.io=ALL-UNNAMED
04-Sep-2025 15:43:07.207 INFO [main] org.apache.catalina.startup.VersionLoggerListener.log Command line argument: --add-opens=java.base/java.util=ALL-UNNAMED
04-Sep-2025 15:43:07.207 INFO [main] org.apache.catalina.startup.VersionLoggerListener.log Command line argument: --add-opens=java.base/java.util.concurrent=ALL-UNNAMED
04-Sep-2025 15:43:07.207 INFO [main] org.apache.catalina.startup.VersionLoggerListener.log Command line argument: --add-opens=java.rmi/sun.rmi.transport=ALL-UNNAMED
04-Sep-2025 15:43:07.207 INFO [main] org.apache.catalina.startup.VersionLoggerListener.log Command line argument: -Djava.util.logging.config.file=/usr/local/tomcat/conf/logging.properties
04-Sep-2025 15:43:07.208 INFO [main] org.apache.catalina.startup.VersionLoggerListener.log Command line argument: -Djava.util.logging.manager=org.apache.juli.ClassLoaderLogManager
04-Sep-2025 15:43:07.208 INFO [main] org.apache.catalina.startup.VersionLoggerListener.log Command line argument: -Xms1g
04-Sep-2025 15:43:07.208 INFO [main] org.apache.catalina.startup.VersionLoggerListener.log Command line argument: -Xmx2g
04-Sep-2025 15:43:07.209 INFO [main] org.apache.catalina.startup.VersionLoggerListener.log Command line argument: -Djava.net.preferIPv4Stack=true
04-Sep-2025 15:43:07.209 INFO [main] org.apache.catalina.startup.VersionLoggerListener.log Command line argument: -Drs.configdir=/config
04-Sep-2025 15:43:07.210 INFO [main] org.apache.catalina.startup.VersionLoggerListener.log Command line argument: -Drs.lucene.dir=/lucene_index
04-Sep-2025 15:43:07.210 INFO [main] org.apache.catalina.startup.VersionLoggerListener.log Command line argument: -Djdk.tls.ephemeralDHKeySize=2048
04-Sep-2025 15:43:07.210 INFO [main] org.apache.catalina.startup.VersionLoggerListener.log Command line argument: -Djava.protocol.handler.pkgs=org.apache.catalina.webresources
04-Sep-2025 15:43:07.210 INFO [main] org.apache.catalina.startup.VersionLoggerListener.log Command line argument: -Dsun.io.useCanonCaches=false
04-Sep-2025 15:43:07.210 INFO [main] org.apache.catalina.startup.VersionLoggerListener.log Command line argument: -Dorg.apache.catalina.security.SecurityListener.UMASK=0027
04-Sep-2025 15:43:07.211 INFO [main] org.apache.catalina.startup.VersionLoggerListener.log Command line argument: -Xms1g
04-Sep-2025 15:43:07.211 INFO [main] org.apache.catalina.startup.VersionLoggerListener.log Command line argument: -Xmx2g
04-Sep-2025 15:43:07.211 INFO [main] org.apache.catalina.startup.VersionLoggerListener.log Command line argument: -Djava.net.preferIPv4Stack=true
04-Sep-2025 15:43:07.211 INFO [main] org.apache.catalina.startup.VersionLoggerListener.log Command line argument: -Drs.configdir=/config
04-Sep-2025 15:43:07.211 INFO [main] org.apache.catalina.startup.VersionLoggerListener.log Command line argument: -Drs.lucene.dir=/lucene_index
04-Sep-2025 15:43:07.212 INFO [main] org.apache.catalina.startup.VersionLoggerListener.log Command line argument: -Dignore.endorsed.dirs=
04-Sep-2025 15:43:07.212 INFO [main] org.apache.catalina.startup.VersionLoggerListener.log Command line argument: -Dcatalina.base=/usr/local/tomcat
04-Sep-2025 15:43:07.212 INFO [main] org.apache.catalina.startup.VersionLoggerListener.log Command line argument: -Dcatalina.home=/usr/local/tomcat
04-Sep-2025 15:43:07.212 INFO [main] org.apache.catalina.startup.VersionLoggerListener.log Command line argument: -Djava.io.tmpdir=/usr/local/tomcat/temp
04-Sep-2025 15:43:07.231 INFO [main] org.apache.catalina.core.AprLifecycleListener.lifecycleEvent Loaded Apache Tomcat Native library [1.3.1] using APR version [1.7.2].
04-Sep-2025 15:43:07.231 INFO [main] org.apache.catalina.core.AprLifecycleListener.lifecycleEvent APR capabilities: IPv6 [true], sendfile [true], accept filters [false], random [true], UDS [true].
04-Sep-2025 15:43:07.231 INFO [main] org.apache.catalina.core.AprLifecycleListener.lifecycleEvent APR/OpenSSL configuration: useAprConnector [false], useOpenSSL [true]
04-Sep-2025 15:43:07.246 INFO [main] org.apache.catalina.core.AprLifecycleListener.initializeSSL OpenSSL successfully initialized [OpenSSL 3.0.13 30 Jan 2024]
04-Sep-2025 15:43:07.900 INFO [main] org.apache.coyote.AbstractProtocol.init Initializing ProtocolHandler ["http-nio-8080"]
04-Sep-2025 15:43:07.959 INFO [main] org.apache.catalina.startup.Catalina.load Server initialization in [1287] milliseconds
04-Sep-2025 15:43:08.099 INFO [main] org.apache.catalina.core.StandardService.startInternal Starting service [Catalina]
04-Sep-2025 15:43:08.100 INFO [main] org.apache.catalina.core.StandardEngine.startInternal Starting Servlet engine: [Apache Tomcat/9.0.108]
04-Sep-2025 15:43:08.124 INFO [main] org.apache.catalina.startup.HostConfig.deployDirectory Deploying web application directory [/usr/local/tomcat/webapps/reportserver]
04-Sep-2025 15:43:23.972 INFO [main] org.apache.jasper.servlet.TldScanner.scanJars At least one JAR was scanned for TLDs yet contained no TLDs. Enable debug logging for this logger for a complete list of JARs that were scanned but no TLDs were found in them. Skipping unneeded JARs during scanning can improve startup time and JSP compilation time.
04-Sep-2025 15:43:27.471 INFO [main] org.apache.catalina.startup.HostConfig.deployDirectory Deployment of web application directory [/usr/local/tomcat/webapps/reportserver] has finished in [19,345] ms
04-Sep-2025 15:43:27.479 INFO [main] org.apache.coyote.AbstractProtocol.start Starting ProtocolHandler ["http-nio-8080"]
04-Sep-2025 15:43:27.509 INFO [main] org.apache.catalina.startup.Catalina.start Server startup in [19549] milliseconds
04-Sep-2025 15:48:10.117 INFO [Thread-1] org.apache.coyote.AbstractProtocol.pause Pausing ProtocolHandler ["http-nio-8080"]
04-Sep-2025 15:48:10.127 INFO [Thread-1] org.apache.catalina.core.StandardService.stopInternal Stopping service [Catalina]
04-Sep-2025 15:48:10.178 INFO [Thread-1] org.apache.coyote.AbstractProtocol.stop Stopping ProtocolHandler ["http-nio-8080"]
04-Sep-2025 15:48:10.199 INFO [Thread-1] org.apache.coyote.AbstractProtocol.destroy Destroying ProtocolHandler ["http-nio-8080"]
04-Sep-2025 15:53:39.081 INFO [main] org.apache.catalina.startup.VersionLoggerListener.log Server version name:   Apache Tomcat/9.0.108
04-Sep-2025 15:53:39.086 INFO [main] org.apache.catalina.startup.VersionLoggerListener.log Server built:          Jul 31 2025 18:19:48 UTC
04-Sep-2025 15:53:39.087 INFO [main] org.apache.catalina.startup.VersionLoggerListener.log Server version number: 9.0.108.0
04-Sep-2025 15:53:39.087 INFO [main] org.apache.catalina.startup.VersionLoggerListener.log OS Name:               Linux
04-Sep-2025 15:53:39.087 INFO [main] org.apache.catalina.startup.VersionLoggerListener.log OS Version:            6.8.0-79-generic
04-Sep-2025 15:53:39.087 INFO [main] org.apache.catalina.startup.VersionLoggerListener.log Architecture:          amd64
04-Sep-2025 15:53:39.087 INFO [main] org.apache.catalina.startup.VersionLoggerListener.log Java Home:             /opt/java/openjdk
04-Sep-2025 15:53:39.088 INFO [main] org.apache.catalina.startup.VersionLoggerListener.log JVM Version:           11.0.28+6
04-Sep-2025 15:53:39.088 INFO [main] org.apache.catalina.startup.VersionLoggerListener.log JVM Vendor:            Eclipse Adoptium
04-Sep-2025 15:53:39.088 INFO [main] org.apache.catalina.startup.VersionLoggerListener.log CATALINA_BASE:         /usr/local/tomcat
04-Sep-2025 15:53:39.088 INFO [main] org.apache.catalina.startup.VersionLoggerListener.log CATALINA_HOME:         /usr/local/tomcat
04-Sep-2025 15:53:39.107 INFO [main] org.apache.catalina.startup.VersionLoggerListener.log Command line argument: --add-opens=java.base/java.lang=ALL-UNNAMED
04-Sep-2025 15:53:39.108 INFO [main] org.apache.catalina.startup.VersionLoggerListener.log Command line argument: --add-opens=java.base/java.lang.invoke=ALL-UNNAMED
04-Sep-2025 15:53:39.108 INFO [main] org.apache.catalina.startup.VersionLoggerListener.log Command line argument: --add-opens=java.base/java.lang.reflect=ALL-UNNAMED
04-Sep-2025 15:53:39.108 INFO [main] org.apache.catalina.startup.VersionLoggerListener.log Command line argument: --add-opens=java.base/java.io=ALL-UNNAMED
04-Sep-2025 15:53:39.109 INFO [main] org.apache.catalina.startup.VersionLoggerListener.log Command line argument: --add-opens=java.base/java.util=ALL-UNNAMED
04-Sep-2025 15:53:39.109 INFO [main] org.apache.catalina.startup.VersionLoggerListener.log Command line argument: --add-opens=java.base/java.util.concurrent=ALL-UNNAMED
04-Sep-2025 15:53:39.109 INFO [main] org.apache.catalina.startup.VersionLoggerListener.log Command line argument: --add-opens=java.rmi/sun.rmi.transport=ALL-UNNAMED
04-Sep-2025 15:53:39.109 INFO [main] org.apache.catalina.startup.VersionLoggerListener.log Command line argument: -Djava.util.logging.config.file=/usr/local/tomcat/conf/logging.properties
04-Sep-2025 15:53:39.109 INFO [main] org.apache.catalina.startup.VersionLoggerListener.log Command line argument: -Djava.util.logging.manager=org.apache.juli.ClassLoaderLogManager
04-Sep-2025 15:53:39.110 INFO [main] org.apache.catalina.startup.VersionLoggerListener.log Command line argument: -Xms1g
04-Sep-2025 15:53:39.110 INFO [main] org.apache.catalina.startup.VersionLoggerListener.log Command line argument: -Xmx2g
04-Sep-2025 15:53:39.110 INFO [main] org.apache.catalina.startup.VersionLoggerListener.log Command line argument: -Djava.net.preferIPv4Stack=true
04-Sep-2025 15:53:39.110 INFO [main] org.apache.catalina.startup.VersionLoggerListener.log Command line argument: -Drs.configdir=/config
04-Sep-2025 15:53:39.110 INFO [main] org.apache.catalina.startup.VersionLoggerListener.log Command line argument: -Drs.lucene.dir=/lucene_index
04-Sep-2025 15:53:39.111 INFO [main] org.apache.catalina.startup.VersionLoggerListener.log Command line argument: -Djdk.tls.ephemeralDHKeySize=2048
04-Sep-2025 15:53:39.111 INFO [main] org.apache.catalina.startup.VersionLoggerListener.log Command line argument: -Djava.protocol.handler.pkgs=org.apache.catalina.webresources
04-Sep-2025 15:53:39.111 INFO [main] org.apache.catalina.startup.VersionLoggerListener.log Command line argument: -Dsun.io.useCanonCaches=false
04-Sep-2025 15:53:39.111 INFO [main] org.apache.catalina.startup.VersionLoggerListener.log Command line argument: -Dorg.apache.catalina.security.SecurityListener.UMASK=0027
04-Sep-2025 15:53:39.111 INFO [main] org.apache.catalina.startup.VersionLoggerListener.log Command line argument: -Xms1g
04-Sep-2025 15:53:39.111 INFO [main] org.apache.catalina.startup.VersionLoggerListener.log Command line argument: -Xmx2g
04-Sep-2025 15:53:39.112 INFO [main] org.apache.catalina.startup.VersionLoggerListener.log Command line argument: -Djava.net.preferIPv4Stack=true
04-Sep-2025 15:53:39.112 INFO [main] org.apache.catalina.startup.VersionLoggerListener.log Command line argument: -Drs.configdir=/config
04-Sep-2025 15:53:39.112 INFO [main] org.apache.catalina.startup.VersionLoggerListener.log Command line argument: -Drs.lucene.dir=/lucene_index
04-Sep-2025 15:53:39.112 INFO [main] org.apache.catalina.startup.VersionLoggerListener.log Command line argument: -Dignore.endorsed.dirs=
04-Sep-2025 15:53:39.113 INFO [main] org.apache.catalina.startup.VersionLoggerListener.log Command line argument: -Dcatalina.base=/usr/local/tomcat
04-Sep-2025 15:53:39.113 INFO [main] org.apache.catalina.startup.VersionLoggerListener.log Command line argument: -Dcatalina.home=/usr/local/tomcat
04-Sep-2025 15:53:39.113 INFO [main] org.apache.catalina.startup.VersionLoggerListener.log Command line argument: -Djava.io.tmpdir=/usr/local/tomcat/temp
04-Sep-2025 15:53:39.121 INFO [main] org.apache.catalina.core.AprLifecycleListener.lifecycleEvent Loaded Apache Tomcat Native library [1.3.1] using APR version [1.7.2].
04-Sep-2025 15:53:39.122 INFO [main] org.apache.catalina.core.AprLifecycleListener.lifecycleEvent APR capabilities: IPv6 [true], sendfile [true], accept filters [false], random [true], UDS [true].
04-Sep-2025 15:53:39.122 INFO [main] org.apache.catalina.core.AprLifecycleListener.lifecycleEvent APR/OpenSSL configuration: useAprConnector [false], useOpenSSL [true]
04-Sep-2025 15:53:39.129 INFO [main] org.apache.catalina.core.AprLifecycleListener.initializeSSL OpenSSL successfully initialized [OpenSSL 3.0.13 30 Jan 2024]
04-Sep-2025 15:53:39.602 INFO [main] org.apache.coyote.AbstractProtocol.init Initializing ProtocolHandler ["http-nio-8080"]
04-Sep-2025 15:53:39.646 INFO [main] org.apache.catalina.startup.Catalina.load Server initialization in [855] milliseconds
04-Sep-2025 15:53:39.736 INFO [main] org.apache.catalina.core.StandardService.startInternal Starting service [Catalina]
04-Sep-2025 15:53:39.736 INFO [main] org.apache.catalina.core.StandardEngine.startInternal Starting Servlet engine: [Apache Tomcat/9.0.108]
04-Sep-2025 15:53:39.747 INFO [main] org.apache.catalina.startup.HostConfig.deployDirectory Deploying web application directory [/usr/local/tomcat/webapps/reportserver]
04-Sep-2025 15:53:53.120 INFO [main] org.apache.jasper.servlet.TldScanner.scanJars At least one JAR was scanned for TLDs yet contained no TLDs. Enable debug logging for this logger for a complete list of JARs that were scanned but no TLDs were found in them. Skipping unneeded JARs during scanning can improve startup time and JSP compilation time.
04-Sep-2025 15:53:55.600 INFO [main] org.apache.catalina.startup.HostConfig.deployDirectory Deployment of web application directory [/usr/local/tomcat/webapps/reportserver] has finished in [15,852] ms
04-Sep-2025 15:53:55.607 INFO [main] org.apache.coyote.AbstractProtocol.start Starting ProtocolHandler ["http-nio-8080"]
04-Sep-2025 15:53:55.624 INFO [main] org.apache.catalina.startup.Catalina.start Server startup in [15978] milliseconds
04-Sep-2025 15:59:02.441 INFO [Thread-1] org.apache.coyote.AbstractProtocol.pause Pausing ProtocolHandler ["http-nio-8080"]
04-Sep-2025 15:59:02.457 INFO [Thread-1] org.apache.catalina.core.StandardService.stopInternal Stopping service [Catalina]
04-Sep-2025 15:59:02.603 INFO [Thread-1] org.apache.coyote.AbstractProtocol.stop Stopping ProtocolHandler ["http-nio-8080"]
04-Sep-2025 15:59:02.635 INFO [Thread-1] org.apache.coyote.AbstractProtocol.destroy Destroying ProtocolHandler ["http-nio-8080"]
04-Sep-2025 18:08:20.949 INFO [main] org.apache.catalina.startup.VersionLoggerListener.log Server version name:   Apache Tomcat/9.0.108
04-Sep-2025 18:08:20.954 INFO [main] org.apache.catalina.startup.VersionLoggerListener.log Server built:          Jul 31 2025 18:19:48 UTC
04-Sep-2025 18:08:20.955 INFO [main] org.apache.catalina.startup.VersionLoggerListener.log Server version number: 9.0.108.0
04-Sep-2025 18:08:20.955 INFO [main] org.apache.catalina.startup.VersionLoggerListener.log OS Name:               Linux
04-Sep-2025 18:08:20.955 INFO [main] org.apache.catalina.startup.VersionLoggerListener.log OS Version:            6.8.0-79-generic
04-Sep-2025 18:08:20.955 INFO [main] org.apache.catalina.startup.VersionLoggerListener.log Architecture:          amd64
04-Sep-2025 18:08:20.956 INFO [main] org.apache.catalina.startup.VersionLoggerListener.log Java Home:             /opt/java/openjdk
04-Sep-2025 18:08:20.956 INFO [main] org.apache.catalina.startup.VersionLoggerListener.log JVM Version:           11.0.28+6
04-Sep-2025 18:08:20.957 INFO [main] org.apache.catalina.startup.VersionLoggerListener.log JVM Vendor:            Eclipse Adoptium
04-Sep-2025 18:08:20.957 INFO [main] org.apache.catalina.startup.VersionLoggerListener.log CATALINA_BASE:         /usr/local/tomcat
04-Sep-2025 18:08:20.958 INFO [main] org.apache.catalina.startup.VersionLoggerListener.log CATALINA_HOME:         /usr/local/tomcat
04-Sep-2025 18:08:20.987 INFO [main] org.apache.catalina.startup.VersionLoggerListener.log Command line argument: --add-opens=java.base/java.lang=ALL-UNNAMED
04-Sep-2025 18:08:20.987 INFO [main] org.apache.catalina.startup.VersionLoggerListener.log Command line argument: --add-opens=java.base/java.lang.invoke=ALL-UNNAMED
04-Sep-2025 18:08:20.989 INFO [main] org.apache.catalina.startup.VersionLoggerListener.log Command line argument: --add-opens=java.base/java.lang.reflect=ALL-UNNAMED
04-Sep-2025 18:08:20.990 INFO [main] org.apache.catalina.startup.VersionLoggerListener.log Command line argument: --add-opens=java.base/java.io=ALL-UNNAMED
04-Sep-2025 18:08:20.990 INFO [main] org.apache.catalina.startup.VersionLoggerListener.log Command line argument: --add-opens=java.base/java.util=ALL-UNNAMED
04-Sep-2025 18:08:20.991 INFO [main] org.apache.catalina.startup.VersionLoggerListener.log Command line argument: --add-opens=java.base/java.util.concurrent=ALL-UNNAMED
04-Sep-2025 18:08:20.991 INFO [main] org.apache.catalina.startup.VersionLoggerListener.log Command line argument: --add-opens=java.rmi/sun.rmi.transport=ALL-UNNAMED
04-Sep-2025 18:08:20.991 INFO [main] org.apache.catalina.startup.VersionLoggerListener.log Command line argument: -Djava.util.logging.config.file=/usr/local/tomcat/conf/logging.properties
04-Sep-2025 18:08:20.992 INFO [main] org.apache.catalina.startup.VersionLoggerListener.log Command line argument: -Djava.util.logging.manager=org.apache.juli.ClassLoaderLogManager
04-Sep-2025 18:08:20.992 INFO [main] org.apache.catalina.startup.VersionLoggerListener.log Command line argument: -Xms1g
04-Sep-2025 18:08:20.992 INFO [main] org.apache.catalina.startup.VersionLoggerListener.log Command line argument: -Xmx2g
04-Sep-2025 18:08:20.993 INFO [main] org.apache.catalina.startup.VersionLoggerListener.log Command line argument: -Djava.net.preferIPv4Stack=true
04-Sep-2025 18:08:20.993 INFO [main] org.apache.catalina.startup.VersionLoggerListener.log Command line argument: -Drs.configdir=/config
04-Sep-2025 18:08:20.993 INFO [main] org.apache.catalina.startup.VersionLoggerListener.log Command line argument: -Drs.lucene.dir=/lucene_index
04-Sep-2025 18:08:20.994 INFO [main] org.apache.catalina.startup.VersionLoggerListener.log Command line argument: -Duser.timezone=Europe/Belgrade
04-Sep-2025 18:08:20.994 INFO [main] org.apache.catalina.startup.VersionLoggerListener.log Command line argument: -Djdk.tls.ephemeralDHKeySize=2048
04-Sep-2025 18:08:20.994 INFO [main] org.apache.catalina.startup.VersionLoggerListener.log Command line argument: -Djava.protocol.handler.pkgs=org.apache.catalina.webresources
04-Sep-2025 18:08:20.994 INFO [main] org.apache.catalina.startup.VersionLoggerListener.log Command line argument: -Dsun.io.useCanonCaches=false
04-Sep-2025 18:08:20.994 INFO [main] org.apache.catalina.startup.VersionLoggerListener.log Command line argument: -Dorg.apache.catalina.security.SecurityListener.UMASK=0027
04-Sep-2025 18:08:20.995 INFO [main] org.apache.catalina.startup.VersionLoggerListener.log Command line argument: -Xms1g
04-Sep-2025 18:08:20.995 INFO [main] org.apache.catalina.startup.VersionLoggerListener.log Command line argument: -Xmx2g
04-Sep-2025 18:08:20.995 INFO [main] org.apache.catalina.startup.VersionLoggerListener.log Command line argument: -Djava.net.preferIPv4Stack=true
04-Sep-2025 18:08:20.995 INFO [main] org.apache.catalina.startup.VersionLoggerListener.log Command line argument: -Drs.configdir=/config
04-Sep-2025 18:08:20.995 INFO [main] org.apache.catalina.startup.VersionLoggerListener.log Command line argument: -Drs.lucene.dir=/lucene_index
04-Sep-2025 18:08:20.995 INFO [main] org.apache.catalina.startup.VersionLoggerListener.log Command line argument: -Dignore.endorsed.dirs=
04-Sep-2025 18:08:20.996 INFO [main] org.apache.catalina.startup.VersionLoggerListener.log Command line argument: -Dcatalina.base=/usr/local/tomcat
04-Sep-2025 18:08:20.996 INFO [main] org.apache.catalina.startup.VersionLoggerListener.log Command line argument: -Dcatalina.home=/usr/local/tomcat
04-Sep-2025 18:08:20.996 INFO [main] org.apache.catalina.startup.VersionLoggerListener.log Command line argument: -Djava.io.tmpdir=/usr/local/tomcat/temp
04-Sep-2025 18:08:21.006 INFO [main] org.apache.catalina.core.AprLifecycleListener.lifecycleEvent Loaded Apache Tomcat Native library [1.3.1] using APR version [1.7.2].
04-Sep-2025 18:08:21.006 INFO [main] org.apache.catalina.core.AprLifecycleListener.lifecycleEvent APR capabilities: IPv6 [true], sendfile [true], accept filters [false], random [true], UDS [true].
04-Sep-2025 18:08:21.006 INFO [main] org.apache.catalina.core.AprLifecycleListener.lifecycleEvent APR/OpenSSL configuration: useAprConnector [false], useOpenSSL [true]
04-Sep-2025 18:08:21.013 INFO [main] org.apache.catalina.core.AprLifecycleListener.initializeSSL OpenSSL successfully initialized [OpenSSL 3.0.13 30 Jan 2024]
04-Sep-2025 18:08:21.511 INFO [main] org.apache.coyote.AbstractProtocol.init Initializing ProtocolHandler ["http-nio-8080"]
04-Sep-2025 18:08:21.547 INFO [main] org.apache.catalina.startup.Catalina.load Server initialization in [959] milliseconds
04-Sep-2025 18:08:21.638 INFO [main] org.apache.catalina.core.StandardService.startInternal Starting service [Catalina]
04-Sep-2025 18:08:21.639 INFO [main] org.apache.catalina.core.StandardEngine.startInternal Starting Servlet engine: [Apache Tomcat/9.0.108]
04-Sep-2025 18:08:21.668 INFO [main] org.apache.catalina.startup.HostConfig.deployDirectory Deploying web application directory [/usr/local/tomcat/webapps/reportserver]
04-Sep-2025 18:08:36.231 INFO [main] org.apache.jasper.servlet.TldScanner.scanJars At least one JAR was scanned for TLDs yet contained no TLDs. Enable debug logging for this logger for a complete list of JARs that were scanned but no TLDs were found in them. Skipping unneeded JARs during scanning can improve startup time and JSP compilation time.
04-Sep-2025 18:08:45.622 INFO [main] org.apache.catalina.startup.HostConfig.deployDirectory Deployment of web application directory [/usr/local/tomcat/webapps/reportserver] has finished in [23,954] ms
04-Sep-2025 18:08:45.631 INFO [main] org.apache.coyote.AbstractProtocol.start Starting ProtocolHandler ["http-nio-8080"]
04-Sep-2025 18:08:45.651 INFO [main] org.apache.catalina.startup.Catalina.start Server startup in [24102] milliseconds
04-Sep-2025 18:11:21.580 INFO [Thread-9] org.apache.coyote.AbstractProtocol.pause Pausing ProtocolHandler ["http-nio-8080"]
04-Sep-2025 18:11:21.589 INFO [Thread-9] org.apache.catalina.core.StandardService.stopInternal Stopping service [Catalina]
04-Sep-2025 18:11:21.616 WARNING [Thread-9] org.apache.catalina.loader.WebappClassLoaderBase.clearReferencesJdbc The web application [reportserver] registered the JDBC driver [org.postgresql.Driver] but failed to unregister it when the web application was stopped. To prevent a memory leak, the JDBC Driver has been forcibly unregistered.
04-Sep-2025 18:11:21.618 WARNING [Thread-9] org.apache.catalina.loader.WebappClassLoaderBase.clearReferencesThreads The web application [reportserver] appears to have started a thread named [C3P0PooledConnectionPoolManager[identityToken->1bqrg1wbd5ymowx1qvf282|3bbf7c26]-AdminTaskTimer] but has failed to stop it. This is very likely to create a memory leak. Stack trace of thread:
 java.base@11.0.28/java.lang.Object.wait(Native Method)
 java.base@11.0.28/java.util.TimerThread.mainLoop(Timer.java:553)
 java.base@11.0.28/java.util.TimerThread.run(Timer.java:506)
04-Sep-2025 18:11:21.619 WARNING [Thread-9] org.apache.catalina.loader.WebappClassLoaderBase.clearReferencesThreads The web application [reportserver] appears to have started a thread named [C3P0PooledConnectionPoolManager[identityToken->1bqrg1wbd5ymowx1qvf282|3bbf7c26]-HelperThread-#0] but has failed to stop it. This is very likely to create a memory leak. Stack trace of thread:
 java.base@11.0.28/java.lang.Object.wait(Native Method)
 com.mchange.v2.async.ThreadPoolAsynchronousRunner$PoolThread.run(ThreadPoolAsynchronousRunner.java:683)
04-Sep-2025 18:11:21.621 WARNING [Thread-9] org.apache.catalina.loader.WebappClassLoaderBase.clearReferencesThreads The web application [reportserver] appears to have started a thread named [C3P0PooledConnectionPoolManager[identityToken->1bqrg1wbd5ymowx1qvf282|3bbf7c26]-HelperThread-#1] but has failed to stop it. This is very likely to create a memory leak. Stack trace of thread:
 java.base@11.0.28/java.lang.Object.wait(Native Method)
 com.mchange.v2.async.ThreadPoolAsynchronousRunner$PoolThread.run(ThreadPoolAsynchronousRunner.java:683)
04-Sep-2025 18:11:21.622 WARNING [Thread-9] org.apache.catalina.loader.WebappClassLoaderBase.clearReferencesThreads The web application [reportserver] appears to have started a thread named [C3P0PooledConnectionPoolManager[identityToken->1bqrg1wbd5ymowx1qvf282|3bbf7c26]-HelperThread-#2] but has failed to stop it. This is very likely to create a memory leak. Stack trace of thread:
 java.base@11.0.28/java.lang.Object.wait(Native Method)
 com.mchange.v2.async.ThreadPoolAsynchronousRunner$PoolThread.run(ThreadPoolAsynchronousRunner.java:683)
04-Sep-2025 18:11:21.642 INFO [Thread-9] org.apache.coyote.AbstractProtocol.stop Stopping ProtocolHandler ["http-nio-8080"]
04-Sep-2025 18:11:21.662 INFO [Thread-9] org.apache.coyote.AbstractProtocol.destroy Destroying ProtocolHandler ["http-nio-8080"]
