06-Sep-2025 00:38:49.213 INFO [http-nio-8080-exec-6] org.apache.coyote.http11.Http11Processor.service Error parsing HTTP request header
 Note: further occurrences of HTTP request parsing errors will be logged at DEBUG level.
	java.lang.IllegalArgumentException: Invalid character found in method name [0x040x010x00P0xd0_p0x010x00...]. HTTP method names must be tokens
		at org.apache.coyote.http11.Http11InputBuffer.parseRequestLine(Http11InputBuffer.java:404)
		at org.apache.coyote.http11.Http11Processor.service(Http11Processor.java:270)
		at org.apache.coyote.AbstractProcessorLight.process(AbstractProcessorLight.java:63)
		at org.apache.coyote.AbstractProtocol$ConnectionHandler.process(AbstractProtocol.java:935)
		at org.apache.tomcat.util.net.NioEndpoint$SocketProcessor.doRun(NioEndpoint.java:1826)
		at org.apache.tomcat.util.net.SocketProcessorBase.run(SocketProcessorBase.java:52)
		at org.apache.tomcat.util.threads.ThreadPoolExecutor.runWorker(ThreadPoolExecutor.java:1189)
		at org.apache.tomcat.util.threads.ThreadPoolExecutor$Worker.run(ThreadPoolExecutor.java:658)
		at org.apache.tomcat.util.threads.TaskThread$WrappingRunnable.run(TaskThread.java:63)
		at java.base/java.lang.Thread.run(Thread.java:829)
06-Sep-2025 09:12:03.458 INFO [Thread-21] org.apache.coyote.AbstractProtocol.pause Pausing ProtocolHandler ["http-nio-8080"]
06-Sep-2025 09:12:03.477 INFO [Thread-21] org.apache.catalina.core.StandardService.stopInternal Stopping service [Catalina]
06-Sep-2025 09:12:04.706 WARNING [Thread-21] org.apache.catalina.loader.WebappClassLoaderBase.clearReferencesJdbc The web application [reportserver] registered the JDBC driver [org.postgresql.Driver] but failed to unregister it when the web application was stopped. To prevent a memory leak, the JDBC Driver has been forcibly unregistered.
06-Sep-2025 09:12:04.718 WARNING [Thread-21] org.apache.catalina.loader.WebappClassLoaderBase.clearReferencesJdbc The web application [reportserver] registered the JDBC driver [org.h2.Driver] but failed to unregister it when the web application was stopped. To prevent a memory leak, the JDBC Driver has been forcibly unregistered.
06-Sep-2025 09:12:04.718 WARNING [Thread-21] org.apache.catalina.loader.WebappClassLoaderBase.clearReferencesJdbc The web application [reportserver] registered the JDBC driver [org.hsqldb.jdbc.JDBCDriver] but failed to unregister it when the web application was stopped. To prevent a memory leak, the JDBC Driver has been forcibly unregistered.
06-Sep-2025 09:12:04.718 WARNING [Thread-21] org.apache.catalina.loader.WebappClassLoaderBase.clearReferencesJdbc The web application [reportserver] registered the JDBC driver [org.mariadb.jdbc.Driver] but failed to unregister it when the web application was stopped. To prevent a memory leak, the JDBC Driver has been forcibly unregistered.
06-Sep-2025 09:12:04.719 WARNING [Thread-21] org.apache.catalina.loader.WebappClassLoaderBase.clearReferencesJdbc The web application [reportserver] registered the JDBC driver [com.mysql.cj.jdbc.Driver] but failed to unregister it when the web application was stopped. To prevent a memory leak, the JDBC Driver has been forcibly unregistered.
06-Sep-2025 09:12:04.719 WARNING [Thread-21] org.apache.catalina.loader.WebappClassLoaderBase.clearReferencesJdbc The web application [reportserver] registered the JDBC driver [org.sqlite.JDBC] but failed to unregister it when the web application was stopped. To prevent a memory leak, the JDBC Driver has been forcibly unregistered.
06-Sep-2025 09:12:04.792 WARNING [Thread-21] org.apache.catalina.loader.WebappClassLoaderBase.clearReferencesThreads The web application [reportserver] appears to have started a thread named [C3P0PooledConnectionPoolManager[identityToken->1bqrg1vbd7ijpvk1g9s4or|522d7e3b]-AdminTaskTimer] but has failed to stop it. This is very likely to create a memory leak. Stack trace of thread:
 java.base@11.0.28/java.lang.Object.wait(Native Method)
 java.base@11.0.28/java.util.TimerThread.mainLoop(Timer.java:553)
 java.base@11.0.28/java.util.TimerThread.run(Timer.java:506)
06-Sep-2025 09:12:04.797 WARNING [Thread-21] org.apache.catalina.loader.WebappClassLoaderBase.clearReferencesThreads The web application [reportserver] appears to have started a thread named [C3P0PooledConnectionPoolManager[identityToken->1bqrg1vbd7ijpvk1g9s4or|522d7e3b]-HelperThread-#0] but has failed to stop it. This is very likely to create a memory leak. Stack trace of thread:
 java.base@11.0.28/java.lang.Object.wait(Native Method)
 com.mchange.v2.async.ThreadPoolAsynchronousRunner$PoolThread.run(ThreadPoolAsynchronousRunner.java:683)
06-Sep-2025 09:12:04.812 WARNING [Thread-21] org.apache.catalina.loader.WebappClassLoaderBase.clearReferencesThreads The web application [reportserver] appears to have started a thread named [C3P0PooledConnectionPoolManager[identityToken->1bqrg1vbd7ijpvk1g9s4or|522d7e3b]-HelperThread-#1] but has failed to stop it. This is very likely to create a memory leak. Stack trace of thread:
 java.base@11.0.28/java.lang.Object.wait(Native Method)
 com.mchange.v2.async.ThreadPoolAsynchronousRunner$PoolThread.run(ThreadPoolAsynchronousRunner.java:683)
06-Sep-2025 09:12:04.826 WARNING [Thread-21] org.apache.catalina.loader.WebappClassLoaderBase.clearReferencesThreads The web application [reportserver] appears to have started a thread named [C3P0PooledConnectionPoolManager[identityToken->1bqrg1vbd7ijpvk1g9s4or|522d7e3b]-HelperThread-#2] but has failed to stop it. This is very likely to create a memory leak. Stack trace of thread:
 java.base@11.0.28/java.lang.Object.wait(Native Method)
 com.mchange.v2.async.ThreadPoolAsynchronousRunner$PoolThread.run(ThreadPoolAsynchronousRunner.java:683)
06-Sep-2025 09:12:04.845 WARNING [Thread-21] org.apache.catalina.loader.WebappClassLoaderBase.clearReferencesThreads The web application [reportserver] appears to have started a thread named [dwdaemon-JpaEventLoggerServiceImpl-1] but has failed to stop it. This is very likely to create a memory leak. Stack trace of thread:
 java.base@11.0.28/java.lang.Thread.sleep(Native Method)
 net.datenwerke.rs.utils.daemon.DwDaemonImpl.run(DwDaemonImpl.java:52)
 java.base@11.0.28/java.lang.Thread.run(Thread.java:829)
06-Sep-2025 09:12:04.861 WARNING [Thread-21] org.apache.catalina.loader.WebappClassLoaderBase.clearReferencesThreads The web application [reportserver] appears to have started a thread named [dwdaemon-watchdog-JpaEventLoggerServiceImpl] but has failed to stop it. This is very likely to create a memory leak. Stack trace of thread:
 java.base@11.0.28/java.lang.Thread.sleep(Native Method)
 net.datenwerke.rs.utils.daemon.DwDaemonWatchdog.run(DwDaemonWatchdog.java:30)
 java.base@11.0.28/java.lang.Thread.run(Thread.java:829)
06-Sep-2025 09:12:04.926 WARNING [Thread-21] org.apache.catalina.loader.WebappClassLoaderBase.clearReferencesThreads The web application [reportserver] appears to have started a thread named [Thread-20] but has failed to stop it. This is very likely to create a memory leak. Stack trace of thread:
 java.base@11.0.28/sun.nio.ch.EPoll.wait(Native Method)
 java.base@11.0.28/sun.nio.ch.EPollPort$EventHandlerTask.poll(EPollPort.java:200)
 java.base@11.0.28/sun.nio.ch.EPollPort$EventHandlerTask.run(EPollPort.java:281)
 java.base@11.0.28/java.lang.Thread.run(Thread.java:829)
06-Sep-2025 09:12:04.942 WARNING [Thread-21] org.apache.catalina.loader.WebappClassLoaderBase.clearReferencesThreads The web application [reportserver] appears to have started a thread named [sshd-SshServer[128f0e5d](port=8022)-timer-thread-1] but has failed to stop it. This is very likely to create a memory leak. Stack trace of thread:
 java.base@11.0.28/jdk.internal.misc.Unsafe.park(Native Method)
 java.base@11.0.28/java.util.concurrent.locks.LockSupport.parkNanos(LockSupport.java:234)
 java.base@11.0.28/java.util.concurrent.locks.AbstractQueuedSynchronizer$ConditionObject.awaitNanos(AbstractQueuedSynchronizer.java:2123)
 java.base@11.0.28/java.util.concurrent.ScheduledThreadPoolExecutor$DelayedWorkQueue.take(ScheduledThreadPoolExecutor.java:1182)
 java.base@11.0.28/java.util.concurrent.ScheduledThreadPoolExecutor$DelayedWorkQueue.take(ScheduledThreadPoolExecutor.java:899)
 java.base@11.0.28/java.util.concurrent.ThreadPoolExecutor.getTask(ThreadPoolExecutor.java:1054)
 java.base@11.0.28/java.util.concurrent.ThreadPoolExecutor.runWorker(ThreadPoolExecutor.java:1114)
 java.base@11.0.28/java.util.concurrent.ThreadPoolExecutor$Worker.run(ThreadPoolExecutor.java:628)
 java.base@11.0.28/java.lang.Thread.run(Thread.java:829)
06-Sep-2025 09:12:04.945 WARNING [Thread-21] org.apache.catalina.loader.WebappClassLoaderBase.clearReferencesThreads The web application [reportserver] appears to have started a thread named [dwdaemon-MaintenanceServiceImpl-1] but has failed to stop it. This is very likely to create a memory leak. Stack trace of thread:
 java.base@11.0.28/java.lang.Thread.sleep(Native Method)
 net.datenwerke.rs.utils.daemon.DwDaemonImpl.run(DwDaemonImpl.java:52)
 java.base@11.0.28/java.lang.Thread.run(Thread.java:829)
06-Sep-2025 09:12:04.949 WARNING [Thread-21] org.apache.catalina.loader.WebappClassLoaderBase.clearReferencesThreads The web application [reportserver] appears to have started a thread named [dwdaemon-watchdog-MaintenanceServiceImpl] but has failed to stop it. This is very likely to create a memory leak. Stack trace of thread:
 java.base@11.0.28/java.lang.Thread.sleep(Native Method)
 net.datenwerke.rs.utils.daemon.DwDaemonWatchdog.run(DwDaemonWatchdog.java:30)
 java.base@11.0.28/java.lang.Thread.run(Thread.java:829)
06-Sep-2025 09:12:04.957 WARNING [Thread-21] org.apache.catalina.loader.WebappClassLoaderBase.clearReferencesThreads The web application [reportserver] appears to have started a thread named [scheduler-watchdog] but has failed to stop it. This is very likely to create a memory leak. Stack trace of thread:
 java.base@11.0.28/java.lang.Thread.sleep(Native Method)
 net.datenwerke.scheduler.service.scheduler.SchedulerWatchdog.run(SchedulerWatchdog.java:32)
 java.base@11.0.28/java.lang.Thread.run(Thread.java:829)
06-Sep-2025 09:12:04.966 WARNING [Thread-21] org.apache.catalina.loader.WebappClassLoaderBase.clearReferencesThreads The web application [reportserver] appears to have started a thread named [mysql-cj-abandoned-connection-cleanup] but has failed to stop it. This is very likely to create a memory leak. Stack trace of thread:
 java.base@11.0.28/java.lang.Object.wait(Native Method)
 java.base@11.0.28/java.lang.ref.ReferenceQueue.remove(ReferenceQueue.java:155)
 com.mysql.cj.jdbc.AbandonedConnectionCleanupThread.run(AbandonedConnectionCleanupThread.java:84)
 java.base@11.0.28/java.util.concurrent.ThreadPoolExecutor.runWorker(ThreadPoolExecutor.java:1128)
 java.base@11.0.28/java.util.concurrent.ThreadPoolExecutor$Worker.run(ThreadPoolExecutor.java:628)
 java.base@11.0.28/java.lang.Thread.run(Thread.java:829)
06-Sep-2025 09:12:05.054 SEVERE [Thread-21] org.apache.catalina.loader.WebappClassLoaderBase.checkThreadLocalMapForLeaks The web application [reportserver] created a ThreadLocal with key of type [java.lang.ThreadLocal] (value [java.lang.ThreadLocal@5cf05fd5]) and a value of type [org.apache.commons.collections4.map.ReferenceMap] (value [{ParallelWebappClassLoader
  context: reportserver
  delegate: false
----------> Parent Classloader:
java.net.URLClassLoader@3d646c37
=org.apache.xerces.util.XMLGrammarPoolImpl@31d7619}]) but failed to remove it when the web application was stopped. Threads are going to be renewed over time to try and avoid a probable memory leak.
06-Sep-2025 09:12:05.054 SEVERE [Thread-21] org.apache.catalina.loader.WebappClassLoaderBase.checkThreadLocalMapForLeaks The web application [reportserver] created a ThreadLocal with key of type [java.lang.ThreadLocal] (value [java.lang.ThreadLocal@a5d597b]) and a value of type [java.lang.Class] (value [class Stanje_po_magacinima_wms2_c34ca1baf9effc9d3ba8059e0e34b1ec885e2ec59b5a3635eee8c2e5cc1016e9]) but failed to remove it when the web application was stopped. Threads are going to be renewed over time to try and avoid a probable memory leak.
06-Sep-2025 09:12:05.055 SEVERE [Thread-21] org.apache.catalina.loader.WebappClassLoaderBase.checkThreadLocalMapForLeaks The web application [reportserver] created a ThreadLocal with key of type [java.lang.InheritableThreadLocal] (value [java.lang.InheritableThreadLocal@778357e0]) and a value of type [net.datenwerke.rs.base.service.reportengines.jasper.JasperReportEngine$3] (value [net.datenwerke.rs.base.service.reportengines.jasper.JasperReportEngine$3@1fc65ab7]) but failed to remove it when the web application was stopped. Threads are going to be renewed over time to try and avoid a probable memory leak.
06-Sep-2025 09:12:05.055 SEVERE [Thread-21] org.apache.catalina.loader.WebappClassLoaderBase.checkThreadLocalMapForLeaks The web application [reportserver] created a ThreadLocal with key of type [java.lang.ThreadLocal] (value [java.lang.ThreadLocal@5cf05fd5]) and a value of type [org.apache.commons.collections4.map.ReferenceMap] (value [{ParallelWebappClassLoader
  context: reportserver
  delegate: false
----------> Parent Classloader:
java.net.URLClassLoader@3d646c37
=org.apache.xerces.util.XMLGrammarPoolImpl@7f304eb5}]) but failed to remove it when the web application was stopped. Threads are going to be renewed over time to try and avoid a probable memory leak.
06-Sep-2025 09:12:05.056 SEVERE [Thread-21] org.apache.catalina.loader.WebappClassLoaderBase.checkThreadLocalMapForLeaks The web application [reportserver] created a ThreadLocal with key of type [java.lang.ThreadLocal] (value [java.lang.ThreadLocal@a5d597b]) and a value of type [java.lang.Class] (value [class Stanje_po_magacinima_wms2_c34ca1baf9effc9d3ba8059e0e34b1ec885e2ec59b5a3635eee8c2e5cc1016e9]) but failed to remove it when the web application was stopped. Threads are going to be renewed over time to try and avoid a probable memory leak.
06-Sep-2025 09:12:05.058 SEVERE [Thread-21] org.apache.catalina.loader.WebappClassLoaderBase.checkThreadLocalMapForLeaks The web application [reportserver] created a ThreadLocal with key of type [java.lang.InheritableThreadLocal] (value [java.lang.InheritableThreadLocal@778357e0]) and a value of type [net.datenwerke.rs.base.service.reportengines.jasper.JasperReportEngine$3] (value [net.datenwerke.rs.base.service.reportengines.jasper.JasperReportEngine$3@463b8061]) but failed to remove it when the web application was stopped. Threads are going to be renewed over time to try and avoid a probable memory leak.
06-Sep-2025 09:12:05.294 INFO [Thread-21] org.apache.coyote.AbstractProtocol.stop Stopping ProtocolHandler ["http-nio-8080"]
06-Sep-2025 09:12:05.340 INFO [Thread-21] org.apache.coyote.AbstractProtocol.destroy Destroying ProtocolHandler ["http-nio-8080"]
06-Sep-2025 09:12:12.249 INFO [main] org.apache.catalina.startup.VersionLoggerListener.log Server version name:   Apache Tomcat/9.0.108
06-Sep-2025 09:12:12.262 INFO [main] org.apache.catalina.startup.VersionLoggerListener.log Server built:          Jul 31 2025 18:19:48 UTC
06-Sep-2025 09:12:12.262 INFO [main] org.apache.catalina.startup.VersionLoggerListener.log Server version number: 9.0.108.0
06-Sep-2025 09:12:12.263 INFO [main] org.apache.catalina.startup.VersionLoggerListener.log OS Name:               Linux
06-Sep-2025 09:12:12.263 INFO [main] org.apache.catalina.startup.VersionLoggerListener.log OS Version:            6.8.0-79-generic
06-Sep-2025 09:12:12.263 INFO [main] org.apache.catalina.startup.VersionLoggerListener.log Architecture:          amd64
06-Sep-2025 09:12:12.263 INFO [main] org.apache.catalina.startup.VersionLoggerListener.log Java Home:             /opt/java/openjdk
06-Sep-2025 09:12:12.264 INFO [main] org.apache.catalina.startup.VersionLoggerListener.log JVM Version:           11.0.28+6
06-Sep-2025 09:12:12.264 INFO [main] org.apache.catalina.startup.VersionLoggerListener.log JVM Vendor:            Eclipse Adoptium
06-Sep-2025 09:12:12.264 INFO [main] org.apache.catalina.startup.VersionLoggerListener.log CATALINA_BASE:         /usr/local/tomcat
06-Sep-2025 09:12:12.264 INFO [main] org.apache.catalina.startup.VersionLoggerListener.log CATALINA_HOME:         /usr/local/tomcat
06-Sep-2025 09:12:12.339 INFO [main] org.apache.catalina.startup.VersionLoggerListener.log Command line argument: --add-opens=java.base/java.lang=ALL-UNNAMED
06-Sep-2025 09:12:12.341 INFO [main] org.apache.catalina.startup.VersionLoggerListener.log Command line argument: --add-opens=java.base/java.lang.invoke=ALL-UNNAMED
06-Sep-2025 09:12:12.342 INFO [main] org.apache.catalina.startup.VersionLoggerListener.log Command line argument: --add-opens=java.base/java.lang.reflect=ALL-UNNAMED
06-Sep-2025 09:12:12.342 INFO [main] org.apache.catalina.startup.VersionLoggerListener.log Command line argument: --add-opens=java.base/java.io=ALL-UNNAMED
06-Sep-2025 09:12:12.342 INFO [main] org.apache.catalina.startup.VersionLoggerListener.log Command line argument: --add-opens=java.base/java.util=ALL-UNNAMED
06-Sep-2025 09:12:12.342 INFO [main] org.apache.catalina.startup.VersionLoggerListener.log Command line argument: --add-opens=java.base/java.util.concurrent=ALL-UNNAMED
06-Sep-2025 09:12:12.343 INFO [main] org.apache.catalina.startup.VersionLoggerListener.log Command line argument: --add-opens=java.rmi/sun.rmi.transport=ALL-UNNAMED
06-Sep-2025 09:12:12.343 INFO [main] org.apache.catalina.startup.VersionLoggerListener.log Command line argument: -Djava.util.logging.config.file=/usr/local/tomcat/conf/logging.properties
06-Sep-2025 09:12:12.343 INFO [main] org.apache.catalina.startup.VersionLoggerListener.log Command line argument: -Djava.util.logging.manager=org.apache.juli.ClassLoaderLogManager
06-Sep-2025 09:12:12.344 INFO [main] org.apache.catalina.startup.VersionLoggerListener.log Command line argument: -Xms1g
06-Sep-2025 09:12:12.344 INFO [main] org.apache.catalina.startup.VersionLoggerListener.log Command line argument: -Xmx2g
06-Sep-2025 09:12:12.344 INFO [main] org.apache.catalina.startup.VersionLoggerListener.log Command line argument: -Djava.net.preferIPv4Stack=true
06-Sep-2025 09:12:12.345 INFO [main] org.apache.catalina.startup.VersionLoggerListener.log Command line argument: -Drs.configdir=/config
06-Sep-2025 09:12:12.345 INFO [main] org.apache.catalina.startup.VersionLoggerListener.log Command line argument: -Drs.lucene.dir=/lucene_index
06-Sep-2025 09:12:12.346 INFO [main] org.apache.catalina.startup.VersionLoggerListener.log Command line argument: -Duser.timezone=Europe/Belgrade
06-Sep-2025 09:12:12.346 INFO [main] org.apache.catalina.startup.VersionLoggerListener.log Command line argument: -Djdk.tls.ephemeralDHKeySize=2048
06-Sep-2025 09:12:12.346 INFO [main] org.apache.catalina.startup.VersionLoggerListener.log Command line argument: -Djava.protocol.handler.pkgs=org.apache.catalina.webresources
06-Sep-2025 09:12:12.346 INFO [main] org.apache.catalina.startup.VersionLoggerListener.log Command line argument: -Dsun.io.useCanonCaches=false
06-Sep-2025 09:12:12.347 INFO [main] org.apache.catalina.startup.VersionLoggerListener.log Command line argument: -Dorg.apache.catalina.security.SecurityListener.UMASK=0027
06-Sep-2025 09:12:12.347 INFO [main] org.apache.catalina.startup.VersionLoggerListener.log Command line argument: -Xms1g
06-Sep-2025 09:12:12.347 INFO [main] org.apache.catalina.startup.VersionLoggerListener.log Command line argument: -Xmx2g
06-Sep-2025 09:12:12.347 INFO [main] org.apache.catalina.startup.VersionLoggerListener.log Command line argument: -Djava.net.preferIPv4Stack=true
06-Sep-2025 09:12:12.348 INFO [main] org.apache.catalina.startup.VersionLoggerListener.log Command line argument: -Drs.configdir=/config
06-Sep-2025 09:12:12.348 INFO [main] org.apache.catalina.startup.VersionLoggerListener.log Command line argument: -Drs.lucene.dir=/lucene_index
06-Sep-2025 09:12:12.348 INFO [main] org.apache.catalina.startup.VersionLoggerListener.log Command line argument: -Dignore.endorsed.dirs=
06-Sep-2025 09:12:12.349 INFO [main] org.apache.catalina.startup.VersionLoggerListener.log Command line argument: -Dcatalina.base=/usr/local/tomcat
06-Sep-2025 09:12:12.350 INFO [main] org.apache.catalina.startup.VersionLoggerListener.log Command line argument: -Dcatalina.home=/usr/local/tomcat
06-Sep-2025 09:12:12.350 INFO [main] org.apache.catalina.startup.VersionLoggerListener.log Command line argument: -Djava.io.tmpdir=/usr/local/tomcat/temp
06-Sep-2025 09:12:12.368 INFO [main] org.apache.catalina.core.AprLifecycleListener.lifecycleEvent Loaded Apache Tomcat Native library [1.3.1] using APR version [1.7.2].
06-Sep-2025 09:12:12.368 INFO [main] org.apache.catalina.core.AprLifecycleListener.lifecycleEvent APR capabilities: IPv6 [true], sendfile [true], accept filters [false], random [true], UDS [true].
06-Sep-2025 09:12:12.368 INFO [main] org.apache.catalina.core.AprLifecycleListener.lifecycleEvent APR/OpenSSL configuration: useAprConnector [false], useOpenSSL [true]
06-Sep-2025 09:12:12.389 INFO [main] org.apache.catalina.core.AprLifecycleListener.initializeSSL OpenSSL successfully initialized [OpenSSL 3.0.13 30 Jan 2024]
06-Sep-2025 09:12:13.767 INFO [main] org.apache.coyote.AbstractProtocol.init Initializing ProtocolHandler ["http-nio-8080"]
06-Sep-2025 09:12:13.858 INFO [main] org.apache.catalina.startup.Catalina.load Server initialization in [2920] milliseconds
06-Sep-2025 09:12:14.064 INFO [main] org.apache.catalina.core.StandardService.startInternal Starting service [Catalina]
06-Sep-2025 09:12:14.065 INFO [main] org.apache.catalina.core.StandardEngine.startInternal Starting Servlet engine: [Apache Tomcat/9.0.108]
06-Sep-2025 09:12:14.085 INFO [main] org.apache.catalina.startup.HostConfig.deployDirectory Deploying web application directory [/usr/local/tomcat/webapps/reportserver]
06-Sep-2025 09:12:43.354 INFO [main] org.apache.jasper.servlet.TldScanner.scanJars At least one JAR was scanned for TLDs yet contained no TLDs. Enable debug logging for this logger for a complete list of JARs that were scanned but no TLDs were found in them. Skipping unneeded JARs during scanning can improve startup time and JSP compilation time.
06-Sep-2025 09:13:37.323 INFO [main] org.apache.catalina.startup.HostConfig.deployDirectory Deployment of web application directory [/usr/local/tomcat/webapps/reportserver] has finished in [83,237] ms
06-Sep-2025 09:13:37.334 INFO [main] org.apache.coyote.AbstractProtocol.start Starting ProtocolHandler ["http-nio-8080"]
06-Sep-2025 09:13:37.448 INFO [main] org.apache.catalina.startup.Catalina.start Server startup in [83588] milliseconds
06-Sep-2025 09:19:40.245 INFO [Thread-21] org.apache.coyote.AbstractProtocol.pause Pausing ProtocolHandler ["http-nio-8080"]
06-Sep-2025 09:19:40.259 INFO [Thread-21] org.apache.catalina.core.StandardService.stopInternal Stopping service [Catalina]
06-Sep-2025 09:19:40.887 WARNING [Thread-21] org.apache.catalina.loader.WebappClassLoaderBase.clearReferencesJdbc The web application [reportserver] registered the JDBC driver [org.postgresql.Driver] but failed to unregister it when the web application was stopped. To prevent a memory leak, the JDBC Driver has been forcibly unregistered.
06-Sep-2025 09:19:40.888 WARNING [Thread-21] org.apache.catalina.loader.WebappClassLoaderBase.clearReferencesJdbc The web application [reportserver] registered the JDBC driver [org.h2.Driver] but failed to unregister it when the web application was stopped. To prevent a memory leak, the JDBC Driver has been forcibly unregistered.
06-Sep-2025 09:19:40.889 WARNING [Thread-21] org.apache.catalina.loader.WebappClassLoaderBase.clearReferencesJdbc The web application [reportserver] registered the JDBC driver [org.hsqldb.jdbc.JDBCDriver] but failed to unregister it when the web application was stopped. To prevent a memory leak, the JDBC Driver has been forcibly unregistered.
06-Sep-2025 09:19:40.889 WARNING [Thread-21] org.apache.catalina.loader.WebappClassLoaderBase.clearReferencesJdbc The web application [reportserver] registered the JDBC driver [org.mariadb.jdbc.Driver] but failed to unregister it when the web application was stopped. To prevent a memory leak, the JDBC Driver has been forcibly unregistered.
06-Sep-2025 09:19:40.889 WARNING [Thread-21] org.apache.catalina.loader.WebappClassLoaderBase.clearReferencesJdbc The web application [reportserver] registered the JDBC driver [com.mysql.cj.jdbc.Driver] but failed to unregister it when the web application was stopped. To prevent a memory leak, the JDBC Driver has been forcibly unregistered.
06-Sep-2025 09:19:40.889 WARNING [Thread-21] org.apache.catalina.loader.WebappClassLoaderBase.clearReferencesJdbc The web application [reportserver] registered the JDBC driver [org.sqlite.JDBC] but failed to unregister it when the web application was stopped. To prevent a memory leak, the JDBC Driver has been forcibly unregistered.
06-Sep-2025 09:19:40.891 WARNING [Thread-21] org.apache.catalina.loader.WebappClassLoaderBase.clearReferencesThreads The web application [reportserver] appears to have started a thread named [C3P0PooledConnectionPoolManager[identityToken->1bqrg1vbd8adb0pzos6uw|49b71e92]-AdminTaskTimer] but has failed to stop it. This is very likely to create a memory leak. Stack trace of thread:
 java.base@11.0.28/java.lang.Object.wait(Native Method)
 java.base@11.0.28/java.util.TimerThread.mainLoop(Timer.java:553)
 java.base@11.0.28/java.util.TimerThread.run(Timer.java:506)
06-Sep-2025 09:19:40.893 WARNING [Thread-21] org.apache.catalina.loader.WebappClassLoaderBase.clearReferencesThreads The web application [reportserver] appears to have started a thread named [C3P0PooledConnectionPoolManager[identityToken->1bqrg1vbd8adb0pzos6uw|49b71e92]-HelperThread-#0] but has failed to stop it. This is very likely to create a memory leak. Stack trace of thread:
 java.base@11.0.28/java.lang.Object.wait(Native Method)
 com.mchange.v2.async.ThreadPoolAsynchronousRunner$PoolThread.run(ThreadPoolAsynchronousRunner.java:683)
06-Sep-2025 09:19:40.894 WARNING [Thread-21] org.apache.catalina.loader.WebappClassLoaderBase.clearReferencesThreads The web application [reportserver] appears to have started a thread named [C3P0PooledConnectionPoolManager[identityToken->1bqrg1vbd8adb0pzos6uw|49b71e92]-HelperThread-#1] but has failed to stop it. This is very likely to create a memory leak. Stack trace of thread:
 java.base@11.0.28/java.lang.Object.wait(Native Method)
 com.mchange.v2.async.ThreadPoolAsynchronousRunner$PoolThread.run(ThreadPoolAsynchronousRunner.java:683)
06-Sep-2025 09:19:40.895 WARNING [Thread-21] org.apache.catalina.loader.WebappClassLoaderBase.clearReferencesThreads The web application [reportserver] appears to have started a thread named [C3P0PooledConnectionPoolManager[identityToken->1bqrg1vbd8adb0pzos6uw|49b71e92]-HelperThread-#2] but has failed to stop it. This is very likely to create a memory leak. Stack trace of thread:
 java.base@11.0.28/java.lang.Object.wait(Native Method)
 com.mchange.v2.async.ThreadPoolAsynchronousRunner$PoolThread.run(ThreadPoolAsynchronousRunner.java:683)
06-Sep-2025 09:19:40.897 WARNING [Thread-21] org.apache.catalina.loader.WebappClassLoaderBase.clearReferencesThreads The web application [reportserver] appears to have started a thread named [dwdaemon-JpaEventLoggerServiceImpl-1] but has failed to stop it. This is very likely to create a memory leak. Stack trace of thread:
 java.base@11.0.28/java.lang.Thread.sleep(Native Method)
 net.datenwerke.rs.utils.daemon.DwDaemonImpl.run(DwDaemonImpl.java:52)
 java.base@11.0.28/java.lang.Thread.run(Thread.java:829)
06-Sep-2025 09:19:40.898 WARNING [Thread-21] org.apache.catalina.loader.WebappClassLoaderBase.clearReferencesThreads The web application [reportserver] appears to have started a thread named [dwdaemon-watchdog-JpaEventLoggerServiceImpl] but has failed to stop it. This is very likely to create a memory leak. Stack trace of thread:
 java.base@11.0.28/java.lang.Thread.sleep(Native Method)
 net.datenwerke.rs.utils.daemon.DwDaemonWatchdog.run(DwDaemonWatchdog.java:30)
 java.base@11.0.28/java.lang.Thread.run(Thread.java:829)
06-Sep-2025 09:19:40.899 WARNING [Thread-21] org.apache.catalina.loader.WebappClassLoaderBase.clearReferencesThreads The web application [reportserver] appears to have started a thread named [Thread-20] but has failed to stop it. This is very likely to create a memory leak. Stack trace of thread:
 java.base@11.0.28/sun.nio.ch.EPoll.wait(Native Method)
 java.base@11.0.28/sun.nio.ch.EPollPort$EventHandlerTask.poll(EPollPort.java:200)
 java.base@11.0.28/sun.nio.ch.EPollPort$EventHandlerTask.run(EPollPort.java:281)
 java.base@11.0.28/java.lang.Thread.run(Thread.java:829)
06-Sep-2025 09:19:40.901 WARNING [Thread-21] org.apache.catalina.loader.WebappClassLoaderBase.clearReferencesThreads The web application [reportserver] appears to have started a thread named [sshd-SshServer[18f3c019](port=8022)-timer-thread-1] but has failed to stop it. This is very likely to create a memory leak. Stack trace of thread:
 java.base@11.0.28/jdk.internal.misc.Unsafe.park(Native Method)
 java.base@11.0.28/java.util.concurrent.locks.LockSupport.parkNanos(LockSupport.java:234)
 java.base@11.0.28/java.util.concurrent.locks.AbstractQueuedSynchronizer$ConditionObject.awaitNanos(AbstractQueuedSynchronizer.java:2123)
 java.base@11.0.28/java.util.concurrent.ScheduledThreadPoolExecutor$DelayedWorkQueue.take(ScheduledThreadPoolExecutor.java:1182)
 java.base@11.0.28/java.util.concurrent.ScheduledThreadPoolExecutor$DelayedWorkQueue.take(ScheduledThreadPoolExecutor.java:899)
 java.base@11.0.28/java.util.concurrent.ThreadPoolExecutor.getTask(ThreadPoolExecutor.java:1054)
 java.base@11.0.28/java.util.concurrent.ThreadPoolExecutor.runWorker(ThreadPoolExecutor.java:1114)
 java.base@11.0.28/java.util.concurrent.ThreadPoolExecutor$Worker.run(ThreadPoolExecutor.java:628)
 java.base@11.0.28/java.lang.Thread.run(Thread.java:829)
06-Sep-2025 09:19:40.903 WARNING [Thread-21] org.apache.catalina.loader.WebappClassLoaderBase.clearReferencesThreads The web application [reportserver] appears to have started a thread named [dwdaemon-MaintenanceServiceImpl-1] but has failed to stop it. This is very likely to create a memory leak. Stack trace of thread:
 java.base@11.0.28/java.lang.Thread.sleep(Native Method)
 net.datenwerke.rs.utils.daemon.DwDaemonImpl.run(DwDaemonImpl.java:52)
 java.base@11.0.28/java.lang.Thread.run(Thread.java:829)
06-Sep-2025 09:19:40.906 WARNING [Thread-21] org.apache.catalina.loader.WebappClassLoaderBase.clearReferencesThreads The web application [reportserver] appears to have started a thread named [dwdaemon-watchdog-MaintenanceServiceImpl] but has failed to stop it. This is very likely to create a memory leak. Stack trace of thread:
 java.base@11.0.28/java.lang.Thread.sleep(Native Method)
 net.datenwerke.rs.utils.daemon.DwDaemonWatchdog.run(DwDaemonWatchdog.java:30)
 java.base@11.0.28/java.lang.Thread.run(Thread.java:829)
06-Sep-2025 09:19:40.908 WARNING [Thread-21] org.apache.catalina.loader.WebappClassLoaderBase.clearReferencesThreads The web application [reportserver] appears to have started a thread named [mysql-cj-abandoned-connection-cleanup] but has failed to stop it. This is very likely to create a memory leak. Stack trace of thread:
 java.base@11.0.28/java.lang.Object.wait(Native Method)
 java.base@11.0.28/java.lang.ref.ReferenceQueue.remove(ReferenceQueue.java:155)
 com.mysql.cj.jdbc.AbandonedConnectionCleanupThread.run(AbandonedConnectionCleanupThread.java:84)
 java.base@11.0.28/java.util.concurrent.ThreadPoolExecutor.runWorker(ThreadPoolExecutor.java:1128)
 java.base@11.0.28/java.util.concurrent.ThreadPoolExecutor$Worker.run(ThreadPoolExecutor.java:628)
 java.base@11.0.28/java.lang.Thread.run(Thread.java:829)
06-Sep-2025 09:19:40.910 WARNING [Thread-21] org.apache.catalina.loader.WebappClassLoaderBase.clearReferencesThreads The web application [reportserver] appears to have started a thread named [scheduler-watchdog] but has failed to stop it. This is very likely to create a memory leak. Stack trace of thread:
 java.base@11.0.28/java.lang.Thread.sleep(Native Method)
 net.datenwerke.scheduler.service.scheduler.SchedulerWatchdog.run(SchedulerWatchdog.java:32)
 java.base@11.0.28/java.lang.Thread.run(Thread.java:829)
06-Sep-2025 09:19:41.542 SEVERE [Thread-21] org.apache.catalina.loader.WebappClassLoaderBase.checkThreadLocalMapForLeaks The web application [reportserver] created a ThreadLocal with key of type [java.lang.ThreadLocal] (value [java.lang.ThreadLocal@160e81f2]) and a value of type [org.apache.commons.collections4.map.ReferenceMap] (value [{ParallelWebappClassLoader
  context: reportserver
  delegate: false
----------> Parent Classloader:
java.net.URLClassLoader@3d646c37
=org.apache.xerces.util.XMLGrammarPoolImpl@1c3fd071}]) but failed to remove it when the web application was stopped. Threads are going to be renewed over time to try and avoid a probable memory leak.
06-Sep-2025 09:19:41.543 SEVERE [Thread-21] org.apache.catalina.loader.WebappClassLoaderBase.checkThreadLocalMapForLeaks The web application [reportserver] created a ThreadLocal with key of type [java.lang.ThreadLocal] (value [java.lang.ThreadLocal@2a0c24b]) and a value of type [java.lang.Class] (value [class Stanje_po_magacinima_wms2_c34ca1baf9effc9d3ba8059e0e34b1ec885e2ec59b5a3635eee8c2e5cc1016e9]) but failed to remove it when the web application was stopped. Threads are going to be renewed over time to try and avoid a probable memory leak.
06-Sep-2025 09:19:41.544 SEVERE [Thread-21] org.apache.catalina.loader.WebappClassLoaderBase.checkThreadLocalMapForLeaks The web application [reportserver] created a ThreadLocal with key of type [java.lang.InheritableThreadLocal] (value [java.lang.InheritableThreadLocal@64bb580a]) and a value of type [net.datenwerke.rs.base.service.reportengines.jasper.JasperReportEngine$3] (value [net.datenwerke.rs.base.service.reportengines.jasper.JasperReportEngine$3@6e5b0b4]) but failed to remove it when the web application was stopped. Threads are going to be renewed over time to try and avoid a probable memory leak.
06-Sep-2025 09:19:41.545 SEVERE [Thread-21] org.apache.catalina.loader.WebappClassLoaderBase.checkThreadLocalMapForLeaks The web application [reportserver] created a ThreadLocal with key of type [java.lang.ThreadLocal] (value [java.lang.ThreadLocal@160e81f2]) and a value of type [org.apache.commons.collections4.map.ReferenceMap] (value [{ParallelWebappClassLoader
  context: reportserver
  delegate: false
----------> Parent Classloader:
java.net.URLClassLoader@3d646c37
=org.apache.xerces.util.XMLGrammarPoolImpl@2d388b9}]) but failed to remove it when the web application was stopped. Threads are going to be renewed over time to try and avoid a probable memory leak.
06-Sep-2025 09:19:41.545 SEVERE [Thread-21] org.apache.catalina.loader.WebappClassLoaderBase.checkThreadLocalMapForLeaks The web application [reportserver] created a ThreadLocal with key of type [java.lang.ThreadLocal] (value [java.lang.ThreadLocal@2a0c24b]) and a value of type [java.lang.Class] (value [class Stanje_po_magacinima_wms2_c34ca1baf9effc9d3ba8059e0e34b1ec885e2ec59b5a3635eee8c2e5cc1016e9]) but failed to remove it when the web application was stopped. Threads are going to be renewed over time to try and avoid a probable memory leak.
06-Sep-2025 09:19:41.545 SEVERE [Thread-21] org.apache.catalina.loader.WebappClassLoaderBase.checkThreadLocalMapForLeaks The web application [reportserver] created a ThreadLocal with key of type [java.lang.InheritableThreadLocal] (value [java.lang.InheritableThreadLocal@64bb580a]) and a value of type [net.datenwerke.rs.base.service.reportengines.jasper.JasperReportEngine$3] (value [net.datenwerke.rs.base.service.reportengines.jasper.JasperReportEngine$3@1ecbab8e]) but failed to remove it when the web application was stopped. Threads are going to be renewed over time to try and avoid a probable memory leak.
06-Sep-2025 09:19:41.547 SEVERE [Thread-21] org.apache.catalina.loader.WebappClassLoaderBase.checkThreadLocalMapForLeaks The web application [reportserver] created a ThreadLocal with key of type [java.lang.ThreadLocal] (value [java.lang.ThreadLocal@160e81f2]) and a value of type [org.apache.commons.collections4.map.ReferenceMap] (value [{ParallelWebappClassLoader
  context: reportserver
  delegate: false
----------> Parent Classloader:
java.net.URLClassLoader@3d646c37
=org.apache.xerces.util.XMLGrammarPoolImpl@200edb55}]) but failed to remove it when the web application was stopped. Threads are going to be renewed over time to try and avoid a probable memory leak.
06-Sep-2025 09:19:41.547 SEVERE [Thread-21] org.apache.catalina.loader.WebappClassLoaderBase.checkThreadLocalMapForLeaks The web application [reportserver] created a ThreadLocal with key of type [java.lang.ThreadLocal] (value [java.lang.ThreadLocal@2a0c24b]) and a value of type [java.lang.Class] (value [class Stanje_po_magacinima_wms2_c34ca1baf9effc9d3ba8059e0e34b1ec885e2ec59b5a3635eee8c2e5cc1016e9]) but failed to remove it when the web application was stopped. Threads are going to be renewed over time to try and avoid a probable memory leak.
06-Sep-2025 09:19:41.547 SEVERE [Thread-21] org.apache.catalina.loader.WebappClassLoaderBase.checkThreadLocalMapForLeaks The web application [reportserver] created a ThreadLocal with key of type [java.lang.InheritableThreadLocal] (value [java.lang.InheritableThreadLocal@64bb580a]) and a value of type [net.datenwerke.rs.base.service.reportengines.jasper.JasperReportEngine$3] (value [net.datenwerke.rs.base.service.reportengines.jasper.JasperReportEngine$3@bc5bff0]) but failed to remove it when the web application was stopped. Threads are going to be renewed over time to try and avoid a probable memory leak.
06-Sep-2025 09:19:41.600 INFO [Thread-21] org.apache.coyote.AbstractProtocol.stop Stopping ProtocolHandler ["http-nio-8080"]
06-Sep-2025 09:19:41.620 INFO [Thread-21] org.apache.coyote.AbstractProtocol.destroy Destroying ProtocolHandler ["http-nio-8080"]
06-Sep-2025 09:21:15.022 INFO [main] org.apache.catalina.startup.VersionLoggerListener.log Server version name:   Apache Tomcat/9.0.109
06-Sep-2025 09:21:15.031 INFO [main] org.apache.catalina.startup.VersionLoggerListener.log Server built:          Sep 1 2025 12:15:33 UTC
06-Sep-2025 09:21:15.032 INFO [main] org.apache.catalina.startup.VersionLoggerListener.log Server version number: 9.0.109.0
06-Sep-2025 09:21:15.032 INFO [main] org.apache.catalina.startup.VersionLoggerListener.log OS Name:               Linux
06-Sep-2025 09:21:15.032 INFO [main] org.apache.catalina.startup.VersionLoggerListener.log OS Version:            6.8.0-79-generic
06-Sep-2025 09:21:15.033 INFO [main] org.apache.catalina.startup.VersionLoggerListener.log Architecture:          amd64
06-Sep-2025 09:21:15.033 INFO [main] org.apache.catalina.startup.VersionLoggerListener.log Java Home:             /opt/java/openjdk
06-Sep-2025 09:21:15.033 INFO [main] org.apache.catalina.startup.VersionLoggerListener.log JVM Version:           11.0.28+6
06-Sep-2025 09:21:15.033 INFO [main] org.apache.catalina.startup.VersionLoggerListener.log JVM Vendor:            Eclipse Adoptium
06-Sep-2025 09:21:15.033 INFO [main] org.apache.catalina.startup.VersionLoggerListener.log CATALINA_BASE:         /usr/local/tomcat
06-Sep-2025 09:21:15.033 INFO [main] org.apache.catalina.startup.VersionLoggerListener.log CATALINA_HOME:         /usr/local/tomcat
06-Sep-2025 09:21:15.086 INFO [main] org.apache.catalina.startup.VersionLoggerListener.log Command line argument: --add-opens=java.base/java.lang=ALL-UNNAMED
06-Sep-2025 09:21:15.087 INFO [main] org.apache.catalina.startup.VersionLoggerListener.log Command line argument: --add-opens=java.base/java.lang.invoke=ALL-UNNAMED
06-Sep-2025 09:21:15.088 INFO [main] org.apache.catalina.startup.VersionLoggerListener.log Command line argument: --add-opens=java.base/java.lang.reflect=ALL-UNNAMED
06-Sep-2025 09:21:15.090 INFO [main] org.apache.catalina.startup.VersionLoggerListener.log Command line argument: --add-opens=java.base/java.io=ALL-UNNAMED
06-Sep-2025 09:21:15.090 INFO [main] org.apache.catalina.startup.VersionLoggerListener.log Command line argument: --add-opens=java.base/java.util=ALL-UNNAMED
06-Sep-2025 09:21:15.092 INFO [main] org.apache.catalina.startup.VersionLoggerListener.log Command line argument: --add-opens=java.base/java.util.concurrent=ALL-UNNAMED
06-Sep-2025 09:21:15.092 INFO [main] org.apache.catalina.startup.VersionLoggerListener.log Command line argument: --add-opens=java.rmi/sun.rmi.transport=ALL-UNNAMED
06-Sep-2025 09:21:15.092 INFO [main] org.apache.catalina.startup.VersionLoggerListener.log Command line argument: -Djava.util.logging.config.file=/usr/local/tomcat/conf/logging.properties
06-Sep-2025 09:21:15.093 INFO [main] org.apache.catalina.startup.VersionLoggerListener.log Command line argument: -Djava.util.logging.manager=org.apache.juli.ClassLoaderLogManager
06-Sep-2025 09:21:15.093 INFO [main] org.apache.catalina.startup.VersionLoggerListener.log Command line argument: -Xms1g
06-Sep-2025 09:21:15.093 INFO [main] org.apache.catalina.startup.VersionLoggerListener.log Command line argument: -Xmx2g
06-Sep-2025 09:21:15.093 INFO [main] org.apache.catalina.startup.VersionLoggerListener.log Command line argument: -Djava.net.preferIPv4Stack=true
06-Sep-2025 09:21:15.093 INFO [main] org.apache.catalina.startup.VersionLoggerListener.log Command line argument: -Drs.configdir=/config
06-Sep-2025 09:21:15.094 INFO [main] org.apache.catalina.startup.VersionLoggerListener.log Command line argument: -Drs.lucene.dir=/lucene_index
06-Sep-2025 09:21:15.094 INFO [main] org.apache.catalina.startup.VersionLoggerListener.log Command line argument: -Duser.timezone=Europe/Belgrade
06-Sep-2025 09:21:15.094 INFO [main] org.apache.catalina.startup.VersionLoggerListener.log Command line argument: -Djdk.tls.ephemeralDHKeySize=2048
06-Sep-2025 09:21:15.094 INFO [main] org.apache.catalina.startup.VersionLoggerListener.log Command line argument: -Djava.protocol.handler.pkgs=org.apache.catalina.webresources
06-Sep-2025 09:21:15.094 INFO [main] org.apache.catalina.startup.VersionLoggerListener.log Command line argument: -Dsun.io.useCanonCaches=false
06-Sep-2025 09:21:15.095 INFO [main] org.apache.catalina.startup.VersionLoggerListener.log Command line argument: -Dorg.apache.catalina.security.SecurityListener.UMASK=0027
06-Sep-2025 09:21:15.095 INFO [main] org.apache.catalina.startup.VersionLoggerListener.log Command line argument: -Xms1g
06-Sep-2025 09:21:15.095 INFO [main] org.apache.catalina.startup.VersionLoggerListener.log Command line argument: -Xmx2g
06-Sep-2025 09:21:15.095 INFO [main] org.apache.catalina.startup.VersionLoggerListener.log Command line argument: -Djava.net.preferIPv4Stack=true
06-Sep-2025 09:21:15.096 INFO [main] org.apache.catalina.startup.VersionLoggerListener.log Command line argument: -Drs.configdir=/config
06-Sep-2025 09:21:15.096 INFO [main] org.apache.catalina.startup.VersionLoggerListener.log Command line argument: -Drs.lucene.dir=/lucene_index
06-Sep-2025 09:21:15.096 INFO [main] org.apache.catalina.startup.VersionLoggerListener.log Command line argument: -Dignore.endorsed.dirs=
06-Sep-2025 09:21:15.096 INFO [main] org.apache.catalina.startup.VersionLoggerListener.log Command line argument: -Dcatalina.base=/usr/local/tomcat
06-Sep-2025 09:21:15.097 INFO [main] org.apache.catalina.startup.VersionLoggerListener.log Command line argument: -Dcatalina.home=/usr/local/tomcat
06-Sep-2025 09:21:15.097 INFO [main] org.apache.catalina.startup.VersionLoggerListener.log Command line argument: -Djava.io.tmpdir=/usr/local/tomcat/temp
06-Sep-2025 09:21:15.126 INFO [main] org.apache.catalina.core.AprLifecycleListener.lifecycleEvent Loaded Apache Tomcat Native library [1.3.1] using APR version [1.7.2].
06-Sep-2025 09:21:15.126 INFO [main] org.apache.catalina.core.AprLifecycleListener.lifecycleEvent APR capabilities: IPv6 [true], sendfile [true], accept filters [false], random [true], UDS [true].
06-Sep-2025 09:21:15.127 INFO [main] org.apache.catalina.core.AprLifecycleListener.lifecycleEvent APR/OpenSSL configuration: useAprConnector [false], useOpenSSL [true]
06-Sep-2025 09:21:15.139 INFO [main] org.apache.catalina.core.AprLifecycleListener.initializeSSL OpenSSL successfully initialized [OpenSSL 3.0.13 30 Jan 2024]
06-Sep-2025 09:21:15.915 INFO [main] org.apache.coyote.AbstractProtocol.init Initializing ProtocolHandler ["http-nio-8080"]
06-Sep-2025 09:21:15.975 INFO [main] org.apache.catalina.startup.Catalina.load Server initialization in [1408] milliseconds
06-Sep-2025 09:21:16.128 INFO [main] org.apache.catalina.core.StandardService.startInternal Starting service [Catalina]
06-Sep-2025 09:21:16.129 INFO [main] org.apache.catalina.core.StandardEngine.startInternal Starting Servlet engine: [Apache Tomcat/9.0.109]
06-Sep-2025 09:21:16.162 INFO [main] org.apache.catalina.startup.HostConfig.deployDirectory Deploying web application directory [/usr/local/tomcat/webapps/reportserver]
06-Sep-2025 09:21:36.171 INFO [main] org.apache.jasper.servlet.TldScanner.scanJars At least one JAR was scanned for TLDs yet contained no TLDs. Enable debug logging for this logger for a complete list of JARs that were scanned but no TLDs were found in them. Skipping unneeded JARs during scanning can improve startup time and JSP compilation time.
06-Sep-2025 09:22:34.629 INFO [main] org.apache.catalina.startup.HostConfig.deployDirectory Deployment of web application directory [/usr/local/tomcat/webapps/reportserver] has finished in [78,467] ms
06-Sep-2025 09:22:34.640 INFO [main] org.apache.coyote.AbstractProtocol.start Starting ProtocolHandler ["http-nio-8080"]
06-Sep-2025 09:22:34.716 INFO [main] org.apache.catalina.startup.Catalina.start Server startup in [78739] milliseconds
06-Sep-2025 09:46:17.624 INFO [Thread-21] org.apache.coyote.AbstractProtocol.pause Pausing ProtocolHandler ["http-nio-8080"]
06-Sep-2025 09:46:17.631 INFO [Thread-21] org.apache.catalina.core.StandardService.stopInternal Stopping service [Catalina]
06-Sep-2025 09:46:18.011 WARNING [Thread-21] org.apache.catalina.loader.WebappClassLoaderBase.clearReferencesJdbc The web application [reportserver] registered the JDBC driver [org.postgresql.Driver] but failed to unregister it when the web application was stopped. To prevent a memory leak, the JDBC Driver has been forcibly unregistered.
06-Sep-2025 09:46:18.013 WARNING [Thread-21] org.apache.catalina.loader.WebappClassLoaderBase.clearReferencesJdbc The web application [reportserver] registered the JDBC driver [org.h2.Driver] but failed to unregister it when the web application was stopped. To prevent a memory leak, the JDBC Driver has been forcibly unregistered.
06-Sep-2025 09:46:18.013 WARNING [Thread-21] org.apache.catalina.loader.WebappClassLoaderBase.clearReferencesJdbc The web application [reportserver] registered the JDBC driver [org.hsqldb.jdbc.JDBCDriver] but failed to unregister it when the web application was stopped. To prevent a memory leak, the JDBC Driver has been forcibly unregistered.
06-Sep-2025 09:46:18.013 WARNING [Thread-21] org.apache.catalina.loader.WebappClassLoaderBase.clearReferencesJdbc The web application [reportserver] registered the JDBC driver [org.mariadb.jdbc.Driver] but failed to unregister it when the web application was stopped. To prevent a memory leak, the JDBC Driver has been forcibly unregistered.
06-Sep-2025 09:46:18.014 WARNING [Thread-21] org.apache.catalina.loader.WebappClassLoaderBase.clearReferencesJdbc The web application [reportserver] registered the JDBC driver [com.mysql.cj.jdbc.Driver] but failed to unregister it when the web application was stopped. To prevent a memory leak, the JDBC Driver has been forcibly unregistered.
06-Sep-2025 09:46:18.014 WARNING [Thread-21] org.apache.catalina.loader.WebappClassLoaderBase.clearReferencesJdbc The web application [reportserver] registered the JDBC driver [org.sqlite.JDBC] but failed to unregister it when the web application was stopped. To prevent a memory leak, the JDBC Driver has been forcibly unregistered.
06-Sep-2025 09:46:18.017 WARNING [Thread-21] org.apache.catalina.loader.WebappClassLoaderBase.clearReferencesThreads The web application [reportserver] appears to have started a thread named [C3P0PooledConnectionPoolManager[identityToken->1bqrg1vbd8aoqb11xqsgwk|71ebd9db]-AdminTaskTimer] but has failed to stop it. This is very likely to create a memory leak. Stack trace of thread:
 java.base@11.0.28/java.lang.Object.wait(Native Method)
 java.base@11.0.28/java.util.TimerThread.mainLoop(Timer.java:553)
 java.base@11.0.28/java.util.TimerThread.run(Timer.java:506)
06-Sep-2025 09:46:18.019 WARNING [Thread-21] org.apache.catalina.loader.WebappClassLoaderBase.clearReferencesThreads The web application [reportserver] appears to have started a thread named [C3P0PooledConnectionPoolManager[identityToken->1bqrg1vbd8aoqb11xqsgwk|71ebd9db]-HelperThread-#0] but has failed to stop it. This is very likely to create a memory leak. Stack trace of thread:
 java.base@11.0.28/java.lang.Object.wait(Native Method)
 com.mchange.v2.async.ThreadPoolAsynchronousRunner$PoolThread.run(ThreadPoolAsynchronousRunner.java:683)
06-Sep-2025 09:46:18.020 WARNING [Thread-21] org.apache.catalina.loader.WebappClassLoaderBase.clearReferencesThreads The web application [reportserver] appears to have started a thread named [C3P0PooledConnectionPoolManager[identityToken->1bqrg1vbd8aoqb11xqsgwk|71ebd9db]-HelperThread-#1] but has failed to stop it. This is very likely to create a memory leak. Stack trace of thread:
 java.base@11.0.28/java.lang.Object.wait(Native Method)
 com.mchange.v2.async.ThreadPoolAsynchronousRunner$PoolThread.run(ThreadPoolAsynchronousRunner.java:683)
06-Sep-2025 09:46:18.021 WARNING [Thread-21] org.apache.catalina.loader.WebappClassLoaderBase.clearReferencesThreads The web application [reportserver] appears to have started a thread named [C3P0PooledConnectionPoolManager[identityToken->1bqrg1vbd8aoqb11xqsgwk|71ebd9db]-HelperThread-#2] but has failed to stop it. This is very likely to create a memory leak. Stack trace of thread:
 java.base@11.0.28/java.lang.Object.wait(Native Method)
 com.mchange.v2.async.ThreadPoolAsynchronousRunner$PoolThread.run(ThreadPoolAsynchronousRunner.java:683)
06-Sep-2025 09:46:18.022 WARNING [Thread-21] org.apache.catalina.loader.WebappClassLoaderBase.clearReferencesThreads The web application [reportserver] appears to have started a thread named [dwdaemon-JpaEventLoggerServiceImpl-1] but has failed to stop it. This is very likely to create a memory leak. Stack trace of thread:
 java.base@11.0.28/java.lang.Thread.sleep(Native Method)
 net.datenwerke.rs.utils.daemon.DwDaemonImpl.run(DwDaemonImpl.java:52)
 java.base@11.0.28/java.lang.Thread.run(Thread.java:829)
06-Sep-2025 09:46:18.022 WARNING [Thread-21] org.apache.catalina.loader.WebappClassLoaderBase.clearReferencesThreads The web application [reportserver] appears to have started a thread named [dwdaemon-watchdog-JpaEventLoggerServiceImpl] but has failed to stop it. This is very likely to create a memory leak. Stack trace of thread:
 java.base@11.0.28/java.lang.Thread.sleep(Native Method)
 net.datenwerke.rs.utils.daemon.DwDaemonWatchdog.run(DwDaemonWatchdog.java:30)
 java.base@11.0.28/java.lang.Thread.run(Thread.java:829)
06-Sep-2025 09:46:18.024 WARNING [Thread-21] org.apache.catalina.loader.WebappClassLoaderBase.clearReferencesThreads The web application [reportserver] appears to have started a thread named [Thread-20] but has failed to stop it. This is very likely to create a memory leak. Stack trace of thread:
 java.base@11.0.28/sun.nio.ch.EPoll.wait(Native Method)
 java.base@11.0.28/sun.nio.ch.EPollPort$EventHandlerTask.poll(EPollPort.java:200)
 java.base@11.0.28/sun.nio.ch.EPollPort$EventHandlerTask.run(EPollPort.java:281)
 java.base@11.0.28/java.lang.Thread.run(Thread.java:829)
06-Sep-2025 09:46:18.026 WARNING [Thread-21] org.apache.catalina.loader.WebappClassLoaderBase.clearReferencesThreads The web application [reportserver] appears to have started a thread named [sshd-SshServer[20345fa6](port=8022)-timer-thread-1] but has failed to stop it. This is very likely to create a memory leak. Stack trace of thread:
 java.base@11.0.28/jdk.internal.misc.Unsafe.park(Native Method)
 java.base@11.0.28/java.util.concurrent.locks.LockSupport.parkNanos(LockSupport.java:234)
 java.base@11.0.28/java.util.concurrent.locks.AbstractQueuedSynchronizer$ConditionObject.awaitNanos(AbstractQueuedSynchronizer.java:2123)
 java.base@11.0.28/java.util.concurrent.ScheduledThreadPoolExecutor$DelayedWorkQueue.take(ScheduledThreadPoolExecutor.java:1182)
 java.base@11.0.28/java.util.concurrent.ScheduledThreadPoolExecutor$DelayedWorkQueue.take(ScheduledThreadPoolExecutor.java:899)
 java.base@11.0.28/java.util.concurrent.ThreadPoolExecutor.getTask(ThreadPoolExecutor.java:1054)
 java.base@11.0.28/java.util.concurrent.ThreadPoolExecutor.runWorker(ThreadPoolExecutor.java:1114)
 java.base@11.0.28/java.util.concurrent.ThreadPoolExecutor$Worker.run(ThreadPoolExecutor.java:628)
 java.base@11.0.28/java.lang.Thread.run(Thread.java:829)
06-Sep-2025 09:46:18.027 WARNING [Thread-21] org.apache.catalina.loader.WebappClassLoaderBase.clearReferencesThreads The web application [reportserver] appears to have started a thread named [dwdaemon-MaintenanceServiceImpl-1] but has failed to stop it. This is very likely to create a memory leak. Stack trace of thread:
 java.base@11.0.28/java.lang.Thread.sleep(Native Method)
 net.datenwerke.rs.utils.daemon.DwDaemonImpl.run(DwDaemonImpl.java:52)
 java.base@11.0.28/java.lang.Thread.run(Thread.java:829)
06-Sep-2025 09:46:18.028 WARNING [Thread-21] org.apache.catalina.loader.WebappClassLoaderBase.clearReferencesThreads The web application [reportserver] appears to have started a thread named [dwdaemon-watchdog-MaintenanceServiceImpl] but has failed to stop it. This is very likely to create a memory leak. Stack trace of thread:
 java.base@11.0.28/java.lang.Thread.sleep(Native Method)
 net.datenwerke.rs.utils.daemon.DwDaemonWatchdog.run(DwDaemonWatchdog.java:30)
 java.base@11.0.28/java.lang.Thread.run(Thread.java:829)
06-Sep-2025 09:46:18.029 WARNING [Thread-21] org.apache.catalina.loader.WebappClassLoaderBase.clearReferencesThreads The web application [reportserver] appears to have started a thread named [mysql-cj-abandoned-connection-cleanup] but has failed to stop it. This is very likely to create a memory leak. Stack trace of thread:
 java.base@11.0.28/java.lang.Object.wait(Native Method)
 java.base@11.0.28/java.lang.ref.ReferenceQueue.remove(ReferenceQueue.java:155)
 com.mysql.cj.jdbc.AbandonedConnectionCleanupThread.run(AbandonedConnectionCleanupThread.java:84)
 java.base@11.0.28/java.util.concurrent.ThreadPoolExecutor.runWorker(ThreadPoolExecutor.java:1128)
 java.base@11.0.28/java.util.concurrent.ThreadPoolExecutor$Worker.run(ThreadPoolExecutor.java:628)
 java.base@11.0.28/java.lang.Thread.run(Thread.java:829)
06-Sep-2025 09:46:18.031 WARNING [Thread-21] org.apache.catalina.loader.WebappClassLoaderBase.clearReferencesThreads The web application [reportserver] appears to have started a thread named [scheduler-watchdog] but has failed to stop it. This is very likely to create a memory leak. Stack trace of thread:
 java.base@11.0.28/java.lang.Thread.sleep(Native Method)
 net.datenwerke.scheduler.service.scheduler.SchedulerWatchdog.run(SchedulerWatchdog.java:32)
 java.base@11.0.28/java.lang.Thread.run(Thread.java:829)
06-Sep-2025 09:46:18.035 SEVERE [Thread-21] org.apache.catalina.loader.WebappClassLoaderBase.checkThreadLocalMapForLeaks The web application [reportserver] created a ThreadLocal with key of type [java.lang.ThreadLocal] (value [java.lang.ThreadLocal@579c3539]) and a value of type [java.lang.Class] (value [class Stanje_po_magacinima_wms2_c34ca1baf9effc9d3ba8059e0e34b1ec885e2ec59b5a3635eee8c2e5cc1016e9]) but failed to remove it when the web application was stopped. Threads are going to be renewed over time to try and avoid a probable memory leak.
06-Sep-2025 09:46:18.096 SEVERE [Thread-21] org.apache.catalina.loader.WebappClassLoaderBase.checkThreadLocalMapForLeaks The web application [reportserver] created a ThreadLocal with key of type [java.lang.ThreadLocal] (value [java.lang.ThreadLocal@4b368c9a]) and a value of type [org.apache.commons.collections4.map.ReferenceMap] (value [{ParallelWebappClassLoader
  context: reportserver
  delegate: false
----------> Parent Classloader:
java.net.URLClassLoader@3d646c37
=org.apache.xerces.util.XMLGrammarPoolImpl@1ca40592}]) but failed to remove it when the web application was stopped. Threads are going to be renewed over time to try and avoid a probable memory leak.
06-Sep-2025 09:46:18.098 SEVERE [Thread-21] org.apache.catalina.loader.WebappClassLoaderBase.checkThreadLocalMapForLeaks The web application [reportserver] created a ThreadLocal with key of type [java.lang.InheritableThreadLocal] (value [java.lang.InheritableThreadLocal@7c2a572b]) and a value of type [net.datenwerke.rs.base.service.reportengines.jasper.JasperReportEngine$3] (value [net.datenwerke.rs.base.service.reportengines.jasper.JasperReportEngine$3@729ae4ae]) but failed to remove it when the web application was stopped. Threads are going to be renewed over time to try and avoid a probable memory leak.
06-Sep-2025 09:46:18.158 INFO [Thread-21] org.apache.coyote.AbstractProtocol.stop Stopping ProtocolHandler ["http-nio-8080"]
06-Sep-2025 09:46:18.183 INFO [Thread-21] org.apache.coyote.AbstractProtocol.destroy Destroying ProtocolHandler ["http-nio-8080"]
06-Sep-2025 09:46:21.384 INFO [main] org.apache.catalina.startup.VersionLoggerListener.log Server version name:   Apache Tomcat/9.0.109
06-Sep-2025 09:46:21.390 INFO [main] org.apache.catalina.startup.VersionLoggerListener.log Server built:          Sep 1 2025 12:15:33 UTC
06-Sep-2025 09:46:21.390 INFO [main] org.apache.catalina.startup.VersionLoggerListener.log Server version number: 9.0.109.0
06-Sep-2025 09:46:21.390 INFO [main] org.apache.catalina.startup.VersionLoggerListener.log OS Name:               Linux
06-Sep-2025 09:46:21.390 INFO [main] org.apache.catalina.startup.VersionLoggerListener.log OS Version:            6.8.0-79-generic
06-Sep-2025 09:46:21.391 INFO [main] org.apache.catalina.startup.VersionLoggerListener.log Architecture:          amd64
06-Sep-2025 09:46:21.391 INFO [main] org.apache.catalina.startup.VersionLoggerListener.log Java Home:             /opt/java/openjdk
06-Sep-2025 09:46:21.391 INFO [main] org.apache.catalina.startup.VersionLoggerListener.log JVM Version:           11.0.28+6
06-Sep-2025 09:46:21.391 INFO [main] org.apache.catalina.startup.VersionLoggerListener.log JVM Vendor:            Eclipse Adoptium
06-Sep-2025 09:46:21.391 INFO [main] org.apache.catalina.startup.VersionLoggerListener.log CATALINA_BASE:         /usr/local/tomcat
06-Sep-2025 09:46:21.400 INFO [main] org.apache.catalina.startup.VersionLoggerListener.log CATALINA_HOME:         /usr/local/tomcat
06-Sep-2025 09:46:21.434 INFO [main] org.apache.catalina.startup.VersionLoggerListener.log Command line argument: --add-opens=java.base/java.lang=ALL-UNNAMED
06-Sep-2025 09:46:21.435 INFO [main] org.apache.catalina.startup.VersionLoggerListener.log Command line argument: --add-opens=java.base/java.lang.invoke=ALL-UNNAMED
06-Sep-2025 09:46:21.436 INFO [main] org.apache.catalina.startup.VersionLoggerListener.log Command line argument: --add-opens=java.base/java.lang.reflect=ALL-UNNAMED
06-Sep-2025 09:46:21.436 INFO [main] org.apache.catalina.startup.VersionLoggerListener.log Command line argument: --add-opens=java.base/java.io=ALL-UNNAMED
06-Sep-2025 09:46:21.437 INFO [main] org.apache.catalina.startup.VersionLoggerListener.log Command line argument: --add-opens=java.base/java.util=ALL-UNNAMED
06-Sep-2025 09:46:21.437 INFO [main] org.apache.catalina.startup.VersionLoggerListener.log Command line argument: --add-opens=java.base/java.util.concurrent=ALL-UNNAMED
06-Sep-2025 09:46:21.437 INFO [main] org.apache.catalina.startup.VersionLoggerListener.log Command line argument: --add-opens=java.rmi/sun.rmi.transport=ALL-UNNAMED
06-Sep-2025 09:46:21.437 INFO [main] org.apache.catalina.startup.VersionLoggerListener.log Command line argument: -Djava.util.logging.config.file=/usr/local/tomcat/conf/logging.properties
06-Sep-2025 09:46:21.437 INFO [main] org.apache.catalina.startup.VersionLoggerListener.log Command line argument: -Djava.util.logging.manager=org.apache.juli.ClassLoaderLogManager
06-Sep-2025 09:46:21.437 INFO [main] org.apache.catalina.startup.VersionLoggerListener.log Command line argument: -Xms1g
06-Sep-2025 09:46:21.438 INFO [main] org.apache.catalina.startup.VersionLoggerListener.log Command line argument: -Xmx2g
06-Sep-2025 09:46:21.438 INFO [main] org.apache.catalina.startup.VersionLoggerListener.log Command line argument: -Djava.net.preferIPv4Stack=true
06-Sep-2025 09:46:21.438 INFO [main] org.apache.catalina.startup.VersionLoggerListener.log Command line argument: -Drs.configdir=/config
06-Sep-2025 09:46:21.438 INFO [main] org.apache.catalina.startup.VersionLoggerListener.log Command line argument: -Drs.lucene.dir=/lucene_index
06-Sep-2025 09:46:21.438 INFO [main] org.apache.catalina.startup.VersionLoggerListener.log Command line argument: -Duser.timezone=Europe/Belgrade
06-Sep-2025 09:46:21.439 INFO [main] org.apache.catalina.startup.VersionLoggerListener.log Command line argument: -Djdk.tls.ephemeralDHKeySize=2048
06-Sep-2025 09:46:21.439 INFO [main] org.apache.catalina.startup.VersionLoggerListener.log Command line argument: -Djava.protocol.handler.pkgs=org.apache.catalina.webresources
06-Sep-2025 09:46:21.440 INFO [main] org.apache.catalina.startup.VersionLoggerListener.log Command line argument: -Dsun.io.useCanonCaches=false
06-Sep-2025 09:46:21.440 INFO [main] org.apache.catalina.startup.VersionLoggerListener.log Command line argument: -Dorg.apache.catalina.security.SecurityListener.UMASK=0027
06-Sep-2025 09:46:21.441 INFO [main] org.apache.catalina.startup.VersionLoggerListener.log Command line argument: -Xms1g
06-Sep-2025 09:46:21.441 INFO [main] org.apache.catalina.startup.VersionLoggerListener.log Command line argument: -Xmx2g
06-Sep-2025 09:46:21.441 INFO [main] org.apache.catalina.startup.VersionLoggerListener.log Command line argument: -Djava.net.preferIPv4Stack=true
06-Sep-2025 09:46:21.441 INFO [main] org.apache.catalina.startup.VersionLoggerListener.log Command line argument: -Drs.configdir=/config
06-Sep-2025 09:46:21.442 INFO [main] org.apache.catalina.startup.VersionLoggerListener.log Command line argument: -Drs.lucene.dir=/lucene_index
06-Sep-2025 09:46:21.442 INFO [main] org.apache.catalina.startup.VersionLoggerListener.log Command line argument: -Dignore.endorsed.dirs=
06-Sep-2025 09:46:21.442 INFO [main] org.apache.catalina.startup.VersionLoggerListener.log Command line argument: -Dcatalina.base=/usr/local/tomcat
06-Sep-2025 09:46:21.443 INFO [main] org.apache.catalina.startup.VersionLoggerListener.log Command line argument: -Dcatalina.home=/usr/local/tomcat
06-Sep-2025 09:46:21.443 INFO [main] org.apache.catalina.startup.VersionLoggerListener.log Command line argument: -Djava.io.tmpdir=/usr/local/tomcat/temp
06-Sep-2025 09:46:21.453 INFO [main] org.apache.catalina.core.AprLifecycleListener.lifecycleEvent Loaded Apache Tomcat Native library [1.3.1] using APR version [1.7.2].
06-Sep-2025 09:46:21.454 INFO [main] org.apache.catalina.core.AprLifecycleListener.lifecycleEvent APR capabilities: IPv6 [true], sendfile [true], accept filters [false], random [true], UDS [true].
06-Sep-2025 09:46:21.454 INFO [main] org.apache.catalina.core.AprLifecycleListener.lifecycleEvent APR/OpenSSL configuration: useAprConnector [false], useOpenSSL [true]
06-Sep-2025 09:46:21.463 INFO [main] org.apache.catalina.core.AprLifecycleListener.initializeSSL OpenSSL successfully initialized [OpenSSL 3.0.13 30 Jan 2024]
06-Sep-2025 09:46:22.097 INFO [main] org.apache.coyote.AbstractProtocol.init Initializing ProtocolHandler ["http-nio-8080"]
06-Sep-2025 09:46:22.142 INFO [main] org.apache.catalina.startup.Catalina.load Server initialization in [1200] milliseconds
06-Sep-2025 09:46:22.259 INFO [main] org.apache.catalina.core.StandardService.startInternal Starting service [Catalina]
06-Sep-2025 09:46:22.260 INFO [main] org.apache.catalina.core.StandardEngine.startInternal Starting Servlet engine: [Apache Tomcat/9.0.109]
06-Sep-2025 09:46:22.274 INFO [main] org.apache.catalina.startup.HostConfig.deployDirectory Deploying web application directory [/usr/local/tomcat/webapps/reportserver]
06-Sep-2025 09:46:40.343 INFO [main] org.apache.jasper.servlet.TldScanner.scanJars At least one JAR was scanned for TLDs yet contained no TLDs. Enable debug logging for this logger for a complete list of JARs that were scanned but no TLDs were found in them. Skipping unneeded JARs during scanning can improve startup time and JSP compilation time.
06-Sep-2025 09:47:26.236 INFO [main] org.apache.catalina.startup.HostConfig.deployDirectory Deployment of web application directory [/usr/local/tomcat/webapps/reportserver] has finished in [63,959] ms
06-Sep-2025 09:47:26.276 INFO [main] org.apache.coyote.AbstractProtocol.start Starting ProtocolHandler ["http-nio-8080"]
06-Sep-2025 09:47:26.313 INFO [main] org.apache.catalina.startup.Catalina.start Server startup in [64170] milliseconds
06-Sep-2025 09:55:45.296 INFO [Thread-21] org.apache.coyote.AbstractProtocol.pause Pausing ProtocolHandler ["http-nio-8080"]
06-Sep-2025 09:55:45.302 INFO [Thread-21] org.apache.catalina.core.StandardService.stopInternal Stopping service [Catalina]
06-Sep-2025 09:55:45.525 WARNING [Thread-21] org.apache.catalina.loader.WebappClassLoaderBase.clearReferencesJdbc The web application [reportserver] registered the JDBC driver [org.postgresql.Driver] but failed to unregister it when the web application was stopped. To prevent a memory leak, the JDBC Driver has been forcibly unregistered.
06-Sep-2025 09:55:45.526 WARNING [Thread-21] org.apache.catalina.loader.WebappClassLoaderBase.clearReferencesJdbc The web application [reportserver] registered the JDBC driver [org.h2.Driver] but failed to unregister it when the web application was stopped. To prevent a memory leak, the JDBC Driver has been forcibly unregistered.
06-Sep-2025 09:55:45.526 WARNING [Thread-21] org.apache.catalina.loader.WebappClassLoaderBase.clearReferencesJdbc The web application [reportserver] registered the JDBC driver [org.hsqldb.jdbc.JDBCDriver] but failed to unregister it when the web application was stopped. To prevent a memory leak, the JDBC Driver has been forcibly unregistered.
06-Sep-2025 09:55:45.527 WARNING [Thread-21] org.apache.catalina.loader.WebappClassLoaderBase.clearReferencesJdbc The web application [reportserver] registered the JDBC driver [org.mariadb.jdbc.Driver] but failed to unregister it when the web application was stopped. To prevent a memory leak, the JDBC Driver has been forcibly unregistered.
06-Sep-2025 09:55:45.527 WARNING [Thread-21] org.apache.catalina.loader.WebappClassLoaderBase.clearReferencesJdbc The web application [reportserver] registered the JDBC driver [com.mysql.cj.jdbc.Driver] but failed to unregister it when the web application was stopped. To prevent a memory leak, the JDBC Driver has been forcibly unregistered.
06-Sep-2025 09:55:45.527 WARNING [Thread-21] org.apache.catalina.loader.WebappClassLoaderBase.clearReferencesJdbc The web application [reportserver] registered the JDBC driver [org.sqlite.JDBC] but failed to unregister it when the web application was stopped. To prevent a memory leak, the JDBC Driver has been forcibly unregistered.
06-Sep-2025 09:55:45.531 WARNING [Thread-21] org.apache.catalina.loader.WebappClassLoaderBase.clearReferencesThreads The web application [reportserver] appears to have started a thread named [C3P0PooledConnectionPoolManager[identityToken->1bqrg1vbd8bkxjyovn38l|ae5667]-AdminTaskTimer] but has failed to stop it. This is very likely to create a memory leak. Stack trace of thread:
 java.base@11.0.28/java.lang.Object.wait(Native Method)
 java.base@11.0.28/java.util.TimerThread.mainLoop(Timer.java:553)
 java.base@11.0.28/java.util.TimerThread.run(Timer.java:506)
06-Sep-2025 09:55:45.533 WARNING [Thread-21] org.apache.catalina.loader.WebappClassLoaderBase.clearReferencesThreads The web application [reportserver] appears to have started a thread named [C3P0PooledConnectionPoolManager[identityToken->1bqrg1vbd8bkxjyovn38l|ae5667]-HelperThread-#0] but has failed to stop it. This is very likely to create a memory leak. Stack trace of thread:
 java.base@11.0.28/java.lang.Object.wait(Native Method)
 com.mchange.v2.async.ThreadPoolAsynchronousRunner$PoolThread.run(ThreadPoolAsynchronousRunner.java:683)
06-Sep-2025 09:55:45.535 WARNING [Thread-21] org.apache.catalina.loader.WebappClassLoaderBase.clearReferencesThreads The web application [reportserver] appears to have started a thread named [C3P0PooledConnectionPoolManager[identityToken->1bqrg1vbd8bkxjyovn38l|ae5667]-HelperThread-#1] but has failed to stop it. This is very likely to create a memory leak. Stack trace of thread:
 java.base@11.0.28/java.lang.Object.wait(Native Method)
 com.mchange.v2.async.ThreadPoolAsynchronousRunner$PoolThread.run(ThreadPoolAsynchronousRunner.java:683)
06-Sep-2025 09:55:45.537 WARNING [Thread-21] org.apache.catalina.loader.WebappClassLoaderBase.clearReferencesThreads The web application [reportserver] appears to have started a thread named [C3P0PooledConnectionPoolManager[identityToken->1bqrg1vbd8bkxjyovn38l|ae5667]-HelperThread-#2] but has failed to stop it. This is very likely to create a memory leak. Stack trace of thread:
 java.base@11.0.28/java.lang.Object.wait(Native Method)
 com.mchange.v2.async.ThreadPoolAsynchronousRunner$PoolThread.run(ThreadPoolAsynchronousRunner.java:683)
06-Sep-2025 09:55:45.539 WARNING [Thread-21] org.apache.catalina.loader.WebappClassLoaderBase.clearReferencesThreads The web application [reportserver] appears to have started a thread named [dwdaemon-JpaEventLoggerServiceImpl-1] but has failed to stop it. This is very likely to create a memory leak. Stack trace of thread:
 java.base@11.0.28/java.lang.Thread.sleep(Native Method)
 net.datenwerke.rs.utils.daemon.DwDaemonImpl.run(DwDaemonImpl.java:52)
 java.base@11.0.28/java.lang.Thread.run(Thread.java:829)
06-Sep-2025 09:55:45.540 WARNING [Thread-21] org.apache.catalina.loader.WebappClassLoaderBase.clearReferencesThreads The web application [reportserver] appears to have started a thread named [dwdaemon-watchdog-JpaEventLoggerServiceImpl] but has failed to stop it. This is very likely to create a memory leak. Stack trace of thread:
 java.base@11.0.28/java.lang.Thread.sleep(Native Method)
 net.datenwerke.rs.utils.daemon.DwDaemonWatchdog.run(DwDaemonWatchdog.java:30)
 java.base@11.0.28/java.lang.Thread.run(Thread.java:829)
06-Sep-2025 09:55:45.542 WARNING [Thread-21] org.apache.catalina.loader.WebappClassLoaderBase.clearReferencesThreads The web application [reportserver] appears to have started a thread named [Thread-20] but has failed to stop it. This is very likely to create a memory leak. Stack trace of thread:
 java.base@11.0.28/sun.nio.ch.EPoll.wait(Native Method)
 java.base@11.0.28/sun.nio.ch.EPollPort$EventHandlerTask.poll(EPollPort.java:200)
 java.base@11.0.28/sun.nio.ch.EPollPort$EventHandlerTask.run(EPollPort.java:281)
 java.base@11.0.28/java.lang.Thread.run(Thread.java:829)
06-Sep-2025 09:55:45.545 WARNING [Thread-21] org.apache.catalina.loader.WebappClassLoaderBase.clearReferencesThreads The web application [reportserver] appears to have started a thread named [sshd-SshServer[5c64442d](port=8022)-timer-thread-1] but has failed to stop it. This is very likely to create a memory leak. Stack trace of thread:
 java.base@11.0.28/jdk.internal.misc.Unsafe.park(Native Method)
 java.base@11.0.28/java.util.concurrent.locks.LockSupport.parkNanos(LockSupport.java:234)
 java.base@11.0.28/java.util.concurrent.locks.AbstractQueuedSynchronizer$ConditionObject.awaitNanos(AbstractQueuedSynchronizer.java:2123)
 java.base@11.0.28/java.util.concurrent.ScheduledThreadPoolExecutor$DelayedWorkQueue.take(ScheduledThreadPoolExecutor.java:1182)
 java.base@11.0.28/java.util.concurrent.ScheduledThreadPoolExecutor$DelayedWorkQueue.take(ScheduledThreadPoolExecutor.java:899)
 java.base@11.0.28/java.util.concurrent.ThreadPoolExecutor.getTask(ThreadPoolExecutor.java:1054)
 java.base@11.0.28/java.util.concurrent.ThreadPoolExecutor.runWorker(ThreadPoolExecutor.java:1114)
 java.base@11.0.28/java.util.concurrent.ThreadPoolExecutor$Worker.run(ThreadPoolExecutor.java:628)
 java.base@11.0.28/java.lang.Thread.run(Thread.java:829)
06-Sep-2025 09:55:45.546 WARNING [Thread-21] org.apache.catalina.loader.WebappClassLoaderBase.clearReferencesThreads The web application [reportserver] appears to have started a thread named [dwdaemon-MaintenanceServiceImpl-1] but has failed to stop it. This is very likely to create a memory leak. Stack trace of thread:
 java.base@11.0.28/java.lang.Thread.sleep(Native Method)
 net.datenwerke.rs.utils.daemon.DwDaemonImpl.run(DwDaemonImpl.java:52)
 java.base@11.0.28/java.lang.Thread.run(Thread.java:829)
06-Sep-2025 09:55:45.548 WARNING [Thread-21] org.apache.catalina.loader.WebappClassLoaderBase.clearReferencesThreads The web application [reportserver] appears to have started a thread named [dwdaemon-watchdog-MaintenanceServiceImpl] but has failed to stop it. This is very likely to create a memory leak. Stack trace of thread:
 java.base@11.0.28/java.lang.Thread.sleep(Native Method)
 net.datenwerke.rs.utils.daemon.DwDaemonWatchdog.run(DwDaemonWatchdog.java:30)
 java.base@11.0.28/java.lang.Thread.run(Thread.java:829)
06-Sep-2025 09:55:45.550 WARNING [Thread-21] org.apache.catalina.loader.WebappClassLoaderBase.clearReferencesThreads The web application [reportserver] appears to have started a thread named [mysql-cj-abandoned-connection-cleanup] but has failed to stop it. This is very likely to create a memory leak. Stack trace of thread:
 java.base@11.0.28/java.lang.Object.wait(Native Method)
 java.base@11.0.28/java.lang.ref.ReferenceQueue.remove(ReferenceQueue.java:155)
 com.mysql.cj.jdbc.AbandonedConnectionCleanupThread.run(AbandonedConnectionCleanupThread.java:84)
 java.base@11.0.28/java.util.concurrent.ThreadPoolExecutor.runWorker(ThreadPoolExecutor.java:1128)
 java.base@11.0.28/java.util.concurrent.ThreadPoolExecutor$Worker.run(ThreadPoolExecutor.java:628)
 java.base@11.0.28/java.lang.Thread.run(Thread.java:829)
06-Sep-2025 09:55:45.552 WARNING [Thread-21] org.apache.catalina.loader.WebappClassLoaderBase.clearReferencesThreads The web application [reportserver] appears to have started a thread named [scheduler-watchdog] but has failed to stop it. This is very likely to create a memory leak. Stack trace of thread:
 java.base@11.0.28/java.lang.Thread.sleep(Native Method)
 net.datenwerke.scheduler.service.scheduler.SchedulerWatchdog.run(SchedulerWatchdog.java:32)
 java.base@11.0.28/java.lang.Thread.run(Thread.java:829)
06-Sep-2025 09:55:45.752 SEVERE [Thread-21] org.apache.catalina.loader.WebappClassLoaderBase.checkThreadLocalMapForLeaks The web application [reportserver] created a ThreadLocal with key of type [java.lang.ThreadLocal] (value [java.lang.ThreadLocal@5fec2f71]) and a value of type [org.apache.commons.collections4.map.ReferenceMap] (value [{ParallelWebappClassLoader
  context: reportserver
  delegate: false
----------> Parent Classloader:
java.net.URLClassLoader@3d646c37
=org.apache.xerces.util.XMLGrammarPoolImpl@dfbac19}]) but failed to remove it when the web application was stopped. Threads are going to be renewed over time to try and avoid a probable memory leak.
06-Sep-2025 09:55:45.754 SEVERE [Thread-21] org.apache.catalina.loader.WebappClassLoaderBase.checkThreadLocalMapForLeaks The web application [reportserver] created a ThreadLocal with key of type [java.lang.ThreadLocal] (value [java.lang.ThreadLocal@30891176]) and a value of type [java.lang.Class] (value [class Stanje_po_magacinima_wms2_c34ca1baf9effc9d3ba8059e0e34b1ec885e2ec59b5a3635eee8c2e5cc1016e9]) but failed to remove it when the web application was stopped. Threads are going to be renewed over time to try and avoid a probable memory leak.
06-Sep-2025 09:55:45.755 SEVERE [Thread-21] org.apache.catalina.loader.WebappClassLoaderBase.checkThreadLocalMapForLeaks The web application [reportserver] created a ThreadLocal with key of type [java.lang.InheritableThreadLocal] (value [java.lang.InheritableThreadLocal@55ec4616]) and a value of type [net.datenwerke.rs.base.service.reportengines.jasper.JasperReportEngine$3] (value [net.datenwerke.rs.base.service.reportengines.jasper.JasperReportEngine$3@7cbfc951]) but failed to remove it when the web application was stopped. Threads are going to be renewed over time to try and avoid a probable memory leak.
06-Sep-2025 09:55:45.785 INFO [Thread-21] org.apache.coyote.AbstractProtocol.stop Stopping ProtocolHandler ["http-nio-8080"]
06-Sep-2025 09:55:45.811 INFO [Thread-21] org.apache.coyote.AbstractProtocol.destroy Destroying ProtocolHandler ["http-nio-8080"]
06-Sep-2025 09:55:48.563 INFO [main] org.apache.catalina.startup.VersionLoggerListener.log Server version name:   Apache Tomcat/9.0.109
06-Sep-2025 09:55:48.572 INFO [main] org.apache.catalina.startup.VersionLoggerListener.log Server built:          Sep 1 2025 12:15:33 UTC
06-Sep-2025 09:55:48.574 INFO [main] org.apache.catalina.startup.VersionLoggerListener.log Server version number: 9.0.109.0
06-Sep-2025 09:55:48.575 INFO [main] org.apache.catalina.startup.VersionLoggerListener.log OS Name:               Linux
06-Sep-2025 09:55:48.575 INFO [main] org.apache.catalina.startup.VersionLoggerListener.log OS Version:            6.8.0-79-generic
06-Sep-2025 09:55:48.575 INFO [main] org.apache.catalina.startup.VersionLoggerListener.log Architecture:          amd64
06-Sep-2025 09:55:48.575 INFO [main] org.apache.catalina.startup.VersionLoggerListener.log Java Home:             /opt/java/openjdk
06-Sep-2025 09:55:48.575 INFO [main] org.apache.catalina.startup.VersionLoggerListener.log JVM Version:           11.0.28+6
06-Sep-2025 09:55:48.576 INFO [main] org.apache.catalina.startup.VersionLoggerListener.log JVM Vendor:            Eclipse Adoptium
06-Sep-2025 09:55:48.576 INFO [main] org.apache.catalina.startup.VersionLoggerListener.log CATALINA_BASE:         /usr/local/tomcat
06-Sep-2025 09:55:48.577 INFO [main] org.apache.catalina.startup.VersionLoggerListener.log CATALINA_HOME:         /usr/local/tomcat
06-Sep-2025 09:55:48.600 INFO [main] org.apache.catalina.startup.VersionLoggerListener.log Command line argument: --add-opens=java.base/java.lang=ALL-UNNAMED
06-Sep-2025 09:55:48.601 INFO [main] org.apache.catalina.startup.VersionLoggerListener.log Command line argument: --add-opens=java.base/java.lang.invoke=ALL-UNNAMED
06-Sep-2025 09:55:48.602 INFO [main] org.apache.catalina.startup.VersionLoggerListener.log Command line argument: --add-opens=java.base/java.lang.reflect=ALL-UNNAMED
06-Sep-2025 09:55:48.603 INFO [main] org.apache.catalina.startup.VersionLoggerListener.log Command line argument: --add-opens=java.base/java.io=ALL-UNNAMED
06-Sep-2025 09:55:48.603 INFO [main] org.apache.catalina.startup.VersionLoggerListener.log Command line argument: --add-opens=java.base/java.util=ALL-UNNAMED
06-Sep-2025 09:55:48.603 INFO [main] org.apache.catalina.startup.VersionLoggerListener.log Command line argument: --add-opens=java.base/java.util.concurrent=ALL-UNNAMED
06-Sep-2025 09:55:48.604 INFO [main] org.apache.catalina.startup.VersionLoggerListener.log Command line argument: --add-opens=java.rmi/sun.rmi.transport=ALL-UNNAMED
06-Sep-2025 09:55:48.604 INFO [main] org.apache.catalina.startup.VersionLoggerListener.log Command line argument: -Djava.util.logging.config.file=/usr/local/tomcat/conf/logging.properties
06-Sep-2025 09:55:48.604 INFO [main] org.apache.catalina.startup.VersionLoggerListener.log Command line argument: -Djava.util.logging.manager=org.apache.juli.ClassLoaderLogManager
06-Sep-2025 09:55:48.604 INFO [main] org.apache.catalina.startup.VersionLoggerListener.log Command line argument: -Xms1g
06-Sep-2025 09:55:48.604 INFO [main] org.apache.catalina.startup.VersionLoggerListener.log Command line argument: -Xmx2g
06-Sep-2025 09:55:48.604 INFO [main] org.apache.catalina.startup.VersionLoggerListener.log Command line argument: -Djava.net.preferIPv4Stack=true
06-Sep-2025 09:55:48.604 INFO [main] org.apache.catalina.startup.VersionLoggerListener.log Command line argument: -Drs.configdir=/config
06-Sep-2025 09:55:48.605 INFO [main] org.apache.catalina.startup.VersionLoggerListener.log Command line argument: -Drs.lucene.dir=/lucene_index
06-Sep-2025 09:55:48.605 INFO [main] org.apache.catalina.startup.VersionLoggerListener.log Command line argument: -Duser.timezone=Europe/Belgrade
06-Sep-2025 09:55:48.605 INFO [main] org.apache.catalina.startup.VersionLoggerListener.log Command line argument: -Djdk.tls.ephemeralDHKeySize=2048
06-Sep-2025 09:55:48.605 INFO [main] org.apache.catalina.startup.VersionLoggerListener.log Command line argument: -Djava.protocol.handler.pkgs=org.apache.catalina.webresources
06-Sep-2025 09:55:48.605 INFO [main] org.apache.catalina.startup.VersionLoggerListener.log Command line argument: -Dsun.io.useCanonCaches=false
06-Sep-2025 09:55:48.605 INFO [main] org.apache.catalina.startup.VersionLoggerListener.log Command line argument: -Dorg.apache.catalina.security.SecurityListener.UMASK=0027
06-Sep-2025 09:55:48.605 INFO [main] org.apache.catalina.startup.VersionLoggerListener.log Command line argument: -Xms1g
06-Sep-2025 09:55:48.605 INFO [main] org.apache.catalina.startup.VersionLoggerListener.log Command line argument: -Xmx2g
06-Sep-2025 09:55:48.606 INFO [main] org.apache.catalina.startup.VersionLoggerListener.log Command line argument: -Djava.net.preferIPv4Stack=true
06-Sep-2025 09:55:48.606 INFO [main] org.apache.catalina.startup.VersionLoggerListener.log Command line argument: -Drs.configdir=/config
06-Sep-2025 09:55:48.606 INFO [main] org.apache.catalina.startup.VersionLoggerListener.log Command line argument: -Drs.lucene.dir=/lucene_index
06-Sep-2025 09:55:48.606 INFO [main] org.apache.catalina.startup.VersionLoggerListener.log Command line argument: -Dignore.endorsed.dirs=
06-Sep-2025 09:55:48.606 INFO [main] org.apache.catalina.startup.VersionLoggerListener.log Command line argument: -Dcatalina.base=/usr/local/tomcat
06-Sep-2025 09:55:48.607 INFO [main] org.apache.catalina.startup.VersionLoggerListener.log Command line argument: -Dcatalina.home=/usr/local/tomcat
06-Sep-2025 09:55:48.607 INFO [main] org.apache.catalina.startup.VersionLoggerListener.log Command line argument: -Djava.io.tmpdir=/usr/local/tomcat/temp
06-Sep-2025 09:55:48.614 INFO [main] org.apache.catalina.core.AprLifecycleListener.lifecycleEvent Loaded Apache Tomcat Native library [1.3.1] using APR version [1.7.2].
06-Sep-2025 09:55:48.614 INFO [main] org.apache.catalina.core.AprLifecycleListener.lifecycleEvent APR capabilities: IPv6 [true], sendfile [true], accept filters [false], random [true], UDS [true].
06-Sep-2025 09:55:48.614 INFO [main] org.apache.catalina.core.AprLifecycleListener.lifecycleEvent APR/OpenSSL configuration: useAprConnector [false], useOpenSSL [true]
06-Sep-2025 09:55:48.620 INFO [main] org.apache.catalina.core.AprLifecycleListener.initializeSSL OpenSSL successfully initialized [OpenSSL 3.0.13 30 Jan 2024]
06-Sep-2025 09:55:49.195 INFO [main] org.apache.coyote.AbstractProtocol.init Initializing ProtocolHandler ["http-nio-8080"]
06-Sep-2025 09:55:49.241 INFO [main] org.apache.catalina.startup.Catalina.load Server initialization in [1111] milliseconds
06-Sep-2025 09:55:49.336 INFO [main] org.apache.catalina.core.StandardService.startInternal Starting service [Catalina]
06-Sep-2025 09:55:49.336 INFO [main] org.apache.catalina.core.StandardEngine.startInternal Starting Servlet engine: [Apache Tomcat/9.0.109]
06-Sep-2025 09:55:49.351 INFO [main] org.apache.catalina.startup.HostConfig.deployDirectory Deploying web application directory [/usr/local/tomcat/webapps/reportserver]
06-Sep-2025 09:56:07.241 INFO [main] org.apache.jasper.servlet.TldScanner.scanJars At least one JAR was scanned for TLDs yet contained no TLDs. Enable debug logging for this logger for a complete list of JARs that were scanned but no TLDs were found in them. Skipping unneeded JARs during scanning can improve startup time and JSP compilation time.
06-Sep-2025 09:56:51.150 INFO [main] org.apache.catalina.startup.HostConfig.deployDirectory Deployment of web application directory [/usr/local/tomcat/webapps/reportserver] has finished in [61,799] ms
06-Sep-2025 09:56:51.167 INFO [main] org.apache.coyote.AbstractProtocol.start Starting ProtocolHandler ["http-nio-8080"]
06-Sep-2025 09:56:51.202 INFO [main] org.apache.catalina.startup.Catalina.start Server startup in [61961] milliseconds
