05-Sep-2025 13:29:23.601 INFO [main] org.apache.catalina.startup.VersionLoggerListener.log Server version name:   Apache Tomcat/9.0.108
05-Sep-2025 13:29:23.629 INFO [main] org.apache.catalina.startup.VersionLoggerListener.log Server built:          Jul 31 2025 18:19:48 UTC
05-Sep-2025 13:29:23.630 INFO [main] org.apache.catalina.startup.VersionLoggerListener.log Server version number: 9.0.108.0
05-Sep-2025 13:29:23.630 INFO [main] org.apache.catalina.startup.VersionLoggerListener.log OS Name:               Linux
05-Sep-2025 13:29:23.630 INFO [main] org.apache.catalina.startup.VersionLoggerListener.log OS Version:            6.8.0-79-generic
05-Sep-2025 13:29:23.630 INFO [main] org.apache.catalina.startup.VersionLoggerListener.log Architecture:          amd64
05-Sep-2025 13:29:23.631 INFO [main] org.apache.catalina.startup.VersionLoggerListener.log Java Home:             /opt/java/openjdk
05-Sep-2025 13:29:23.631 INFO [main] org.apache.catalina.startup.VersionLoggerListener.log JVM Version:           11.0.28+6
05-Sep-2025 13:29:23.631 INFO [main] org.apache.catalina.startup.VersionLoggerListener.log JVM Vendor:            Eclipse Adoptium
05-Sep-2025 13:29:23.631 INFO [main] org.apache.catalina.startup.VersionLoggerListener.log CATALINA_BASE:         /usr/local/tomcat
05-Sep-2025 13:29:23.631 INFO [main] org.apache.catalina.startup.VersionLoggerListener.log CATALINA_HOME:         /usr/local/tomcat
05-Sep-2025 13:29:23.781 INFO [main] org.apache.catalina.startup.VersionLoggerListener.log Command line argument: --add-opens=java.base/java.lang=ALL-UNNAMED
05-Sep-2025 13:29:23.782 INFO [main] org.apache.catalina.startup.VersionLoggerListener.log Command line argument: --add-opens=java.base/java.lang.invoke=ALL-UNNAMED
05-Sep-2025 13:29:23.782 INFO [main] org.apache.catalina.startup.VersionLoggerListener.log Command line argument: --add-opens=java.base/java.lang.reflect=ALL-UNNAMED
05-Sep-2025 13:29:23.782 INFO [main] org.apache.catalina.startup.VersionLoggerListener.log Command line argument: --add-opens=java.base/java.io=ALL-UNNAMED
05-Sep-2025 13:29:23.782 INFO [main] org.apache.catalina.startup.VersionLoggerListener.log Command line argument: --add-opens=java.base/java.util=ALL-UNNAMED
05-Sep-2025 13:29:23.783 INFO [main] org.apache.catalina.startup.VersionLoggerListener.log Command line argument: --add-opens=java.base/java.util.concurrent=ALL-UNNAMED
05-Sep-2025 13:29:23.783 INFO [main] org.apache.catalina.startup.VersionLoggerListener.log Command line argument: --add-opens=java.rmi/sun.rmi.transport=ALL-UNNAMED
05-Sep-2025 13:29:23.784 INFO [main] org.apache.catalina.startup.VersionLoggerListener.log Command line argument: -Djava.util.logging.config.file=/usr/local/tomcat/conf/logging.properties
05-Sep-2025 13:29:23.785 INFO [main] org.apache.catalina.startup.VersionLoggerListener.log Command line argument: -Djava.util.logging.manager=org.apache.juli.ClassLoaderLogManager
05-Sep-2025 13:29:23.785 INFO [main] org.apache.catalina.startup.VersionLoggerListener.log Command line argument: -Xms1g
05-Sep-2025 13:29:23.785 INFO [main] org.apache.catalina.startup.VersionLoggerListener.log Command line argument: -Xmx2g
05-Sep-2025 13:29:23.785 INFO [main] org.apache.catalina.startup.VersionLoggerListener.log Command line argument: -Djava.net.preferIPv4Stack=true
05-Sep-2025 13:29:23.786 INFO [main] org.apache.catalina.startup.VersionLoggerListener.log Command line argument: -Drs.configdir=/config
05-Sep-2025 13:29:23.786 INFO [main] org.apache.catalina.startup.VersionLoggerListener.log Command line argument: -Drs.lucene.dir=/lucene_index
05-Sep-2025 13:29:23.786 INFO [main] org.apache.catalina.startup.VersionLoggerListener.log Command line argument: -Duser.timezone=Europe/Belgrade
05-Sep-2025 13:29:23.786 INFO [main] org.apache.catalina.startup.VersionLoggerListener.log Command line argument: -Djdk.tls.ephemeralDHKeySize=2048
05-Sep-2025 13:29:23.786 INFO [main] org.apache.catalina.startup.VersionLoggerListener.log Command line argument: -Djava.protocol.handler.pkgs=org.apache.catalina.webresources
05-Sep-2025 13:29:23.786 INFO [main] org.apache.catalina.startup.VersionLoggerListener.log Command line argument: -Dsun.io.useCanonCaches=false
05-Sep-2025 13:29:23.787 INFO [main] org.apache.catalina.startup.VersionLoggerListener.log Command line argument: -Dorg.apache.catalina.security.SecurityListener.UMASK=0027
05-Sep-2025 13:29:23.787 INFO [main] org.apache.catalina.startup.VersionLoggerListener.log Command line argument: -Xms1g
05-Sep-2025 13:29:23.788 INFO [main] org.apache.catalina.startup.VersionLoggerListener.log Command line argument: -Xmx2g
05-Sep-2025 13:29:23.788 INFO [main] org.apache.catalina.startup.VersionLoggerListener.log Command line argument: -Djava.net.preferIPv4Stack=true
05-Sep-2025 13:29:23.788 INFO [main] org.apache.catalina.startup.VersionLoggerListener.log Command line argument: -Drs.configdir=/config
05-Sep-2025 13:29:23.788 INFO [main] org.apache.catalina.startup.VersionLoggerListener.log Command line argument: -Drs.lucene.dir=/lucene_index
05-Sep-2025 13:29:23.793 INFO [main] org.apache.catalina.startup.VersionLoggerListener.log Command line argument: -Dignore.endorsed.dirs=
05-Sep-2025 13:29:23.793 INFO [main] org.apache.catalina.startup.VersionLoggerListener.log Command line argument: -Dcatalina.base=/usr/local/tomcat
05-Sep-2025 13:29:23.794 INFO [main] org.apache.catalina.startup.VersionLoggerListener.log Command line argument: -Dcatalina.home=/usr/local/tomcat
05-Sep-2025 13:29:23.794 INFO [main] org.apache.catalina.startup.VersionLoggerListener.log Command line argument: -Djava.io.tmpdir=/usr/local/tomcat/temp
05-Sep-2025 13:29:23.839 INFO [main] org.apache.catalina.core.AprLifecycleListener.lifecycleEvent Loaded Apache Tomcat Native library [1.3.1] using APR version [1.7.2].
05-Sep-2025 13:29:23.845 INFO [main] org.apache.catalina.core.AprLifecycleListener.lifecycleEvent APR capabilities: IPv6 [true], sendfile [true], accept filters [false], random [true], UDS [true].
05-Sep-2025 13:29:23.845 INFO [main] org.apache.catalina.core.AprLifecycleListener.lifecycleEvent APR/OpenSSL configuration: useAprConnector [false], useOpenSSL [true]
05-Sep-2025 13:29:23.881 INFO [main] org.apache.catalina.core.AprLifecycleListener.initializeSSL OpenSSL successfully initialized [OpenSSL 3.0.13 30 Jan 2024]
05-Sep-2025 13:29:24.726 INFO [main] org.apache.coyote.AbstractProtocol.init Initializing ProtocolHandler ["http-nio-8080"]
05-Sep-2025 13:29:24.811 INFO [main] org.apache.catalina.startup.Catalina.load Server initialization in [1863] milliseconds
05-Sep-2025 13:29:24.987 INFO [main] org.apache.catalina.core.StandardService.startInternal Starting service [Catalina]
05-Sep-2025 13:29:24.987 INFO [main] org.apache.catalina.core.StandardEngine.startInternal Starting Servlet engine: [Apache Tomcat/9.0.108]
05-Sep-2025 13:29:25.027 INFO [main] org.apache.catalina.startup.HostConfig.deployDirectory Deploying web application directory [/usr/local/tomcat/webapps/reportserver]
05-Sep-2025 13:29:45.658 INFO [main] org.apache.jasper.servlet.TldScanner.scanJars At least one JAR was scanned for TLDs yet contained no TLDs. Enable debug logging for this logger for a complete list of JARs that were scanned but no TLDs were found in them. Skipping unneeded JARs during scanning can improve startup time and JSP compilation time.
05-Sep-2025 13:29:56.120 INFO [main] org.apache.catalina.startup.HostConfig.deployDirectory Deployment of web application directory [/usr/local/tomcat/webapps/reportserver] has finished in [31,092] ms
05-Sep-2025 13:29:56.130 INFO [main] org.apache.coyote.AbstractProtocol.start Starting ProtocolHandler ["http-nio-8080"]
05-Sep-2025 13:29:56.159 INFO [main] org.apache.catalina.startup.Catalina.start Server startup in [31346] milliseconds
05-Sep-2025 13:39:22.007 INFO [Thread-9] org.apache.coyote.AbstractProtocol.pause Pausing ProtocolHandler ["http-nio-8080"]
05-Sep-2025 13:39:22.015 INFO [Thread-9] org.apache.catalina.core.StandardService.stopInternal Stopping service [Catalina]
05-Sep-2025 13:39:22.057 WARNING [Thread-9] org.apache.catalina.loader.WebappClassLoaderBase.clearReferencesJdbc The web application [reportserver] registered the JDBC driver [org.postgresql.Driver] but failed to unregister it when the web application was stopped. To prevent a memory leak, the JDBC Driver has been forcibly unregistered.
05-Sep-2025 13:39:22.060 WARNING [Thread-9] org.apache.catalina.loader.WebappClassLoaderBase.clearReferencesThreads The web application [reportserver] appears to have started a thread named [C3P0PooledConnectionPoolManager[identityToken->1bqrg1wbd743yz91kzi77u|714f3af4]-AdminTaskTimer] but has failed to stop it. This is very likely to create a memory leak. Stack trace of thread:
 java.base@11.0.28/java.lang.Object.wait(Native Method)
 java.base@11.0.28/java.util.TimerThread.mainLoop(Timer.java:553)
 java.base@11.0.28/java.util.TimerThread.run(Timer.java:506)
05-Sep-2025 13:39:22.061 WARNING [Thread-9] org.apache.catalina.loader.WebappClassLoaderBase.clearReferencesThreads The web application [reportserver] appears to have started a thread named [C3P0PooledConnectionPoolManager[identityToken->1bqrg1wbd743yz91kzi77u|714f3af4]-HelperThread-#0] but has failed to stop it. This is very likely to create a memory leak. Stack trace of thread:
 java.base@11.0.28/java.lang.Object.wait(Native Method)
 com.mchange.v2.async.ThreadPoolAsynchronousRunner$PoolThread.run(ThreadPoolAsynchronousRunner.java:683)
05-Sep-2025 13:39:22.062 WARNING [Thread-9] org.apache.catalina.loader.WebappClassLoaderBase.clearReferencesThreads The web application [reportserver] appears to have started a thread named [C3P0PooledConnectionPoolManager[identityToken->1bqrg1wbd743yz91kzi77u|714f3af4]-HelperThread-#1] but has failed to stop it. This is very likely to create a memory leak. Stack trace of thread:
 java.base@11.0.28/java.lang.Object.wait(Native Method)
 com.mchange.v2.async.ThreadPoolAsynchronousRunner$PoolThread.run(ThreadPoolAsynchronousRunner.java:683)
05-Sep-2025 13:39:22.063 WARNING [Thread-9] org.apache.catalina.loader.WebappClassLoaderBase.clearReferencesThreads The web application [reportserver] appears to have started a thread named [C3P0PooledConnectionPoolManager[identityToken->1bqrg1wbd743yz91kzi77u|714f3af4]-HelperThread-#2] but has failed to stop it. This is very likely to create a memory leak. Stack trace of thread:
 java.base@11.0.28/java.lang.Object.wait(Native Method)
 com.mchange.v2.async.ThreadPoolAsynchronousRunner$PoolThread.run(ThreadPoolAsynchronousRunner.java:683)
05-Sep-2025 13:39:22.116 INFO [Thread-9] org.apache.coyote.AbstractProtocol.stop Stopping ProtocolHandler ["http-nio-8080"]
05-Sep-2025 13:39:22.134 INFO [Thread-9] org.apache.coyote.AbstractProtocol.destroy Destroying ProtocolHandler ["http-nio-8080"]
05-Sep-2025 13:41:21.464 INFO [main] org.apache.catalina.startup.VersionLoggerListener.log Server version name:   Apache Tomcat/9.0.108
05-Sep-2025 13:41:21.472 INFO [main] org.apache.catalina.startup.VersionLoggerListener.log Server built:          Jul 31 2025 18:19:48 UTC
05-Sep-2025 13:41:21.472 INFO [main] org.apache.catalina.startup.VersionLoggerListener.log Server version number: 9.0.108.0
05-Sep-2025 13:41:21.472 INFO [main] org.apache.catalina.startup.VersionLoggerListener.log OS Name:               Linux
05-Sep-2025 13:41:21.472 INFO [main] org.apache.catalina.startup.VersionLoggerListener.log OS Version:            6.8.0-79-generic
05-Sep-2025 13:41:21.472 INFO [main] org.apache.catalina.startup.VersionLoggerListener.log Architecture:          amd64
05-Sep-2025 13:41:21.473 INFO [main] org.apache.catalina.startup.VersionLoggerListener.log Java Home:             /opt/java/openjdk
05-Sep-2025 13:41:21.473 INFO [main] org.apache.catalina.startup.VersionLoggerListener.log JVM Version:           11.0.28+6
05-Sep-2025 13:41:21.473 INFO [main] org.apache.catalina.startup.VersionLoggerListener.log JVM Vendor:            Eclipse Adoptium
05-Sep-2025 13:41:21.473 INFO [main] org.apache.catalina.startup.VersionLoggerListener.log CATALINA_BASE:         /usr/local/tomcat
05-Sep-2025 13:41:21.477 INFO [main] org.apache.catalina.startup.VersionLoggerListener.log CATALINA_HOME:         /usr/local/tomcat
05-Sep-2025 13:41:21.509 INFO [main] org.apache.catalina.startup.VersionLoggerListener.log Command line argument: --add-opens=java.base/java.lang=ALL-UNNAMED
05-Sep-2025 13:41:21.510 INFO [main] org.apache.catalina.startup.VersionLoggerListener.log Command line argument: --add-opens=java.base/java.lang.invoke=ALL-UNNAMED
05-Sep-2025 13:41:21.510 INFO [main] org.apache.catalina.startup.VersionLoggerListener.log Command line argument: --add-opens=java.base/java.lang.reflect=ALL-UNNAMED
05-Sep-2025 13:41:21.511 INFO [main] org.apache.catalina.startup.VersionLoggerListener.log Command line argument: --add-opens=java.base/java.io=ALL-UNNAMED
05-Sep-2025 13:41:21.511 INFO [main] org.apache.catalina.startup.VersionLoggerListener.log Command line argument: --add-opens=java.base/java.util=ALL-UNNAMED
05-Sep-2025 13:41:21.511 INFO [main] org.apache.catalina.startup.VersionLoggerListener.log Command line argument: --add-opens=java.base/java.util.concurrent=ALL-UNNAMED
05-Sep-2025 13:41:21.512 INFO [main] org.apache.catalina.startup.VersionLoggerListener.log Command line argument: --add-opens=java.rmi/sun.rmi.transport=ALL-UNNAMED
05-Sep-2025 13:41:21.512 INFO [main] org.apache.catalina.startup.VersionLoggerListener.log Command line argument: -Djava.util.logging.config.file=/usr/local/tomcat/conf/logging.properties
05-Sep-2025 13:41:21.513 INFO [main] org.apache.catalina.startup.VersionLoggerListener.log Command line argument: -Djava.util.logging.manager=org.apache.juli.ClassLoaderLogManager
05-Sep-2025 13:41:21.513 INFO [main] org.apache.catalina.startup.VersionLoggerListener.log Command line argument: -Xms1g
05-Sep-2025 13:41:21.513 INFO [main] org.apache.catalina.startup.VersionLoggerListener.log Command line argument: -Xmx2g
05-Sep-2025 13:41:21.513 INFO [main] org.apache.catalina.startup.VersionLoggerListener.log Command line argument: -Djava.net.preferIPv4Stack=true
05-Sep-2025 13:41:21.513 INFO [main] org.apache.catalina.startup.VersionLoggerListener.log Command line argument: -Drs.configdir=/config
05-Sep-2025 13:41:21.514 INFO [main] org.apache.catalina.startup.VersionLoggerListener.log Command line argument: -Drs.lucene.dir=/lucene_index
05-Sep-2025 13:41:21.514 INFO [main] org.apache.catalina.startup.VersionLoggerListener.log Command line argument: -Duser.timezone=Europe/Belgrade
05-Sep-2025 13:41:21.514 INFO [main] org.apache.catalina.startup.VersionLoggerListener.log Command line argument: -Djdk.tls.ephemeralDHKeySize=2048
05-Sep-2025 13:41:21.514 INFO [main] org.apache.catalina.startup.VersionLoggerListener.log Command line argument: -Djava.protocol.handler.pkgs=org.apache.catalina.webresources
05-Sep-2025 13:41:21.515 INFO [main] org.apache.catalina.startup.VersionLoggerListener.log Command line argument: -Dsun.io.useCanonCaches=false
05-Sep-2025 13:41:21.515 INFO [main] org.apache.catalina.startup.VersionLoggerListener.log Command line argument: -Dorg.apache.catalina.security.SecurityListener.UMASK=0027
05-Sep-2025 13:41:21.515 INFO [main] org.apache.catalina.startup.VersionLoggerListener.log Command line argument: -Xms1g
05-Sep-2025 13:41:21.515 INFO [main] org.apache.catalina.startup.VersionLoggerListener.log Command line argument: -Xmx2g
05-Sep-2025 13:41:21.516 INFO [main] org.apache.catalina.startup.VersionLoggerListener.log Command line argument: -Djava.net.preferIPv4Stack=true
05-Sep-2025 13:41:21.516 INFO [main] org.apache.catalina.startup.VersionLoggerListener.log Command line argument: -Drs.configdir=/config
05-Sep-2025 13:41:21.516 INFO [main] org.apache.catalina.startup.VersionLoggerListener.log Command line argument: -Drs.lucene.dir=/lucene_index
05-Sep-2025 13:41:21.516 INFO [main] org.apache.catalina.startup.VersionLoggerListener.log Command line argument: -Dignore.endorsed.dirs=
05-Sep-2025 13:41:21.516 INFO [main] org.apache.catalina.startup.VersionLoggerListener.log Command line argument: -Dcatalina.base=/usr/local/tomcat
05-Sep-2025 13:41:21.516 INFO [main] org.apache.catalina.startup.VersionLoggerListener.log Command line argument: -Dcatalina.home=/usr/local/tomcat
05-Sep-2025 13:41:21.517 INFO [main] org.apache.catalina.startup.VersionLoggerListener.log Command line argument: -Djava.io.tmpdir=/usr/local/tomcat/temp
05-Sep-2025 13:41:21.528 INFO [main] org.apache.catalina.core.AprLifecycleListener.lifecycleEvent Loaded Apache Tomcat Native library [1.3.1] using APR version [1.7.2].
05-Sep-2025 13:41:21.528 INFO [main] org.apache.catalina.core.AprLifecycleListener.lifecycleEvent APR capabilities: IPv6 [true], sendfile [true], accept filters [false], random [true], UDS [true].
05-Sep-2025 13:41:21.528 INFO [main] org.apache.catalina.core.AprLifecycleListener.lifecycleEvent APR/OpenSSL configuration: useAprConnector [false], useOpenSSL [true]
05-Sep-2025 13:41:21.535 INFO [main] org.apache.catalina.core.AprLifecycleListener.initializeSSL OpenSSL successfully initialized [OpenSSL 3.0.13 30 Jan 2024]
05-Sep-2025 13:41:22.102 INFO [main] org.apache.coyote.AbstractProtocol.init Initializing ProtocolHandler ["http-nio-8080"]
05-Sep-2025 13:41:22.153 INFO [main] org.apache.catalina.startup.Catalina.load Server initialization in [1047] milliseconds
05-Sep-2025 13:41:22.264 INFO [main] org.apache.catalina.core.StandardService.startInternal Starting service [Catalina]
05-Sep-2025 13:41:22.265 INFO [main] org.apache.catalina.core.StandardEngine.startInternal Starting Servlet engine: [Apache Tomcat/9.0.108]
05-Sep-2025 13:41:22.277 INFO [main] org.apache.catalina.startup.HostConfig.deployDirectory Deploying web application directory [/usr/local/tomcat/webapps/reportserver]
05-Sep-2025 13:41:38.739 INFO [main] org.apache.jasper.servlet.TldScanner.scanJars At least one JAR was scanned for TLDs yet contained no TLDs. Enable debug logging for this logger for a complete list of JARs that were scanned but no TLDs were found in them. Skipping unneeded JARs during scanning can improve startup time and JSP compilation time.
05-Sep-2025 13:41:49.210 INFO [main] org.apache.catalina.startup.HostConfig.deployDirectory Deployment of web application directory [/usr/local/tomcat/webapps/reportserver] has finished in [26,933] ms
05-Sep-2025 13:41:49.221 INFO [main] org.apache.coyote.AbstractProtocol.start Starting ProtocolHandler ["http-nio-8080"]
05-Sep-2025 13:41:49.248 INFO [main] org.apache.catalina.startup.Catalina.start Server startup in [27094] milliseconds
05-Sep-2025 13:42:57.614 INFO [Thread-9] org.apache.coyote.AbstractProtocol.pause Pausing ProtocolHandler ["http-nio-8080"]
05-Sep-2025 13:42:57.621 INFO [Thread-9] org.apache.catalina.core.StandardService.stopInternal Stopping service [Catalina]
05-Sep-2025 13:42:57.651 WARNING [Thread-9] org.apache.catalina.loader.WebappClassLoaderBase.clearReferencesJdbc The web application [reportserver] registered the JDBC driver [org.postgresql.Driver] but failed to unregister it when the web application was stopped. To prevent a memory leak, the JDBC Driver has been forcibly unregistered.
05-Sep-2025 13:42:57.654 WARNING [Thread-9] org.apache.catalina.loader.WebappClassLoaderBase.clearReferencesThreads The web application [reportserver] appears to have started a thread named [C3P0PooledConnectionPoolManager[identityToken->1bqrg1wbd74j90t1t2fqlr|229d47b9]-AdminTaskTimer] but has failed to stop it. This is very likely to create a memory leak. Stack trace of thread:
 java.base@11.0.28/java.lang.Object.wait(Native Method)
 java.base@11.0.28/java.util.TimerThread.mainLoop(Timer.java:553)
 java.base@11.0.28/java.util.TimerThread.run(Timer.java:506)
05-Sep-2025 13:42:57.655 WARNING [Thread-9] org.apache.catalina.loader.WebappClassLoaderBase.clearReferencesThreads The web application [reportserver] appears to have started a thread named [C3P0PooledConnectionPoolManager[identityToken->1bqrg1wbd74j90t1t2fqlr|229d47b9]-HelperThread-#0] but has failed to stop it. This is very likely to create a memory leak. Stack trace of thread:
 java.base@11.0.28/java.lang.Object.wait(Native Method)
 com.mchange.v2.async.ThreadPoolAsynchronousRunner$PoolThread.run(ThreadPoolAsynchronousRunner.java:683)
05-Sep-2025 13:42:57.656 WARNING [Thread-9] org.apache.catalina.loader.WebappClassLoaderBase.clearReferencesThreads The web application [reportserver] appears to have started a thread named [C3P0PooledConnectionPoolManager[identityToken->1bqrg1wbd74j90t1t2fqlr|229d47b9]-HelperThread-#1] but has failed to stop it. This is very likely to create a memory leak. Stack trace of thread:
 java.base@11.0.28/java.lang.Object.wait(Native Method)
 com.mchange.v2.async.ThreadPoolAsynchronousRunner$PoolThread.run(ThreadPoolAsynchronousRunner.java:683)
05-Sep-2025 13:42:57.657 WARNING [Thread-9] org.apache.catalina.loader.WebappClassLoaderBase.clearReferencesThreads The web application [reportserver] appears to have started a thread named [C3P0PooledConnectionPoolManager[identityToken->1bqrg1wbd74j90t1t2fqlr|229d47b9]-HelperThread-#2] but has failed to stop it. This is very likely to create a memory leak. Stack trace of thread:
 java.base@11.0.28/java.lang.Object.wait(Native Method)
 com.mchange.v2.async.ThreadPoolAsynchronousRunner$PoolThread.run(ThreadPoolAsynchronousRunner.java:683)
05-Sep-2025 13:42:57.686 INFO [Thread-9] org.apache.coyote.AbstractProtocol.stop Stopping ProtocolHandler ["http-nio-8080"]
05-Sep-2025 13:42:57.704 INFO [Thread-9] org.apache.coyote.AbstractProtocol.destroy Destroying ProtocolHandler ["http-nio-8080"]
05-Sep-2025 15:05:23.496 INFO [main] org.apache.catalina.startup.VersionLoggerListener.log Server version name:   Apache Tomcat/9.0.108
05-Sep-2025 15:05:23.542 INFO [main] org.apache.catalina.startup.VersionLoggerListener.log Server built:          Jul 31 2025 18:19:48 UTC
05-Sep-2025 15:05:23.544 INFO [main] org.apache.catalina.startup.VersionLoggerListener.log Server version number: 9.0.108.0
05-Sep-2025 15:05:23.544 INFO [main] org.apache.catalina.startup.VersionLoggerListener.log OS Name:               Linux
05-Sep-2025 15:05:23.544 INFO [main] org.apache.catalina.startup.VersionLoggerListener.log OS Version:            6.8.0-79-generic
05-Sep-2025 15:05:23.545 INFO [main] org.apache.catalina.startup.VersionLoggerListener.log Architecture:          amd64
05-Sep-2025 15:05:23.549 INFO [main] org.apache.catalina.startup.VersionLoggerListener.log Java Home:             /opt/java/openjdk
05-Sep-2025 15:05:23.552 INFO [main] org.apache.catalina.startup.VersionLoggerListener.log JVM Version:           11.0.28+6
05-Sep-2025 15:05:23.555 INFO [main] org.apache.catalina.startup.VersionLoggerListener.log JVM Vendor:            Eclipse Adoptium
05-Sep-2025 15:05:23.555 INFO [main] org.apache.catalina.startup.VersionLoggerListener.log CATALINA_BASE:         /usr/local/tomcat
05-Sep-2025 15:05:23.555 INFO [main] org.apache.catalina.startup.VersionLoggerListener.log CATALINA_HOME:         /usr/local/tomcat
05-Sep-2025 15:05:23.805 INFO [main] org.apache.catalina.startup.VersionLoggerListener.log Command line argument: --add-opens=java.base/java.lang=ALL-UNNAMED
05-Sep-2025 15:05:23.807 INFO [main] org.apache.catalina.startup.VersionLoggerListener.log Command line argument: --add-opens=java.base/java.lang.invoke=ALL-UNNAMED
05-Sep-2025 15:05:23.814 INFO [main] org.apache.catalina.startup.VersionLoggerListener.log Command line argument: --add-opens=java.base/java.lang.reflect=ALL-UNNAMED
05-Sep-2025 15:05:23.817 INFO [main] org.apache.catalina.startup.VersionLoggerListener.log Command line argument: --add-opens=java.base/java.io=ALL-UNNAMED
05-Sep-2025 15:05:23.821 INFO [main] org.apache.catalina.startup.VersionLoggerListener.log Command line argument: --add-opens=java.base/java.util=ALL-UNNAMED
05-Sep-2025 15:05:23.823 INFO [main] org.apache.catalina.startup.VersionLoggerListener.log Command line argument: --add-opens=java.base/java.util.concurrent=ALL-UNNAMED
05-Sep-2025 15:05:23.824 INFO [main] org.apache.catalina.startup.VersionLoggerListener.log Command line argument: --add-opens=java.rmi/sun.rmi.transport=ALL-UNNAMED
05-Sep-2025 15:05:23.824 INFO [main] org.apache.catalina.startup.VersionLoggerListener.log Command line argument: -Djava.util.logging.config.file=/usr/local/tomcat/conf/logging.properties
05-Sep-2025 15:05:23.825 INFO [main] org.apache.catalina.startup.VersionLoggerListener.log Command line argument: -Djava.util.logging.manager=org.apache.juli.ClassLoaderLogManager
05-Sep-2025 15:05:23.826 INFO [main] org.apache.catalina.startup.VersionLoggerListener.log Command line argument: -Xms1g
05-Sep-2025 15:05:23.828 INFO [main] org.apache.catalina.startup.VersionLoggerListener.log Command line argument: -Xmx2g
05-Sep-2025 15:05:23.830 INFO [main] org.apache.catalina.startup.VersionLoggerListener.log Command line argument: -Djava.net.preferIPv4Stack=true
05-Sep-2025 15:05:23.833 INFO [main] org.apache.catalina.startup.VersionLoggerListener.log Command line argument: -Drs.configdir=/config
05-Sep-2025 15:05:23.834 INFO [main] org.apache.catalina.startup.VersionLoggerListener.log Command line argument: -Drs.lucene.dir=/lucene_index
05-Sep-2025 15:05:23.834 INFO [main] org.apache.catalina.startup.VersionLoggerListener.log Command line argument: -Duser.timezone=Europe/Belgrade
05-Sep-2025 15:05:23.834 INFO [main] org.apache.catalina.startup.VersionLoggerListener.log Command line argument: -Djdk.tls.ephemeralDHKeySize=2048
05-Sep-2025 15:05:23.834 INFO [main] org.apache.catalina.startup.VersionLoggerListener.log Command line argument: -Djava.protocol.handler.pkgs=org.apache.catalina.webresources
05-Sep-2025 15:05:23.834 INFO [main] org.apache.catalina.startup.VersionLoggerListener.log Command line argument: -Dsun.io.useCanonCaches=false
05-Sep-2025 15:05:23.834 INFO [main] org.apache.catalina.startup.VersionLoggerListener.log Command line argument: -Dorg.apache.catalina.security.SecurityListener.UMASK=0027
05-Sep-2025 15:05:23.835 INFO [main] org.apache.catalina.startup.VersionLoggerListener.log Command line argument: -Xms1g
05-Sep-2025 15:05:23.835 INFO [main] org.apache.catalina.startup.VersionLoggerListener.log Command line argument: -Xmx2g
05-Sep-2025 15:05:23.835 INFO [main] org.apache.catalina.startup.VersionLoggerListener.log Command line argument: -Djava.net.preferIPv4Stack=true
05-Sep-2025 15:05:23.835 INFO [main] org.apache.catalina.startup.VersionLoggerListener.log Command line argument: -Drs.configdir=/config
05-Sep-2025 15:05:23.835 INFO [main] org.apache.catalina.startup.VersionLoggerListener.log Command line argument: -Drs.lucene.dir=/lucene_index
05-Sep-2025 15:05:23.835 INFO [main] org.apache.catalina.startup.VersionLoggerListener.log Command line argument: -Dignore.endorsed.dirs=
05-Sep-2025 15:05:23.835 INFO [main] org.apache.catalina.startup.VersionLoggerListener.log Command line argument: -Dcatalina.base=/usr/local/tomcat
05-Sep-2025 15:05:23.835 INFO [main] org.apache.catalina.startup.VersionLoggerListener.log Command line argument: -Dcatalina.home=/usr/local/tomcat
05-Sep-2025 15:05:23.836 INFO [main] org.apache.catalina.startup.VersionLoggerListener.log Command line argument: -Djava.io.tmpdir=/usr/local/tomcat/temp
05-Sep-2025 15:05:24.112 INFO [main] org.apache.catalina.core.AprLifecycleListener.lifecycleEvent Loaded Apache Tomcat Native library [1.3.1] using APR version [1.7.2].
05-Sep-2025 15:05:24.113 INFO [main] org.apache.catalina.core.AprLifecycleListener.lifecycleEvent APR capabilities: IPv6 [true], sendfile [true], accept filters [false], random [true], UDS [true].
05-Sep-2025 15:05:24.113 INFO [main] org.apache.catalina.core.AprLifecycleListener.lifecycleEvent APR/OpenSSL configuration: useAprConnector [false], useOpenSSL [true]
05-Sep-2025 15:05:24.162 INFO [main] org.apache.catalina.core.AprLifecycleListener.initializeSSL OpenSSL successfully initialized [OpenSSL 3.0.13 30 Jan 2024]
05-Sep-2025 15:05:25.632 INFO [main] org.apache.coyote.AbstractProtocol.init Initializing ProtocolHandler ["http-nio-8080"]
05-Sep-2025 15:05:25.767 INFO [main] org.apache.catalina.startup.Catalina.load Server initialization in [4011] milliseconds
05-Sep-2025 15:05:26.129 INFO [main] org.apache.catalina.core.StandardService.startInternal Starting service [Catalina]
05-Sep-2025 15:05:26.129 INFO [main] org.apache.catalina.core.StandardEngine.startInternal Starting Servlet engine: [Apache Tomcat/9.0.108]
05-Sep-2025 15:05:26.175 INFO [main] org.apache.catalina.startup.HostConfig.deployDirectory Deploying web application directory [/usr/local/tomcat/webapps/reportserver]
05-Sep-2025 15:05:57.174 INFO [main] org.apache.jasper.servlet.TldScanner.scanJars At least one JAR was scanned for TLDs yet contained no TLDs. Enable debug logging for this logger for a complete list of JARs that were scanned but no TLDs were found in them. Skipping unneeded JARs during scanning can improve startup time and JSP compilation time.
05-Sep-2025 15:06:56.544 INFO [main] org.apache.catalina.startup.HostConfig.deployDirectory Deployment of web application directory [/usr/local/tomcat/webapps/reportserver] has finished in [90,367] ms
05-Sep-2025 15:06:56.579 INFO [main] org.apache.coyote.AbstractProtocol.start Starting ProtocolHandler ["http-nio-8080"]
05-Sep-2025 15:06:56.638 INFO [main] org.apache.catalina.startup.Catalina.start Server startup in [90869] milliseconds
05-Sep-2025 15:49:36.507 INFO [Thread-16] org.apache.coyote.AbstractProtocol.pause Pausing ProtocolHandler ["http-nio-8080"]
05-Sep-2025 15:49:36.523 INFO [Thread-16] org.apache.catalina.core.StandardService.stopInternal Stopping service [Catalina]
05-Sep-2025 15:49:36.789 WARNING [Thread-16] org.apache.catalina.loader.WebappClassLoaderBase.clearReferencesJdbc The web application [reportserver] registered the JDBC driver [org.postgresql.Driver] but failed to unregister it when the web application was stopped. To prevent a memory leak, the JDBC Driver has been forcibly unregistered.
05-Sep-2025 15:49:36.803 WARNING [Thread-16] org.apache.catalina.loader.WebappClassLoaderBase.clearReferencesThreads The web application [reportserver] appears to have started a thread named [C3P0PooledConnectionPoolManager[identityToken->1bqrg1wbd77jqxu28rqtg|4df04155]-AdminTaskTimer] but has failed to stop it. This is very likely to create a memory leak. Stack trace of thread:
 java.base@11.0.28/java.lang.Object.wait(Native Method)
 java.base@11.0.28/java.util.TimerThread.mainLoop(Timer.java:553)
 java.base@11.0.28/java.util.TimerThread.run(Timer.java:506)
05-Sep-2025 15:49:36.805 WARNING [Thread-16] org.apache.catalina.loader.WebappClassLoaderBase.clearReferencesThreads The web application [reportserver] appears to have started a thread named [C3P0PooledConnectionPoolManager[identityToken->1bqrg1wbd77jqxu28rqtg|4df04155]-HelperThread-#0] but has failed to stop it. This is very likely to create a memory leak. Stack trace of thread:
 java.base@11.0.28/java.lang.Object.wait(Native Method)
 com.mchange.v2.async.ThreadPoolAsynchronousRunner$PoolThread.run(ThreadPoolAsynchronousRunner.java:683)
05-Sep-2025 15:49:36.808 WARNING [Thread-16] org.apache.catalina.loader.WebappClassLoaderBase.clearReferencesThreads The web application [reportserver] appears to have started a thread named [C3P0PooledConnectionPoolManager[identityToken->1bqrg1wbd77jqxu28rqtg|4df04155]-HelperThread-#1] but has failed to stop it. This is very likely to create a memory leak. Stack trace of thread:
 java.base@11.0.28/java.lang.Object.wait(Native Method)
 com.mchange.v2.async.ThreadPoolAsynchronousRunner$PoolThread.run(ThreadPoolAsynchronousRunner.java:683)
05-Sep-2025 15:49:36.810 WARNING [Thread-16] org.apache.catalina.loader.WebappClassLoaderBase.clearReferencesThreads The web application [reportserver] appears to have started a thread named [C3P0PooledConnectionPoolManager[identityToken->1bqrg1wbd77jqxu28rqtg|4df04155]-HelperThread-#2] but has failed to stop it. This is very likely to create a memory leak. Stack trace of thread:
 java.base@11.0.28/java.lang.Object.wait(Native Method)
 com.mchange.v2.async.ThreadPoolAsynchronousRunner$PoolThread.run(ThreadPoolAsynchronousRunner.java:683)
05-Sep-2025 15:49:36.812 WARNING [Thread-16] org.apache.catalina.loader.WebappClassLoaderBase.clearReferencesThreads The web application [reportserver] appears to have started a thread named [dwdaemon-JpaEventLoggerServiceImpl-1] but has failed to stop it. This is very likely to create a memory leak. Stack trace of thread:
 java.base@11.0.28/java.lang.Thread.sleep(Native Method)
 net.datenwerke.rs.utils.daemon.DwDaemonImpl.run(DwDaemonImpl.java:52)
 java.base@11.0.28/java.lang.Thread.run(Thread.java:829)
05-Sep-2025 15:49:36.813 WARNING [Thread-16] org.apache.catalina.loader.WebappClassLoaderBase.clearReferencesThreads The web application [reportserver] appears to have started a thread named [dwdaemon-watchdog-JpaEventLoggerServiceImpl] but has failed to stop it. This is very likely to create a memory leak. Stack trace of thread:
 java.base@11.0.28/java.lang.Thread.sleep(Native Method)
 net.datenwerke.rs.utils.daemon.DwDaemonWatchdog.run(DwDaemonWatchdog.java:30)
 java.base@11.0.28/java.lang.Thread.run(Thread.java:829)
05-Sep-2025 15:49:36.932 INFO [Thread-16] org.apache.coyote.AbstractProtocol.stop Stopping ProtocolHandler ["http-nio-8080"]
05-Sep-2025 15:49:36.953 INFO [Thread-16] org.apache.coyote.AbstractProtocol.destroy Destroying ProtocolHandler ["http-nio-8080"]
05-Sep-2025 15:55:31.040 INFO [main] org.apache.catalina.startup.VersionLoggerListener.log Server version name:   Apache Tomcat/9.0.108
05-Sep-2025 15:55:31.047 INFO [main] org.apache.catalina.startup.VersionLoggerListener.log Server built:          Jul 31 2025 18:19:48 UTC
05-Sep-2025 15:55:31.051 INFO [main] org.apache.catalina.startup.VersionLoggerListener.log Server version number: 9.0.108.0
05-Sep-2025 15:55:31.052 INFO [main] org.apache.catalina.startup.VersionLoggerListener.log OS Name:               Linux
05-Sep-2025 15:55:31.052 INFO [main] org.apache.catalina.startup.VersionLoggerListener.log OS Version:            6.8.0-79-generic
05-Sep-2025 15:55:31.052 INFO [main] org.apache.catalina.startup.VersionLoggerListener.log Architecture:          amd64
05-Sep-2025 15:55:31.052 INFO [main] org.apache.catalina.startup.VersionLoggerListener.log Java Home:             /opt/java/openjdk
05-Sep-2025 15:55:31.052 INFO [main] org.apache.catalina.startup.VersionLoggerListener.log JVM Version:           11.0.28+6
05-Sep-2025 15:55:31.053 INFO [main] org.apache.catalina.startup.VersionLoggerListener.log JVM Vendor:            Eclipse Adoptium
05-Sep-2025 15:55:31.053 INFO [main] org.apache.catalina.startup.VersionLoggerListener.log CATALINA_BASE:         /usr/local/tomcat
05-Sep-2025 15:55:31.053 INFO [main] org.apache.catalina.startup.VersionLoggerListener.log CATALINA_HOME:         /usr/local/tomcat
05-Sep-2025 15:55:31.145 INFO [main] org.apache.catalina.startup.VersionLoggerListener.log Command line argument: --add-opens=java.base/java.lang=ALL-UNNAMED
05-Sep-2025 15:55:31.147 INFO [main] org.apache.catalina.startup.VersionLoggerListener.log Command line argument: --add-opens=java.base/java.lang.invoke=ALL-UNNAMED
05-Sep-2025 15:55:31.147 INFO [main] org.apache.catalina.startup.VersionLoggerListener.log Command line argument: --add-opens=java.base/java.lang.reflect=ALL-UNNAMED
05-Sep-2025 15:55:31.148 INFO [main] org.apache.catalina.startup.VersionLoggerListener.log Command line argument: --add-opens=java.base/java.io=ALL-UNNAMED
05-Sep-2025 15:55:31.149 INFO [main] org.apache.catalina.startup.VersionLoggerListener.log Command line argument: --add-opens=java.base/java.util=ALL-UNNAMED
05-Sep-2025 15:55:31.149 INFO [main] org.apache.catalina.startup.VersionLoggerListener.log Command line argument: --add-opens=java.base/java.util.concurrent=ALL-UNNAMED
05-Sep-2025 15:55:31.149 INFO [main] org.apache.catalina.startup.VersionLoggerListener.log Command line argument: --add-opens=java.rmi/sun.rmi.transport=ALL-UNNAMED
05-Sep-2025 15:55:31.149 INFO [main] org.apache.catalina.startup.VersionLoggerListener.log Command line argument: -Djava.util.logging.config.file=/usr/local/tomcat/conf/logging.properties
05-Sep-2025 15:55:31.150 INFO [main] org.apache.catalina.startup.VersionLoggerListener.log Command line argument: -Djava.util.logging.manager=org.apache.juli.ClassLoaderLogManager
05-Sep-2025 15:55:31.150 INFO [main] org.apache.catalina.startup.VersionLoggerListener.log Command line argument: -Xms1g
05-Sep-2025 15:55:31.150 INFO [main] org.apache.catalina.startup.VersionLoggerListener.log Command line argument: -Xmx2g
05-Sep-2025 15:55:31.151 INFO [main] org.apache.catalina.startup.VersionLoggerListener.log Command line argument: -Djava.net.preferIPv4Stack=true
05-Sep-2025 15:55:31.151 INFO [main] org.apache.catalina.startup.VersionLoggerListener.log Command line argument: -Drs.configdir=/config
05-Sep-2025 15:55:31.151 INFO [main] org.apache.catalina.startup.VersionLoggerListener.log Command line argument: -Drs.lucene.dir=/lucene_index
05-Sep-2025 15:55:31.151 INFO [main] org.apache.catalina.startup.VersionLoggerListener.log Command line argument: -Duser.timezone=Europe/Belgrade
05-Sep-2025 15:55:31.151 INFO [main] org.apache.catalina.startup.VersionLoggerListener.log Command line argument: -Djdk.tls.ephemeralDHKeySize=2048
05-Sep-2025 15:55:31.151 INFO [main] org.apache.catalina.startup.VersionLoggerListener.log Command line argument: -Djava.protocol.handler.pkgs=org.apache.catalina.webresources
05-Sep-2025 15:55:31.152 INFO [main] org.apache.catalina.startup.VersionLoggerListener.log Command line argument: -Dsun.io.useCanonCaches=false
05-Sep-2025 15:55:31.152 INFO [main] org.apache.catalina.startup.VersionLoggerListener.log Command line argument: -Dorg.apache.catalina.security.SecurityListener.UMASK=0027
05-Sep-2025 15:55:31.152 INFO [main] org.apache.catalina.startup.VersionLoggerListener.log Command line argument: -Xms1g
05-Sep-2025 15:55:31.152 INFO [main] org.apache.catalina.startup.VersionLoggerListener.log Command line argument: -Xmx2g
05-Sep-2025 15:55:31.152 INFO [main] org.apache.catalina.startup.VersionLoggerListener.log Command line argument: -Djava.net.preferIPv4Stack=true
05-Sep-2025 15:55:31.153 INFO [main] org.apache.catalina.startup.VersionLoggerListener.log Command line argument: -Drs.configdir=/config
05-Sep-2025 15:55:31.153 INFO [main] org.apache.catalina.startup.VersionLoggerListener.log Command line argument: -Drs.lucene.dir=/lucene_index
05-Sep-2025 15:55:31.153 INFO [main] org.apache.catalina.startup.VersionLoggerListener.log Command line argument: -Dignore.endorsed.dirs=
05-Sep-2025 15:55:31.153 INFO [main] org.apache.catalina.startup.VersionLoggerListener.log Command line argument: -Dcatalina.base=/usr/local/tomcat
05-Sep-2025 15:55:31.153 INFO [main] org.apache.catalina.startup.VersionLoggerListener.log Command line argument: -Dcatalina.home=/usr/local/tomcat
05-Sep-2025 15:55:31.153 INFO [main] org.apache.catalina.startup.VersionLoggerListener.log Command line argument: -Djava.io.tmpdir=/usr/local/tomcat/temp
05-Sep-2025 15:55:31.197 INFO [main] org.apache.catalina.core.AprLifecycleListener.lifecycleEvent Loaded Apache Tomcat Native library [1.3.1] using APR version [1.7.2].
05-Sep-2025 15:55:31.198 INFO [main] org.apache.catalina.core.AprLifecycleListener.lifecycleEvent APR capabilities: IPv6 [true], sendfile [true], accept filters [false], random [true], UDS [true].
05-Sep-2025 15:55:31.198 INFO [main] org.apache.catalina.core.AprLifecycleListener.lifecycleEvent APR/OpenSSL configuration: useAprConnector [false], useOpenSSL [true]
05-Sep-2025 15:55:31.211 INFO [main] org.apache.catalina.core.AprLifecycleListener.initializeSSL OpenSSL successfully initialized [OpenSSL 3.0.13 30 Jan 2024]
05-Sep-2025 15:55:31.896 INFO [main] org.apache.coyote.AbstractProtocol.init Initializing ProtocolHandler ["http-nio-8080"]
05-Sep-2025 15:55:31.964 INFO [main] org.apache.catalina.startup.Catalina.load Server initialization in [1414] milliseconds
05-Sep-2025 15:55:32.085 INFO [main] org.apache.catalina.core.StandardService.startInternal Starting service [Catalina]
05-Sep-2025 15:55:32.086 INFO [main] org.apache.catalina.core.StandardEngine.startInternal Starting Servlet engine: [Apache Tomcat/9.0.108]
05-Sep-2025 15:55:32.106 INFO [main] org.apache.catalina.startup.HostConfig.deployDirectory Deploying web application directory [/usr/local/tomcat/webapps/reportserver]
05-Sep-2025 15:55:53.816 INFO [main] org.apache.jasper.servlet.TldScanner.scanJars At least one JAR was scanned for TLDs yet contained no TLDs. Enable debug logging for this logger for a complete list of JARs that were scanned but no TLDs were found in them. Skipping unneeded JARs during scanning can improve startup time and JSP compilation time.
05-Sep-2025 15:56:36.471 INFO [main] org.apache.catalina.startup.HostConfig.deployDirectory Deployment of web application directory [/usr/local/tomcat/webapps/reportserver] has finished in [64,364] ms
05-Sep-2025 15:56:36.500 INFO [main] org.apache.coyote.AbstractProtocol.start Starting ProtocolHandler ["http-nio-8080"]
05-Sep-2025 15:56:36.539 INFO [main] org.apache.catalina.startup.Catalina.start Server startup in [64574] milliseconds
05-Sep-2025 20:05:08.855 INFO [Thread-17] org.apache.coyote.AbstractProtocol.pause Pausing ProtocolHandler ["http-nio-8080"]
05-Sep-2025 20:05:08.869 INFO [Thread-17] org.apache.catalina.core.StandardService.stopInternal Stopping service [Catalina]
05-Sep-2025 20:05:09.985 WARNING [Thread-17] org.apache.catalina.loader.WebappClassLoaderBase.clearReferencesJdbc The web application [reportserver] registered the JDBC driver [org.postgresql.Driver] but failed to unregister it when the web application was stopped. To prevent a memory leak, the JDBC Driver has been forcibly unregistered.
05-Sep-2025 20:05:09.988 WARNING [Thread-17] org.apache.catalina.loader.WebappClassLoaderBase.clearReferencesJdbc The web application [reportserver] registered the JDBC driver [org.h2.Driver] but failed to unregister it when the web application was stopped. To prevent a memory leak, the JDBC Driver has been forcibly unregistered.
05-Sep-2025 20:05:09.988 WARNING [Thread-17] org.apache.catalina.loader.WebappClassLoaderBase.clearReferencesJdbc The web application [reportserver] registered the JDBC driver [org.hsqldb.jdbc.JDBCDriver] but failed to unregister it when the web application was stopped. To prevent a memory leak, the JDBC Driver has been forcibly unregistered.
05-Sep-2025 20:05:09.988 WARNING [Thread-17] org.apache.catalina.loader.WebappClassLoaderBase.clearReferencesJdbc The web application [reportserver] registered the JDBC driver [org.mariadb.jdbc.Driver] but failed to unregister it when the web application was stopped. To prevent a memory leak, the JDBC Driver has been forcibly unregistered.
05-Sep-2025 20:05:09.988 WARNING [Thread-17] org.apache.catalina.loader.WebappClassLoaderBase.clearReferencesJdbc The web application [reportserver] registered the JDBC driver [com.mysql.cj.jdbc.Driver] but failed to unregister it when the web application was stopped. To prevent a memory leak, the JDBC Driver has been forcibly unregistered.
05-Sep-2025 20:05:09.989 WARNING [Thread-17] org.apache.catalina.loader.WebappClassLoaderBase.clearReferencesJdbc The web application [reportserver] registered the JDBC driver [org.sqlite.JDBC] but failed to unregister it when the web application was stopped. To prevent a memory leak, the JDBC Driver has been forcibly unregistered.
05-Sep-2025 20:05:09.990 WARNING [Thread-17] org.apache.catalina.loader.WebappClassLoaderBase.clearReferencesThreads The web application [reportserver] appears to have started a thread named [C3P0PooledConnectionPoolManager[identityToken->1bqrg1wbd79bwc2jjgqg3|31a3c79c]-AdminTaskTimer] but has failed to stop it. This is very likely to create a memory leak. Stack trace of thread:
 java.base@11.0.28/java.lang.Object.wait(Native Method)
 java.base@11.0.28/java.util.TimerThread.mainLoop(Timer.java:553)
 java.base@11.0.28/java.util.TimerThread.run(Timer.java:506)
05-Sep-2025 20:05:09.992 WARNING [Thread-17] org.apache.catalina.loader.WebappClassLoaderBase.clearReferencesThreads The web application [reportserver] appears to have started a thread named [C3P0PooledConnectionPoolManager[identityToken->1bqrg1wbd79bwc2jjgqg3|31a3c79c]-HelperThread-#0] but has failed to stop it. This is very likely to create a memory leak. Stack trace of thread:
 java.base@11.0.28/java.lang.Object.wait(Native Method)
 com.mchange.v2.async.ThreadPoolAsynchronousRunner$PoolThread.run(ThreadPoolAsynchronousRunner.java:683)
05-Sep-2025 20:05:09.995 WARNING [Thread-17] org.apache.catalina.loader.WebappClassLoaderBase.clearReferencesThreads The web application [reportserver] appears to have started a thread named [C3P0PooledConnectionPoolManager[identityToken->1bqrg1wbd79bwc2jjgqg3|31a3c79c]-HelperThread-#1] but has failed to stop it. This is very likely to create a memory leak. Stack trace of thread:
 java.base@11.0.28/java.lang.Object.wait(Native Method)
 com.mchange.v2.async.ThreadPoolAsynchronousRunner$PoolThread.run(ThreadPoolAsynchronousRunner.java:683)
05-Sep-2025 20:05:09.996 WARNING [Thread-17] org.apache.catalina.loader.WebappClassLoaderBase.clearReferencesThreads The web application [reportserver] appears to have started a thread named [C3P0PooledConnectionPoolManager[identityToken->1bqrg1wbd79bwc2jjgqg3|31a3c79c]-HelperThread-#2] but has failed to stop it. This is very likely to create a memory leak. Stack trace of thread:
 java.base@11.0.28/java.lang.Object.wait(Native Method)
 com.mchange.v2.async.ThreadPoolAsynchronousRunner$PoolThread.run(ThreadPoolAsynchronousRunner.java:683)
05-Sep-2025 20:05:09.999 WARNING [Thread-17] org.apache.catalina.loader.WebappClassLoaderBase.clearReferencesThreads The web application [reportserver] appears to have started a thread named [dwdaemon-JpaEventLoggerServiceImpl-1] but has failed to stop it. This is very likely to create a memory leak. Stack trace of thread:
 java.base@11.0.28/java.lang.Thread.sleep(Native Method)
 net.datenwerke.rs.utils.daemon.DwDaemonImpl.run(DwDaemonImpl.java:52)
 java.base@11.0.28/java.lang.Thread.run(Thread.java:829)
05-Sep-2025 20:05:10.002 WARNING [Thread-17] org.apache.catalina.loader.WebappClassLoaderBase.clearReferencesThreads The web application [reportserver] appears to have started a thread named [dwdaemon-watchdog-JpaEventLoggerServiceImpl] but has failed to stop it. This is very likely to create a memory leak. Stack trace of thread:
 java.base@11.0.28/java.lang.Thread.sleep(Native Method)
 net.datenwerke.rs.utils.daemon.DwDaemonWatchdog.run(DwDaemonWatchdog.java:30)
 java.base@11.0.28/java.lang.Thread.run(Thread.java:829)
05-Sep-2025 20:05:10.004 WARNING [Thread-17] org.apache.catalina.loader.WebappClassLoaderBase.clearReferencesThreads The web application [reportserver] appears to have started a thread named [mysql-cj-abandoned-connection-cleanup] but has failed to stop it. This is very likely to create a memory leak. Stack trace of thread:
 java.base@11.0.28/java.lang.Object.wait(Native Method)
 java.base@11.0.28/java.lang.ref.ReferenceQueue.remove(ReferenceQueue.java:155)
 com.mysql.cj.jdbc.AbandonedConnectionCleanupThread.run(AbandonedConnectionCleanupThread.java:84)
 java.base@11.0.28/java.util.concurrent.ThreadPoolExecutor.runWorker(ThreadPoolExecutor.java:1128)
 java.base@11.0.28/java.util.concurrent.ThreadPoolExecutor$Worker.run(ThreadPoolExecutor.java:628)
 java.base@11.0.28/java.lang.Thread.run(Thread.java:829)
05-Sep-2025 20:05:10.005 WARNING [Thread-17] org.apache.catalina.loader.WebappClassLoaderBase.clearReferencesThreads The web application [reportserver] appears to have started a thread named [Thread-60] but has failed to stop it. This is very likely to create a memory leak. Stack trace of thread:
 java.base@11.0.28/sun.nio.ch.EPoll.wait(Native Method)
 java.base@11.0.28/sun.nio.ch.EPollPort$EventHandlerTask.poll(EPollPort.java:200)
 java.base@11.0.28/sun.nio.ch.EPollPort$EventHandlerTask.run(EPollPort.java:281)
 java.base@11.0.28/java.lang.Thread.run(Thread.java:829)
05-Sep-2025 20:05:10.007 WARNING [Thread-17] org.apache.catalina.loader.WebappClassLoaderBase.clearReferencesThreads The web application [reportserver] appears to have started a thread named [sshd-SshServer[714c772b](port=8022)-timer-thread-1] but has failed to stop it. This is very likely to create a memory leak. Stack trace of thread:
 java.base@11.0.28/jdk.internal.misc.Unsafe.park(Native Method)
 java.base@11.0.28/java.util.concurrent.locks.LockSupport.parkNanos(LockSupport.java:234)
 java.base@11.0.28/java.util.concurrent.locks.AbstractQueuedSynchronizer$ConditionObject.awaitNanos(AbstractQueuedSynchronizer.java:2123)
 java.base@11.0.28/java.util.concurrent.ScheduledThreadPoolExecutor$DelayedWorkQueue.take(ScheduledThreadPoolExecutor.java:1182)
 java.base@11.0.28/java.util.concurrent.ScheduledThreadPoolExecutor$DelayedWorkQueue.take(ScheduledThreadPoolExecutor.java:899)
 java.base@11.0.28/java.util.concurrent.ThreadPoolExecutor.getTask(ThreadPoolExecutor.java:1054)
 java.base@11.0.28/java.util.concurrent.ThreadPoolExecutor.runWorker(ThreadPoolExecutor.java:1114)
 java.base@11.0.28/java.util.concurrent.ThreadPoolExecutor$Worker.run(ThreadPoolExecutor.java:628)
 java.base@11.0.28/java.lang.Thread.run(Thread.java:829)
05-Sep-2025 20:05:10.009 WARNING [Thread-17] org.apache.catalina.loader.WebappClassLoaderBase.clearReferencesThreads The web application [reportserver] appears to have started a thread named [dwdaemon-MaintenanceServiceImpl-1] but has failed to stop it. This is very likely to create a memory leak. Stack trace of thread:
 java.base@11.0.28/java.lang.Thread.sleep(Native Method)
 net.datenwerke.rs.utils.daemon.DwDaemonImpl.run(DwDaemonImpl.java:52)
 java.base@11.0.28/java.lang.Thread.run(Thread.java:829)
05-Sep-2025 20:05:10.010 WARNING [Thread-17] org.apache.catalina.loader.WebappClassLoaderBase.clearReferencesThreads The web application [reportserver] appears to have started a thread named [dwdaemon-watchdog-MaintenanceServiceImpl] but has failed to stop it. This is very likely to create a memory leak. Stack trace of thread:
 java.base@11.0.28/java.lang.Thread.sleep(Native Method)
 net.datenwerke.rs.utils.daemon.DwDaemonWatchdog.run(DwDaemonWatchdog.java:30)
 java.base@11.0.28/java.lang.Thread.run(Thread.java:829)
05-Sep-2025 20:05:10.016 WARNING [Thread-17] org.apache.catalina.loader.WebappClassLoaderBase.clearReferencesThreads The web application [reportserver] appears to have started a thread named [scheduler-watchdog] but has failed to stop it. This is very likely to create a memory leak. Stack trace of thread:
 java.base@11.0.28/java.lang.Thread.sleep(Native Method)
 net.datenwerke.scheduler.service.scheduler.SchedulerWatchdog.run(SchedulerWatchdog.java:32)
 java.base@11.0.28/java.lang.Thread.run(Thread.java:829)
05-Sep-2025 20:05:10.021 SEVERE [Thread-17] org.apache.catalina.loader.WebappClassLoaderBase.checkThreadLocalMapForLeaks The web application [reportserver] created a ThreadLocal with key of type [java.lang.ThreadLocal] (value [java.lang.ThreadLocal@5f332018]) and a value of type [java.lang.Class] (value [class Faktura_3edd258033a127f253a0a93c7f1942d07e0f02b15cb8f23fc3ebb70252ce2bd1]) but failed to remove it when the web application was stopped. Threads are going to be renewed over time to try and avoid a probable memory leak.
05-Sep-2025 20:05:10.244 SEVERE [Thread-17] org.apache.catalina.loader.WebappClassLoaderBase.checkThreadLocalMapForLeaks The web application [reportserver] created a ThreadLocal with key of type [java.lang.ThreadLocal] (value [java.lang.ThreadLocal@35c87373]) and a value of type [org.apache.commons.collections4.map.ReferenceMap] (value [{ParallelWebappClassLoader
  context: reportserver
  delegate: false
----------> Parent Classloader:
java.net.URLClassLoader@5a10411
=org.apache.xerces.util.XMLGrammarPoolImpl@2067ea6}]) but failed to remove it when the web application was stopped. Threads are going to be renewed over time to try and avoid a probable memory leak.
05-Sep-2025 20:05:10.245 SEVERE [Thread-17] org.apache.catalina.loader.WebappClassLoaderBase.checkThreadLocalMapForLeaks The web application [reportserver] created a ThreadLocal with key of type [java.lang.InheritableThreadLocal] (value [java.lang.InheritableThreadLocal@702df2cc]) and a value of type [net.datenwerke.rs.base.service.reportengines.jasper.JasperReportEngine$3] (value [net.datenwerke.rs.base.service.reportengines.jasper.JasperReportEngine$3@42144d7]) but failed to remove it when the web application was stopped. Threads are going to be renewed over time to try and avoid a probable memory leak.
05-Sep-2025 20:05:10.245 SEVERE [Thread-17] org.apache.catalina.loader.WebappClassLoaderBase.checkThreadLocalMapForLeaks The web application [reportserver] created a ThreadLocal with key of type [java.lang.ThreadLocal] (value [java.lang.ThreadLocal@5f332018]) and a value of type [java.lang.Class] (value [class Stanje_po_magacinima_wms2_c34ca1baf9effc9d3ba8059e0e34b1ec885e2ec59b5a3635eee8c2e5cc1016e9]) but failed to remove it when the web application was stopped. Threads are going to be renewed over time to try and avoid a probable memory leak.
05-Sep-2025 20:05:10.246 SEVERE [Thread-17] org.apache.catalina.loader.WebappClassLoaderBase.checkThreadLocalMapForLeaks The web application [reportserver] created a ThreadLocal with key of type [java.lang.ThreadLocal] (value [java.lang.ThreadLocal@35c87373]) and a value of type [org.apache.commons.collections4.map.ReferenceMap] (value [{}]) but failed to remove it when the web application was stopped. Threads are going to be renewed over time to try and avoid a probable memory leak.
05-Sep-2025 20:05:10.250 SEVERE [Thread-17] org.apache.catalina.loader.WebappClassLoaderBase.checkThreadLocalMapForLeaks The web application [reportserver] created a ThreadLocal with key of type [java.lang.InheritableThreadLocal] (value [java.lang.InheritableThreadLocal@702df2cc]) and a value of type [net.datenwerke.rs.base.service.reportengines.jasper.JasperReportEngine$3] (value [net.datenwerke.rs.base.service.reportengines.jasper.JasperReportEngine$3@3563e9bb]) but failed to remove it when the web application was stopped. Threads are going to be renewed over time to try and avoid a probable memory leak.
05-Sep-2025 20:05:10.252 SEVERE [Thread-17] org.apache.catalina.loader.WebappClassLoaderBase.checkThreadLocalMapForLeaks The web application [reportserver] created a ThreadLocal with key of type [java.lang.ThreadLocal] (value [java.lang.ThreadLocal@5f332018]) and a value of type [java.lang.Class] (value [class Stanje_0473dba2cde6197d3dae987b569007186697191885a94d5953a940e07a744ac6]) but failed to remove it when the web application was stopped. Threads are going to be renewed over time to try and avoid a probable memory leak.
05-Sep-2025 20:05:10.253 SEVERE [Thread-17] org.apache.catalina.loader.WebappClassLoaderBase.checkThreadLocalMapForLeaks The web application [reportserver] created a ThreadLocal with key of type [java.lang.ThreadLocal] (value [java.lang.ThreadLocal@35c87373]) and a value of type [org.apache.commons.collections4.map.ReferenceMap] (value [{ParallelWebappClassLoader
  context: reportserver
  delegate: false
----------> Parent Classloader:
java.net.URLClassLoader@5a10411
=org.apache.xerces.util.XMLGrammarPoolImpl@223d3ba8}]) but failed to remove it when the web application was stopped. Threads are going to be renewed over time to try and avoid a probable memory leak.
05-Sep-2025 20:05:10.253 SEVERE [Thread-17] org.apache.catalina.loader.WebappClassLoaderBase.checkThreadLocalMapForLeaks The web application [reportserver] created a ThreadLocal with key of type [java.lang.InheritableThreadLocal] (value [java.lang.InheritableThreadLocal@702df2cc]) and a value of type [net.datenwerke.rs.base.service.reportengines.jasper.JasperReportEngine$3] (value [net.datenwerke.rs.base.service.reportengines.jasper.JasperReportEngine$3@3d9916b1]) but failed to remove it when the web application was stopped. Threads are going to be renewed over time to try and avoid a probable memory leak.
05-Sep-2025 20:05:10.323 INFO [Thread-17] org.apache.coyote.AbstractProtocol.stop Stopping ProtocolHandler ["http-nio-8080"]
05-Sep-2025 20:05:10.444 INFO [Thread-17] org.apache.coyote.AbstractProtocol.destroy Destroying ProtocolHandler ["http-nio-8080"]
05-Sep-2025 20:08:38.933 INFO [main] org.apache.catalina.startup.VersionLoggerListener.log Server version name:   Apache Tomcat/9.0.108
05-Sep-2025 20:08:38.961 INFO [main] org.apache.catalina.startup.VersionLoggerListener.log Server built:          Jul 31 2025 18:19:48 UTC
05-Sep-2025 20:08:38.962 INFO [main] org.apache.catalina.startup.VersionLoggerListener.log Server version number: 9.0.108.0
05-Sep-2025 20:08:38.962 INFO [main] org.apache.catalina.startup.VersionLoggerListener.log OS Name:               Linux
05-Sep-2025 20:08:38.962 INFO [main] org.apache.catalina.startup.VersionLoggerListener.log OS Version:            6.8.0-79-generic
05-Sep-2025 20:08:38.962 INFO [main] org.apache.catalina.startup.VersionLoggerListener.log Architecture:          amd64
05-Sep-2025 20:08:38.963 INFO [main] org.apache.catalina.startup.VersionLoggerListener.log Java Home:             /opt/java/openjdk
05-Sep-2025 20:08:38.963 INFO [main] org.apache.catalina.startup.VersionLoggerListener.log JVM Version:           11.0.28+6
05-Sep-2025 20:08:38.963 INFO [main] org.apache.catalina.startup.VersionLoggerListener.log JVM Vendor:            Eclipse Adoptium
05-Sep-2025 20:08:38.963 INFO [main] org.apache.catalina.startup.VersionLoggerListener.log CATALINA_BASE:         /usr/local/tomcat
05-Sep-2025 20:08:38.963 INFO [main] org.apache.catalina.startup.VersionLoggerListener.log CATALINA_HOME:         /usr/local/tomcat
05-Sep-2025 20:08:39.066 INFO [main] org.apache.catalina.startup.VersionLoggerListener.log Command line argument: --add-opens=java.base/java.lang=ALL-UNNAMED
05-Sep-2025 20:08:39.070 INFO [main] org.apache.catalina.startup.VersionLoggerListener.log Command line argument: --add-opens=java.base/java.lang.invoke=ALL-UNNAMED
05-Sep-2025 20:08:39.070 INFO [main] org.apache.catalina.startup.VersionLoggerListener.log Command line argument: --add-opens=java.base/java.lang.reflect=ALL-UNNAMED
05-Sep-2025 20:08:39.072 INFO [main] org.apache.catalina.startup.VersionLoggerListener.log Command line argument: --add-opens=java.base/java.io=ALL-UNNAMED
05-Sep-2025 20:08:39.073 INFO [main] org.apache.catalina.startup.VersionLoggerListener.log Command line argument: --add-opens=java.base/java.util=ALL-UNNAMED
05-Sep-2025 20:08:39.073 INFO [main] org.apache.catalina.startup.VersionLoggerListener.log Command line argument: --add-opens=java.base/java.util.concurrent=ALL-UNNAMED
05-Sep-2025 20:08:39.073 INFO [main] org.apache.catalina.startup.VersionLoggerListener.log Command line argument: --add-opens=java.rmi/sun.rmi.transport=ALL-UNNAMED
05-Sep-2025 20:08:39.074 INFO [main] org.apache.catalina.startup.VersionLoggerListener.log Command line argument: -Djava.util.logging.config.file=/usr/local/tomcat/conf/logging.properties
05-Sep-2025 20:08:39.074 INFO [main] org.apache.catalina.startup.VersionLoggerListener.log Command line argument: -Djava.util.logging.manager=org.apache.juli.ClassLoaderLogManager
05-Sep-2025 20:08:39.075 INFO [main] org.apache.catalina.startup.VersionLoggerListener.log Command line argument: -Xms1g
05-Sep-2025 20:08:39.075 INFO [main] org.apache.catalina.startup.VersionLoggerListener.log Command line argument: -Xmx2g
05-Sep-2025 20:08:39.075 INFO [main] org.apache.catalina.startup.VersionLoggerListener.log Command line argument: -Djava.net.preferIPv4Stack=true
05-Sep-2025 20:08:39.075 INFO [main] org.apache.catalina.startup.VersionLoggerListener.log Command line argument: -Drs.configdir=/config
05-Sep-2025 20:08:39.076 INFO [main] org.apache.catalina.startup.VersionLoggerListener.log Command line argument: -Drs.lucene.dir=/lucene_index
05-Sep-2025 20:08:39.076 INFO [main] org.apache.catalina.startup.VersionLoggerListener.log Command line argument: -Duser.timezone=Europe/Belgrade
05-Sep-2025 20:08:39.077 INFO [main] org.apache.catalina.startup.VersionLoggerListener.log Command line argument: -Djdk.tls.ephemeralDHKeySize=2048
05-Sep-2025 20:08:39.077 INFO [main] org.apache.catalina.startup.VersionLoggerListener.log Command line argument: -Djava.protocol.handler.pkgs=org.apache.catalina.webresources
05-Sep-2025 20:08:39.078 INFO [main] org.apache.catalina.startup.VersionLoggerListener.log Command line argument: -Dsun.io.useCanonCaches=false
05-Sep-2025 20:08:39.078 INFO [main] org.apache.catalina.startup.VersionLoggerListener.log Command line argument: -Dorg.apache.catalina.security.SecurityListener.UMASK=0027
05-Sep-2025 20:08:39.078 INFO [main] org.apache.catalina.startup.VersionLoggerListener.log Command line argument: -Xms1g
05-Sep-2025 20:08:39.078 INFO [main] org.apache.catalina.startup.VersionLoggerListener.log Command line argument: -Xmx2g
05-Sep-2025 20:08:39.078 INFO [main] org.apache.catalina.startup.VersionLoggerListener.log Command line argument: -Djava.net.preferIPv4Stack=true
05-Sep-2025 20:08:39.078 INFO [main] org.apache.catalina.startup.VersionLoggerListener.log Command line argument: -Drs.configdir=/config
05-Sep-2025 20:08:39.078 INFO [main] org.apache.catalina.startup.VersionLoggerListener.log Command line argument: -Drs.lucene.dir=/lucene_index
05-Sep-2025 20:08:39.078 INFO [main] org.apache.catalina.startup.VersionLoggerListener.log Command line argument: -Dignore.endorsed.dirs=
05-Sep-2025 20:08:39.079 INFO [main] org.apache.catalina.startup.VersionLoggerListener.log Command line argument: -Dcatalina.base=/usr/local/tomcat
05-Sep-2025 20:08:39.079 INFO [main] org.apache.catalina.startup.VersionLoggerListener.log Command line argument: -Dcatalina.home=/usr/local/tomcat
05-Sep-2025 20:08:39.079 INFO [main] org.apache.catalina.startup.VersionLoggerListener.log Command line argument: -Djava.io.tmpdir=/usr/local/tomcat/temp
05-Sep-2025 20:08:39.111 INFO [main] org.apache.catalina.core.AprLifecycleListener.lifecycleEvent Loaded Apache Tomcat Native library [1.3.1] using APR version [1.7.2].
05-Sep-2025 20:08:39.112 INFO [main] org.apache.catalina.core.AprLifecycleListener.lifecycleEvent APR capabilities: IPv6 [true], sendfile [true], accept filters [false], random [true], UDS [true].
05-Sep-2025 20:08:39.112 INFO [main] org.apache.catalina.core.AprLifecycleListener.lifecycleEvent APR/OpenSSL configuration: useAprConnector [false], useOpenSSL [true]
05-Sep-2025 20:08:39.134 INFO [main] org.apache.catalina.core.AprLifecycleListener.initializeSSL OpenSSL successfully initialized [OpenSSL 3.0.13 30 Jan 2024]
05-Sep-2025 20:08:40.094 INFO [main] org.apache.coyote.AbstractProtocol.init Initializing ProtocolHandler ["http-nio-8080"]
05-Sep-2025 20:08:40.234 INFO [main] org.apache.catalina.startup.Catalina.load Server initialization in [1932] milliseconds
05-Sep-2025 20:08:40.574 INFO [main] org.apache.catalina.core.StandardService.startInternal Starting service [Catalina]
05-Sep-2025 20:08:40.575 INFO [main] org.apache.catalina.core.StandardEngine.startInternal Starting Servlet engine: [Apache Tomcat/9.0.108]
05-Sep-2025 20:08:40.697 INFO [main] org.apache.catalina.startup.HostConfig.deployDirectory Deploying web application directory [/usr/local/tomcat/webapps/reportserver]
05-Sep-2025 20:09:22.000 INFO [main] org.apache.jasper.servlet.TldScanner.scanJars At least one JAR was scanned for TLDs yet contained no TLDs. Enable debug logging for this logger for a complete list of JARs that were scanned but no TLDs were found in them. Skipping unneeded JARs during scanning can improve startup time and JSP compilation time.
05-Sep-2025 20:10:01.351 INFO [main] org.apache.catalina.startup.HostConfig.deployDirectory Deployment of web application directory [/usr/local/tomcat/webapps/reportserver] has finished in [80,653] ms
05-Sep-2025 20:10:01.402 INFO [main] org.apache.coyote.AbstractProtocol.start Starting ProtocolHandler ["http-nio-8080"]
05-Sep-2025 20:10:01.484 INFO [main] org.apache.catalina.startup.Catalina.start Server startup in [81248] milliseconds
05-Sep-2025 20:12:38.687 INFO [http-nio-8080-exec-7] org.apache.coyote.http11.Http11Processor.service Error parsing HTTP request header
 Note: further occurrences of HTTP request parsing errors will be logged at DEBUG level.
	java.lang.IllegalArgumentException: Invalid character found in method name [0x160x030x000x00i0x010x000x00e0x030x03U0x1c0xa70xe4random1random2random3random40x000x000x0c0x00/0x000x0a0x000x130x0090x000x040x000xff0x010x000x0000x000x0d0x00,0x00*0x000x010x000x030x000x020x060x010x060x030x060x020x020x010x020x030x020x020x030x010x030x030x030x020x040x010x040x030x040x020x010x010x010x030x010x020x050x010x050x030x050x02...]. HTTP method names must be tokens
		at org.apache.coyote.http11.Http11InputBuffer.parseRequestLine(Http11InputBuffer.java:404)
		at org.apache.coyote.http11.Http11Processor.service(Http11Processor.java:270)
		at org.apache.coyote.AbstractProcessorLight.process(AbstractProcessorLight.java:63)
		at org.apache.coyote.AbstractProtocol$ConnectionHandler.process(AbstractProtocol.java:935)
		at org.apache.tomcat.util.net.NioEndpoint$SocketProcessor.doRun(NioEndpoint.java:1826)
		at org.apache.tomcat.util.net.SocketProcessorBase.run(SocketProcessorBase.java:52)
		at org.apache.tomcat.util.threads.ThreadPoolExecutor.runWorker(ThreadPoolExecutor.java:1189)
		at org.apache.tomcat.util.threads.ThreadPoolExecutor$Worker.run(ThreadPoolExecutor.java:658)
		at org.apache.tomcat.util.threads.TaskThread$WrappingRunnable.run(TaskThread.java:63)
		at java.base/java.lang.Thread.run(Thread.java:829)
05-Sep-2025 20:13:04.396 INFO [Thread-21] org.apache.coyote.AbstractProtocol.pause Pausing ProtocolHandler ["http-nio-8080"]
05-Sep-2025 20:13:04.403 INFO [Thread-21] org.apache.catalina.core.StandardService.stopInternal Stopping service [Catalina]
05-Sep-2025 20:13:04.707 WARNING [Thread-21] org.apache.catalina.loader.WebappClassLoaderBase.clearReferencesJdbc The web application [reportserver] registered the JDBC driver [org.postgresql.Driver] but failed to unregister it when the web application was stopped. To prevent a memory leak, the JDBC Driver has been forcibly unregistered.
05-Sep-2025 20:13:04.710 WARNING [Thread-21] org.apache.catalina.loader.WebappClassLoaderBase.clearReferencesJdbc The web application [reportserver] registered the JDBC driver [org.h2.Driver] but failed to unregister it when the web application was stopped. To prevent a memory leak, the JDBC Driver has been forcibly unregistered.
05-Sep-2025 20:13:04.710 WARNING [Thread-21] org.apache.catalina.loader.WebappClassLoaderBase.clearReferencesJdbc The web application [reportserver] registered the JDBC driver [org.hsqldb.jdbc.JDBCDriver] but failed to unregister it when the web application was stopped. To prevent a memory leak, the JDBC Driver has been forcibly unregistered.
05-Sep-2025 20:13:04.710 WARNING [Thread-21] org.apache.catalina.loader.WebappClassLoaderBase.clearReferencesJdbc The web application [reportserver] registered the JDBC driver [org.mariadb.jdbc.Driver] but failed to unregister it when the web application was stopped. To prevent a memory leak, the JDBC Driver has been forcibly unregistered.
05-Sep-2025 20:13:04.710 WARNING [Thread-21] org.apache.catalina.loader.WebappClassLoaderBase.clearReferencesJdbc The web application [reportserver] registered the JDBC driver [com.mysql.cj.jdbc.Driver] but failed to unregister it when the web application was stopped. To prevent a memory leak, the JDBC Driver has been forcibly unregistered.
05-Sep-2025 20:13:04.710 WARNING [Thread-21] org.apache.catalina.loader.WebappClassLoaderBase.clearReferencesJdbc The web application [reportserver] registered the JDBC driver [org.sqlite.JDBC] but failed to unregister it when the web application was stopped. To prevent a memory leak, the JDBC Driver has been forcibly unregistered.
05-Sep-2025 20:13:04.720 WARNING [Thread-21] org.apache.catalina.loader.WebappClassLoaderBase.clearReferencesThreads The web application [reportserver] appears to have started a thread named [C3P0PooledConnectionPoolManager[identityToken->1bqrg1wbd7idvg4yva7jf|5a6fd48]-AdminTaskTimer] but has failed to stop it. This is very likely to create a memory leak. Stack trace of thread:
 java.base@11.0.28/java.lang.Object.wait(Native Method)
 java.base@11.0.28/java.util.TimerThread.mainLoop(Timer.java:553)
 java.base@11.0.28/java.util.TimerThread.run(Timer.java:506)
05-Sep-2025 20:13:04.722 WARNING [Thread-21] org.apache.catalina.loader.WebappClassLoaderBase.clearReferencesThreads The web application [reportserver] appears to have started a thread named [C3P0PooledConnectionPoolManager[identityToken->1bqrg1wbd7idvg4yva7jf|5a6fd48]-HelperThread-#0] but has failed to stop it. This is very likely to create a memory leak. Stack trace of thread:
 java.base@11.0.28/java.lang.Object.wait(Native Method)
 com.mchange.v2.async.ThreadPoolAsynchronousRunner$PoolThread.run(ThreadPoolAsynchronousRunner.java:683)
05-Sep-2025 20:13:04.731 WARNING [Thread-21] org.apache.catalina.loader.WebappClassLoaderBase.clearReferencesThreads The web application [reportserver] appears to have started a thread named [C3P0PooledConnectionPoolManager[identityToken->1bqrg1wbd7idvg4yva7jf|5a6fd48]-HelperThread-#1] but has failed to stop it. This is very likely to create a memory leak. Stack trace of thread:
 java.base@11.0.28/java.lang.Object.wait(Native Method)
 com.mchange.v2.async.ThreadPoolAsynchronousRunner$PoolThread.run(ThreadPoolAsynchronousRunner.java:683)
05-Sep-2025 20:13:04.740 WARNING [Thread-21] org.apache.catalina.loader.WebappClassLoaderBase.clearReferencesThreads The web application [reportserver] appears to have started a thread named [C3P0PooledConnectionPoolManager[identityToken->1bqrg1wbd7idvg4yva7jf|5a6fd48]-HelperThread-#2] but has failed to stop it. This is very likely to create a memory leak. Stack trace of thread:
 java.base@11.0.28/java.lang.Object.wait(Native Method)
 com.mchange.v2.async.ThreadPoolAsynchronousRunner$PoolThread.run(ThreadPoolAsynchronousRunner.java:683)
05-Sep-2025 20:13:04.743 WARNING [Thread-21] org.apache.catalina.loader.WebappClassLoaderBase.clearReferencesThreads The web application [reportserver] appears to have started a thread named [dwdaemon-JpaEventLoggerServiceImpl-1] but has failed to stop it. This is very likely to create a memory leak. Stack trace of thread:
 java.base@11.0.28/java.lang.Thread.sleep(Native Method)
 net.datenwerke.rs.utils.daemon.DwDaemonImpl.run(DwDaemonImpl.java:52)
 java.base@11.0.28/java.lang.Thread.run(Thread.java:829)
05-Sep-2025 20:13:04.746 WARNING [Thread-21] org.apache.catalina.loader.WebappClassLoaderBase.clearReferencesThreads The web application [reportserver] appears to have started a thread named [dwdaemon-watchdog-JpaEventLoggerServiceImpl] but has failed to stop it. This is very likely to create a memory leak. Stack trace of thread:
 java.base@11.0.28/java.lang.Thread.sleep(Native Method)
 net.datenwerke.rs.utils.daemon.DwDaemonWatchdog.run(DwDaemonWatchdog.java:30)
 java.base@11.0.28/java.lang.Thread.run(Thread.java:829)
05-Sep-2025 20:13:04.748 WARNING [Thread-21] org.apache.catalina.loader.WebappClassLoaderBase.clearReferencesThreads The web application [reportserver] appears to have started a thread named [Thread-20] but has failed to stop it. This is very likely to create a memory leak. Stack trace of thread:
 java.base@11.0.28/sun.nio.ch.EPoll.wait(Native Method)
 java.base@11.0.28/sun.nio.ch.EPollPort$EventHandlerTask.poll(EPollPort.java:200)
 java.base@11.0.28/sun.nio.ch.EPollPort$EventHandlerTask.run(EPollPort.java:281)
 java.base@11.0.28/java.lang.Thread.run(Thread.java:829)
05-Sep-2025 20:13:04.750 WARNING [Thread-21] org.apache.catalina.loader.WebappClassLoaderBase.clearReferencesThreads The web application [reportserver] appears to have started a thread named [sshd-SshServer[6bf93f89](port=8022)-timer-thread-1] but has failed to stop it. This is very likely to create a memory leak. Stack trace of thread:
 java.base@11.0.28/jdk.internal.misc.Unsafe.park(Native Method)
 java.base@11.0.28/java.util.concurrent.locks.LockSupport.parkNanos(LockSupport.java:234)
 java.base@11.0.28/java.util.concurrent.locks.AbstractQueuedSynchronizer$ConditionObject.awaitNanos(AbstractQueuedSynchronizer.java:2123)
 java.base@11.0.28/java.util.concurrent.ScheduledThreadPoolExecutor$DelayedWorkQueue.take(ScheduledThreadPoolExecutor.java:1182)
 java.base@11.0.28/java.util.concurrent.ScheduledThreadPoolExecutor$DelayedWorkQueue.take(ScheduledThreadPoolExecutor.java:899)
 java.base@11.0.28/java.util.concurrent.ThreadPoolExecutor.getTask(ThreadPoolExecutor.java:1054)
 java.base@11.0.28/java.util.concurrent.ThreadPoolExecutor.runWorker(ThreadPoolExecutor.java:1114)
 java.base@11.0.28/java.util.concurrent.ThreadPoolExecutor$Worker.run(ThreadPoolExecutor.java:628)
 java.base@11.0.28/java.lang.Thread.run(Thread.java:829)
05-Sep-2025 20:13:04.750 WARNING [Thread-21] org.apache.catalina.loader.WebappClassLoaderBase.clearReferencesThreads The web application [reportserver] appears to have started a thread named [dwdaemon-MaintenanceServiceImpl-1] but has failed to stop it. This is very likely to create a memory leak. Stack trace of thread:
 java.base@11.0.28/java.lang.Thread.sleep(Native Method)
 net.datenwerke.rs.utils.daemon.DwDaemonImpl.run(DwDaemonImpl.java:52)
 java.base@11.0.28/java.lang.Thread.run(Thread.java:829)
05-Sep-2025 20:13:04.751 WARNING [Thread-21] org.apache.catalina.loader.WebappClassLoaderBase.clearReferencesThreads The web application [reportserver] appears to have started a thread named [dwdaemon-watchdog-MaintenanceServiceImpl] but has failed to stop it. This is very likely to create a memory leak. Stack trace of thread:
 java.base@11.0.28/java.lang.Thread.sleep(Native Method)
 net.datenwerke.rs.utils.daemon.DwDaemonWatchdog.run(DwDaemonWatchdog.java:30)
 java.base@11.0.28/java.lang.Thread.run(Thread.java:829)
05-Sep-2025 20:13:04.754 WARNING [Thread-21] org.apache.catalina.loader.WebappClassLoaderBase.clearReferencesThreads The web application [reportserver] appears to have started a thread named [mysql-cj-abandoned-connection-cleanup] but has failed to stop it. This is very likely to create a memory leak. Stack trace of thread:
 java.base@11.0.28/java.lang.Object.wait(Native Method)
 java.base@11.0.28/java.lang.ref.ReferenceQueue.remove(ReferenceQueue.java:155)
 com.mysql.cj.jdbc.AbandonedConnectionCleanupThread.run(AbandonedConnectionCleanupThread.java:84)
 java.base@11.0.28/java.util.concurrent.ThreadPoolExecutor.runWorker(ThreadPoolExecutor.java:1128)
 java.base@11.0.28/java.util.concurrent.ThreadPoolExecutor$Worker.run(ThreadPoolExecutor.java:628)
 java.base@11.0.28/java.lang.Thread.run(Thread.java:829)
05-Sep-2025 20:13:04.764 WARNING [Thread-21] org.apache.catalina.loader.WebappClassLoaderBase.clearReferencesThreads The web application [reportserver] appears to have started a thread named [scheduler-watchdog] but has failed to stop it. This is very likely to create a memory leak. Stack trace of thread:
 java.base@11.0.28/java.lang.Thread.sleep(Native Method)
 net.datenwerke.scheduler.service.scheduler.SchedulerWatchdog.run(SchedulerWatchdog.java:32)
 java.base@11.0.28/java.lang.Thread.run(Thread.java:829)
05-Sep-2025 20:13:04.798 INFO [Thread-21] org.apache.coyote.AbstractProtocol.stop Stopping ProtocolHandler ["http-nio-8080"]
05-Sep-2025 20:13:04.835 INFO [Thread-21] org.apache.coyote.AbstractProtocol.destroy Destroying ProtocolHandler ["http-nio-8080"]
05-Sep-2025 20:13:36.540 INFO [main] org.apache.catalina.startup.VersionLoggerListener.log Server version name:   Apache Tomcat/9.0.108
05-Sep-2025 20:13:36.549 INFO [main] org.apache.catalina.startup.VersionLoggerListener.log Server built:          Jul 31 2025 18:19:48 UTC
05-Sep-2025 20:13:36.549 INFO [main] org.apache.catalina.startup.VersionLoggerListener.log Server version number: 9.0.108.0
05-Sep-2025 20:13:36.549 INFO [main] org.apache.catalina.startup.VersionLoggerListener.log OS Name:               Linux
05-Sep-2025 20:13:36.549 INFO [main] org.apache.catalina.startup.VersionLoggerListener.log OS Version:            6.8.0-79-generic
05-Sep-2025 20:13:36.549 INFO [main] org.apache.catalina.startup.VersionLoggerListener.log Architecture:          amd64
05-Sep-2025 20:13:36.549 INFO [main] org.apache.catalina.startup.VersionLoggerListener.log Java Home:             /opt/java/openjdk
05-Sep-2025 20:13:36.550 INFO [main] org.apache.catalina.startup.VersionLoggerListener.log JVM Version:           11.0.28+6
05-Sep-2025 20:13:36.550 INFO [main] org.apache.catalina.startup.VersionLoggerListener.log JVM Vendor:            Eclipse Adoptium
05-Sep-2025 20:13:36.550 INFO [main] org.apache.catalina.startup.VersionLoggerListener.log CATALINA_BASE:         /usr/local/tomcat
05-Sep-2025 20:13:36.550 INFO [main] org.apache.catalina.startup.VersionLoggerListener.log CATALINA_HOME:         /usr/local/tomcat
05-Sep-2025 20:13:36.571 INFO [main] org.apache.catalina.startup.VersionLoggerListener.log Command line argument: --add-opens=java.base/java.lang=ALL-UNNAMED
05-Sep-2025 20:13:36.571 INFO [main] org.apache.catalina.startup.VersionLoggerListener.log Command line argument: --add-opens=java.base/java.lang.invoke=ALL-UNNAMED
05-Sep-2025 20:13:36.572 INFO [main] org.apache.catalina.startup.VersionLoggerListener.log Command line argument: --add-opens=java.base/java.lang.reflect=ALL-UNNAMED
05-Sep-2025 20:13:36.572 INFO [main] org.apache.catalina.startup.VersionLoggerListener.log Command line argument: --add-opens=java.base/java.io=ALL-UNNAMED
05-Sep-2025 20:13:36.572 INFO [main] org.apache.catalina.startup.VersionLoggerListener.log Command line argument: --add-opens=java.base/java.util=ALL-UNNAMED
05-Sep-2025 20:13:36.573 INFO [main] org.apache.catalina.startup.VersionLoggerListener.log Command line argument: --add-opens=java.base/java.util.concurrent=ALL-UNNAMED
05-Sep-2025 20:13:36.573 INFO [main] org.apache.catalina.startup.VersionLoggerListener.log Command line argument: --add-opens=java.rmi/sun.rmi.transport=ALL-UNNAMED
05-Sep-2025 20:13:36.573 INFO [main] org.apache.catalina.startup.VersionLoggerListener.log Command line argument: -Djava.util.logging.config.file=/usr/local/tomcat/conf/logging.properties
05-Sep-2025 20:13:36.573 INFO [main] org.apache.catalina.startup.VersionLoggerListener.log Command line argument: -Djava.util.logging.manager=org.apache.juli.ClassLoaderLogManager
05-Sep-2025 20:13:36.574 INFO [main] org.apache.catalina.startup.VersionLoggerListener.log Command line argument: -Xms1g
05-Sep-2025 20:13:36.574 INFO [main] org.apache.catalina.startup.VersionLoggerListener.log Command line argument: -Xmx2g
05-Sep-2025 20:13:36.574 INFO [main] org.apache.catalina.startup.VersionLoggerListener.log Command line argument: -Djava.net.preferIPv4Stack=true
05-Sep-2025 20:13:36.574 INFO [main] org.apache.catalina.startup.VersionLoggerListener.log Command line argument: -Drs.configdir=/config
05-Sep-2025 20:13:36.575 INFO [main] org.apache.catalina.startup.VersionLoggerListener.log Command line argument: -Drs.lucene.dir=/lucene_index
05-Sep-2025 20:13:36.575 INFO [main] org.apache.catalina.startup.VersionLoggerListener.log Command line argument: -Duser.timezone=Europe/Belgrade
05-Sep-2025 20:13:36.575 INFO [main] org.apache.catalina.startup.VersionLoggerListener.log Command line argument: -Djdk.tls.ephemeralDHKeySize=2048
05-Sep-2025 20:13:36.575 INFO [main] org.apache.catalina.startup.VersionLoggerListener.log Command line argument: -Djava.protocol.handler.pkgs=org.apache.catalina.webresources
05-Sep-2025 20:13:36.576 INFO [main] org.apache.catalina.startup.VersionLoggerListener.log Command line argument: -Dsun.io.useCanonCaches=false
05-Sep-2025 20:13:36.576 INFO [main] org.apache.catalina.startup.VersionLoggerListener.log Command line argument: -Dorg.apache.catalina.security.SecurityListener.UMASK=0027
05-Sep-2025 20:13:36.576 INFO [main] org.apache.catalina.startup.VersionLoggerListener.log Command line argument: -Xms1g
05-Sep-2025 20:13:36.577 INFO [main] org.apache.catalina.startup.VersionLoggerListener.log Command line argument: -Xmx2g
05-Sep-2025 20:13:36.577 INFO [main] org.apache.catalina.startup.VersionLoggerListener.log Command line argument: -Djava.net.preferIPv4Stack=true
05-Sep-2025 20:13:36.577 INFO [main] org.apache.catalina.startup.VersionLoggerListener.log Command line argument: -Drs.configdir=/config
05-Sep-2025 20:13:36.577 INFO [main] org.apache.catalina.startup.VersionLoggerListener.log Command line argument: -Drs.lucene.dir=/lucene_index
05-Sep-2025 20:13:36.578 INFO [main] org.apache.catalina.startup.VersionLoggerListener.log Command line argument: -Dignore.endorsed.dirs=
05-Sep-2025 20:13:36.578 INFO [main] org.apache.catalina.startup.VersionLoggerListener.log Command line argument: -Dcatalina.base=/usr/local/tomcat
05-Sep-2025 20:13:36.578 INFO [main] org.apache.catalina.startup.VersionLoggerListener.log Command line argument: -Dcatalina.home=/usr/local/tomcat
05-Sep-2025 20:13:36.579 INFO [main] org.apache.catalina.startup.VersionLoggerListener.log Command line argument: -Djava.io.tmpdir=/usr/local/tomcat/temp
05-Sep-2025 20:13:36.587 INFO [main] org.apache.catalina.core.AprLifecycleListener.lifecycleEvent Loaded Apache Tomcat Native library [1.3.1] using APR version [1.7.2].
05-Sep-2025 20:13:36.588 INFO [main] org.apache.catalina.core.AprLifecycleListener.lifecycleEvent APR capabilities: IPv6 [true], sendfile [true], accept filters [false], random [true], UDS [true].
05-Sep-2025 20:13:36.588 INFO [main] org.apache.catalina.core.AprLifecycleListener.lifecycleEvent APR/OpenSSL configuration: useAprConnector [false], useOpenSSL [true]
05-Sep-2025 20:13:36.596 INFO [main] org.apache.catalina.core.AprLifecycleListener.initializeSSL OpenSSL successfully initialized [OpenSSL 3.0.13 30 Jan 2024]
05-Sep-2025 20:13:37.238 INFO [main] org.apache.coyote.AbstractProtocol.init Initializing ProtocolHandler ["http-nio-8080"]
05-Sep-2025 20:13:37.292 INFO [main] org.apache.catalina.startup.Catalina.load Server initialization in [1140] milliseconds
05-Sep-2025 20:13:37.402 INFO [main] org.apache.catalina.core.StandardService.startInternal Starting service [Catalina]
05-Sep-2025 20:13:37.403 INFO [main] org.apache.catalina.core.StandardEngine.startInternal Starting Servlet engine: [Apache Tomcat/9.0.108]
05-Sep-2025 20:13:37.417 INFO [main] org.apache.catalina.startup.HostConfig.deployDirectory Deploying web application directory [/usr/local/tomcat/webapps/reportserver]
05-Sep-2025 20:13:55.019 INFO [main] org.apache.jasper.servlet.TldScanner.scanJars At least one JAR was scanned for TLDs yet contained no TLDs. Enable debug logging for this logger for a complete list of JARs that were scanned but no TLDs were found in them. Skipping unneeded JARs during scanning can improve startup time and JSP compilation time.
05-Sep-2025 20:14:35.434 INFO [main] org.apache.catalina.startup.HostConfig.deployDirectory Deployment of web application directory [/usr/local/tomcat/webapps/reportserver] has finished in [58,016] ms
05-Sep-2025 20:14:35.450 INFO [main] org.apache.coyote.AbstractProtocol.start Starting ProtocolHandler ["http-nio-8080"]
05-Sep-2025 20:14:35.489 INFO [main] org.apache.catalina.startup.Catalina.start Server startup in [58196] milliseconds
